#
# A fatal error has been detected by the Java Runtime Environment:
#
#  SIGSEGV (0xb) at pc=0x00007fef90049e18, pid=27573, tid=27574
#
# JRE version: OpenJDK Runtime Environment AdoptOpenJDK (15.0.2+7) (build 15.0.2+7)
# Java VM: OpenJDK 64-Bit Server VM AdoptOpenJDK (15.0.2+7, mixed mode, sharing, tiered, compressed oops, g1 gc, linux-amd64)
# Problematic frame:
# C  [libsharedmem.so+0x5e18]  Java_dev_cerus_sharedmem_NativeMemoryMappedFile_readNative+0x100
#
# Core dump will be written. Default location: Core dumps may be processed with "/usr/lib/systemd/systemd-coredump %P %u %g %s %t %c %h" (or dumping to /mnt/nvme/Development/IntelliJ/Workspace/sharedmem/core.27573)
#
# If you would like to submit a bug report, please visit:
#   https://github.com/AdoptOpenJDK/openjdk-support/issues
# The crash happened outside the Java Virtual Machine in native code.
# See problematic frame for where to report the bug.
#

---------------  S U M M A R Y ------------

Command Line: target/sharedmem-1.0.0.jar

Host: AMD Ryzen 5 3600X 6-Core Processor, 12 cores, 15G, Arch Linux
Time: Thu Aug 12 15:10:28 2021 CEST elapsed time: 0.085189 seconds (0d 0h 0m 0s)

---------------  T H R E A D  ---------------

Current thread (0x00007fef8c028120):  JavaThread "main" [_thread_in_native, id=27574, stack(0x00007fef92daa000,0x00007fef92eab000)]

Stack: [0x00007fef92daa000,0x00007fef92eab000],  sp=0x00007fef92ea9550,  free space=1021k
Native frames: (J=compiled Java code, A=aot compiled Java code, j=interpreted, Vv=VM code, C=native code)
C  [libsharedmem.so+0x5e18]  Java_dev_cerus_sharedmem_NativeMemoryMappedFile_readNative+0x100
j  dev.cerus.sharedmem.NativeMemoryMappedFile.readNative(II)[B+0
j  dev.cerus.sharedmem.NativeMemoryMappedFile.read(II)[B+3
j  dev.cerus.sharedmem.Test.main([Ljava/lang/String;)V+35
v  ~StubRoutines::call_stub
V  [libjvm.so+0x7e2425]
V  [libjvm.so+0x86e42a]
V  [libjvm.so+0x870a8e]
C  [libjli.so+0x575d]
C  [libjli.so+0x8769]

Java frames: (J=compiled Java code, j=interpreted, Vv=VM code)
j  dev.cerus.sharedmem.NativeMemoryMappedFile.readNative(II)[B+0
j  dev.cerus.sharedmem.NativeMemoryMappedFile.read(II)[B+3
j  dev.cerus.sharedmem.Test.main([Ljava/lang/String;)V+35
v  ~StubRoutines::call_stub

siginfo: si_signo: 11 (SIGSEGV), si_code: 1 (SEGV_MAPERR), si_addr: 0x0000000000000000

Register to memory mapping:

RAX=0x0 is NULL
RBX=0x00007fef92ea9750 is pointing into the stack for thread: 0x00007fef8c028120
RCX=0x0000000000000003 is an unknown value
RDX=0x0000000000000001 is an unknown value
RSP=0x00007fef92ea9550 is pointing into the stack for thread: 0x00007fef8c028120
RBP=0x00007fef92ea97d0 is pointing into the stack for thread: 0x00007fef8c028120
RSI=0x0000000000000010 is an unknown value
RDI=0x00007fef900504a0: region+0x0000000000000000 in /tmp/javasharedmem/libsharedmem.so at 0x00007fef90044000
R8 =0x00007fef8c2a5c90 points into unknown readable memory: 0x00007fef9446ac00 | 00 ac 46 94 ef 7f 00 00
R9 =0x0000563c4f6f3f80 points into unknown readable memory: 0x0000000000000002 | 02 00 00 00 00 00 00 00
R10=0x00007fef7433e3c1 is at code_begin+897 in an Interpreter codelet
method entry point (kind = native)  [0x00007fef7433e040, 0x00007fef7433e9a0]  2400 bytes
R11=0x0000000000000102 is an unknown value
R12=0x0000000000000200 is an unknown value
R13=0x0 is NULL
R14=0x0000000000000200 is an unknown value
R15=0x0 is NULL


Registers:
RAX=0x0000000000000000, RBX=0x00007fef92ea9750, RCX=0x0000000000000003, RDX=0x0000000000000001
RSP=0x00007fef92ea9550, RBP=0x00007fef92ea97d0, RSI=0x0000000000000010, RDI=0x00007fef900504a0
R8 =0x00007fef8c2a5c90, R9 =0x0000563c4f6f3f80, R10=0x00007fef7433e3c1, R11=0x0000000000000102
R12=0x0000000000000200, R13=0x0000000000000000, R14=0x0000000000000200, R15=0x0000000000000000
RIP=0x00007fef90049e18, EFLAGS=0x0000000000010287, CSGSFS=0x002b000000000033, ERR=0x0000000000000004
  TRAPNO=0x000000000000000e

Top of Stack: (sp=0x00007fef92ea9550)
0x00007fef92ea9550:   0000000000000000 0000000000000000
0x00007fef92ea9560:   0000000000000000 0000000000000000
0x00007fef92ea9570:   0000000000000000 0000000000000002
0x00007fef92ea9580:   0000000000000000 0000000000000000 

Instructions: (pc=0x00007fef90049e18)
0x00007fef90049d18:   55 48 89 e5 41 57 41 56 41 55 41 54 53 48 83 ec
0x00007fef90049d28:   58 48 89 7d 98 48 89 75 90 89 55 8c 89 4d 88 64
0x00007fef90049d38:   48 8b 04 25 28 00 00 00 48 89 45 c8 31 c0 48 89
0x00007fef90049d48:   e0 48 89 c3 83 7d 88 ff 75 14 48 8b 05 2f 62 00
0x00007fef90049d58:   00 48 89 c7 e8 5f f8 ff ff 89 45 a4 eb 06 8b 45
0x00007fef90049d68:   88 89 45 a4 8b 55 a4 48 8b 45 98 89 d6 48 89 c7
0x00007fef90049d78:   e8 e3 f5 ff ff 48 89 45 b0 48 83 7d b0 00 75 0a
0x00007fef90049d88:   b8 00 00 00 00 e9 c6 00 00 00 8b 45 a4 48 63 d0
0x00007fef90049d98:   48 83 ea 01 48 89 55 b8 48 63 d0 49 89 d6 41 bf
0x00007fef90049da8:   00 00 00 00 48 63 d0 49 89 d4 41 bd 00 00 00 00
0x00007fef90049db8:   48 98 ba 10 00 00 00 48 83 ea 01 48 01 d0 be 10
0x00007fef90049dc8:   00 00 00 ba 00 00 00 00 48 f7 f6 48 6b c0 10 48
0x00007fef90049dd8:   29 c4 48 89 e0 48 83 c0 00 48 89 45 c0 48 8b 05
0x00007fef90049de8:   9c 61 00 00 48 89 c7 e8 2c fa ff ff 48 89 c2 8b
0x00007fef90049df8:   45 8c 48 98 48 01 d0 48 89 45 a8 c7 45 a0 00 00
0x00007fef90049e08:   00 00 eb 1f 48 8b 45 a8 48 8d 50 01 48 89 55 a8
0x00007fef90049e18:   0f b6 08 48 8b 55 c0 8b 45 a0 48 98 88 0c 02 83
0x00007fef90049e28:   45 a0 01 8b 45 a0 3b 45 a4 7c d9 48 8b 4d c0 8b
0x00007fef90049e38:   55 a4 48 8b 75 b0 48 8b 45 98 49 89 c8 89 d1 ba
0x00007fef90049e48:   00 00 00 00 48 89 c7 e8 4c f8 ff ff 48 8b 45 b0
0x00007fef90049e58:   48 89 dc 48 8b 55 c8 64 48 2b 14 25 28 00 00 00
0x00007fef90049e68:   74 05 e8 31 f7 ff ff 48 8d 65 d8 5b 41 5c 41 5d
0x00007fef90049e78:   41 5e 41 5f 5d c3 55 48 89 e5 48 83 ec 30 48 89
0x00007fef90049e88:   7d e8 48 89 75 e0 89 55 dc 48 89 4d d0 48 8b 55
0x00007fef90049e98:   d0 48 8b 45 e8 48 89 d6 48 89 c7 e8 08 f5 ff ff
0x00007fef90049ea8:   48 98 48 89 45 f0 48 8b 4d d0 48 8b 45 e8 ba 00
0x00007fef90049eb8:   00 00 00 48 89 ce 48 89 c7 e8 fa f5 ff ff 48 89
0x00007fef90049ec8:   45 f8 48 8b 05 b7 60 00 00 48 89 c7 e8 47 f9 ff
0x00007fef90049ed8:   ff 48 89 c1 48 8b 55 f0 48 8b 45 f8 48 89 c6 48
0x00007fef90049ee8:   89 cf e8 d1 f4 ff ff 48 8b 55 f8 48 8b 75 d0 48
0x00007fef90049ef8:   8b 45 e8 b9 02 00 00 00 48 89 c7 e8 88 f7 ff ff
0x00007fef90049f08:   b8 00 00 00 00 c9 c3 55 48 89 e5 53 48 81 ec 88 


Stack slot to memory mapping:
stack at sp + 0 slots: 0x0 is NULL
stack at sp + 1 slots: 0x0 is NULL
stack at sp + 2 slots: 0x0 is NULL
stack at sp + 3 slots: 0x0 is NULL
stack at sp + 4 slots: 0x0 is NULL
stack at sp + 5 slots: 0x0000000000000002 is an unknown value
stack at sp + 6 slots: 0x0 is NULL
stack at sp + 7 slots: 0x0 is NULL


---------------  P R O C E S S  ---------------

Threads class SMR info:
_java_thread_list=0x00007fef8c23aba0, length=10, elements={
0x00007fef8c028120, 0x00007fef8c1c2a00, 0x00007fef8c1c4140, 0x00007fef8c1caf60,
0x00007fef8c1cc670, 0x00007fef8c1ce290, 0x00007fef8c1cfac0, 0x00007fef8c1d11c0,
0x00007fef8c2365e0, 0x00007fef8c2398e0
}

Java Threads: ( => current thread )
=>0x00007fef8c028120 JavaThread "main" [_thread_in_native, id=27574, stack(0x00007fef92daa000,0x00007fef92eab000)]
  0x00007fef8c1c2a00 JavaThread "Reference Handler" daemon [_thread_blocked, id=27581, stack(0x00007fef5d174000,0x00007fef5d275000)]
  0x00007fef8c1c4140 JavaThread "Finalizer" daemon [_thread_blocked, id=27582, stack(0x00007fef5d073000,0x00007fef5d174000)]
  0x00007fef8c1caf60 JavaThread "Signal Dispatcher" daemon [_thread_blocked, id=27583, stack(0x00007fef5cc8b000,0x00007fef5cd8c000)]
  0x00007fef8c1cc670 JavaThread "Service Thread" daemon [_thread_blocked, id=27584, stack(0x00007fef5cb8a000,0x00007fef5cc8b000)]
  0x00007fef8c1ce290 JavaThread "C2 CompilerThread0" daemon [_thread_blocked, id=27585, stack(0x00007fef5ca89000,0x00007fef5cb8a000)]
  0x00007fef8c1cfac0 JavaThread "C1 CompilerThread0" daemon [_thread_blocked, id=27586, stack(0x00007fef5c988000,0x00007fef5ca89000)]
  0x00007fef8c1d11c0 JavaThread "Sweeper thread" daemon [_thread_blocked, id=27587, stack(0x00007fef5c887000,0x00007fef5c988000)]
  0x00007fef8c2365e0 JavaThread "Notification Thread" daemon [_thread_blocked, id=27588, stack(0x00007fef5c786000,0x00007fef5c887000)]
  0x00007fef8c2398e0 JavaThread "Common-Cleaner" daemon [_thread_blocked, id=27590, stack(0x00007fef5c583000,0x00007fef5c684000)]

Other Threads:
  0x00007fef8c1bfcb0 VMThread "VM Thread" [stack: 0x00007fef5d277000,0x00007fef5d377000] [id=27580]
  0x00007fef8c2381a0 WatcherThread [stack: 0x00007fef5c686000,0x00007fef5c786000] [id=27589]
  0x00007fef8c079060 GCTaskThread "GC Thread#0" [stack: 0x00007fef9049a000,0x00007fef9059a000] [id=27575]
  0x00007fef8c08a2c0 ConcurrentGCThread "G1 Main Marker" [stack: 0x00007fef90398000,0x00007fef90498000] [id=27576]
  0x00007fef8c08b550 ConcurrentGCThread "G1 Conc#0" [stack: 0x00007fef90296000,0x00007fef90396000] [id=27577]
  0x00007fef8c149d90 ConcurrentGCThread "G1 Refine#0" [stack: 0x00007fef5dcfe000,0x00007fef5ddfe000] [id=27578]
  0x00007fef8c14afa0 ConcurrentGCThread "G1 Young RemSet Sampling" [stack: 0x00007fef5dbfc000,0x00007fef5dcfc000] [id=27579]

Threads with active compile tasks:

VM state: not at safepoint (normal execution)

VM Mutex/Monitor currently owned by a thread: None

Heap address: 0x0000000707200000, size: 3982 MB, Compressed Oops mode: Zero based, Oop shift amount: 3
CDS archive(s) mapped at: [0x0000000800000000-0x0000000800b2b000-0x0000000800b2b000), size 11710464, SharedBaseAddress: 0x0000000800000000, ArchiveRelocationMode: 0.
Compressed class space mapped at: 0x0000000800b2c000-0x0000000840b2c000, size: 1073741824
Narrow klass base: 0x0000000800000000, Narrow klass shift: 3, Narrow klass range: 0x100000000

GC Precious Log:
 CPUs: 12 total, 12 available
 Memory: 15924M
 Large Page Support: Disabled
 NUMA Support: Disabled
 Compressed Oops: Enabled (Zero based)
 Heap Region Size: 2M
 Heap Min Capacity: 8M
 Heap Initial Capacity: 250M
 Heap Max Capacity: 3982M
 Pre-touch: Disabled
 Parallel Workers: 10
 Concurrent Workers: 3
 Concurrent Refinement Workers: 10
 Periodic GC: Disabled

Heap:
 garbage-first heap   total 260096K, used 1848K [0x0000000707200000, 0x0000000800000000)
  region size 2048K, 1 young (2048K), 0 survivors (0K)
 Metaspace       used 610K, capacity 4622K, committed 4864K, reserved 1056768K
  class space    used 51K, capacity 407K, committed 512K, reserved 1048576K

Heap Regions: E=young(eden), S=young(survivor), O=old, HS=humongous(starts), HC=humongous(continues), CS=collection set, F=free, OA=open archive, CA=closed archive, TAMS=top-at-mark-start (previous, next)
|   0|0x0000000707200000, 0x0000000707200000, 0x0000000707400000|  0%| F|  |TAMS 0x0000000707200000, 0x0000000707200000| Untracked 
|   1|0x0000000707400000, 0x0000000707400000, 0x0000000707600000|  0%| F|  |TAMS 0x0000000707400000, 0x0000000707400000| Untracked 
|   2|0x0000000707600000, 0x0000000707600000, 0x0000000707800000|  0%| F|  |TAMS 0x0000000707600000, 0x0000000707600000| Untracked 
|   3|0x0000000707800000, 0x0000000707800000, 0x0000000707a00000|  0%| F|  |TAMS 0x0000000707800000, 0x0000000707800000| Untracked 
|   4|0x0000000707a00000, 0x0000000707a00000, 0x0000000707c00000|  0%| F|  |TAMS 0x0000000707a00000, 0x0000000707a00000| Untracked 
|   5|0x0000000707c00000, 0x0000000707c00000, 0x0000000707e00000|  0%| F|  |TAMS 0x0000000707c00000, 0x0000000707c00000| Untracked 
|   6|0x0000000707e00000, 0x0000000707e00000, 0x0000000708000000|  0%| F|  |TAMS 0x0000000707e00000, 0x0000000707e00000| Untracked 
|   7|0x0000000708000000, 0x0000000708000000, 0x0000000708200000|  0%| F|  |TAMS 0x0000000708000000, 0x0000000708000000| Untracked 
|   8|0x0000000708200000, 0x0000000708200000, 0x0000000708400000|  0%| F|  |TAMS 0x0000000708200000, 0x0000000708200000| Untracked 
|   9|0x0000000708400000, 0x0000000708400000, 0x0000000708600000|  0%| F|  |TAMS 0x0000000708400000, 0x0000000708400000| Untracked 
|  10|0x0000000708600000, 0x0000000708600000, 0x0000000708800000|  0%| F|  |TAMS 0x0000000708600000, 0x0000000708600000| Untracked 
|  11|0x0000000708800000, 0x0000000708800000, 0x0000000708a00000|  0%| F|  |TAMS 0x0000000708800000, 0x0000000708800000| Untracked 
|  12|0x0000000708a00000, 0x0000000708a00000, 0x0000000708c00000|  0%| F|  |TAMS 0x0000000708a00000, 0x0000000708a00000| Untracked 
|  13|0x0000000708c00000, 0x0000000708c00000, 0x0000000708e00000|  0%| F|  |TAMS 0x0000000708c00000, 0x0000000708c00000| Untracked 
|  14|0x0000000708e00000, 0x0000000708e00000, 0x0000000709000000|  0%| F|  |TAMS 0x0000000708e00000, 0x0000000708e00000| Untracked 
|  15|0x0000000709000000, 0x0000000709000000, 0x0000000709200000|  0%| F|  |TAMS 0x0000000709000000, 0x0000000709000000| Untracked 
|  16|0x0000000709200000, 0x0000000709200000, 0x0000000709400000|  0%| F|  |TAMS 0x0000000709200000, 0x0000000709200000| Untracked 
|  17|0x0000000709400000, 0x0000000709400000, 0x0000000709600000|  0%| F|  |TAMS 0x0000000709400000, 0x0000000709400000| Untracked 
|  18|0x0000000709600000, 0x0000000709600000, 0x0000000709800000|  0%| F|  |TAMS 0x0000000709600000, 0x0000000709600000| Untracked 
|  19|0x0000000709800000, 0x0000000709800000, 0x0000000709a00000|  0%| F|  |TAMS 0x0000000709800000, 0x0000000709800000| Untracked 
|  20|0x0000000709a00000, 0x0000000709a00000, 0x0000000709c00000|  0%| F|  |TAMS 0x0000000709a00000, 0x0000000709a00000| Untracked 
|  21|0x0000000709c00000, 0x0000000709c00000, 0x0000000709e00000|  0%| F|  |TAMS 0x0000000709c00000, 0x0000000709c00000| Untracked 
|  22|0x0000000709e00000, 0x0000000709e00000, 0x000000070a000000|  0%| F|  |TAMS 0x0000000709e00000, 0x0000000709e00000| Untracked 
|  23|0x000000070a000000, 0x000000070a000000, 0x000000070a200000|  0%| F|  |TAMS 0x000000070a000000, 0x000000070a000000| Untracked 
|  24|0x000000070a200000, 0x000000070a200000, 0x000000070a400000|  0%| F|  |TAMS 0x000000070a200000, 0x000000070a200000| Untracked 
|  25|0x000000070a400000, 0x000000070a400000, 0x000000070a600000|  0%| F|  |TAMS 0x000000070a400000, 0x000000070a400000| Untracked 
|  26|0x000000070a600000, 0x000000070a600000, 0x000000070a800000|  0%| F|  |TAMS 0x000000070a600000, 0x000000070a600000| Untracked 
|  27|0x000000070a800000, 0x000000070a800000, 0x000000070aa00000|  0%| F|  |TAMS 0x000000070a800000, 0x000000070a800000| Untracked 
|  28|0x000000070aa00000, 0x000000070aa00000, 0x000000070ac00000|  0%| F|  |TAMS 0x000000070aa00000, 0x000000070aa00000| Untracked 
|  29|0x000000070ac00000, 0x000000070ac00000, 0x000000070ae00000|  0%| F|  |TAMS 0x000000070ac00000, 0x000000070ac00000| Untracked 
|  30|0x000000070ae00000, 0x000000070ae00000, 0x000000070b000000|  0%| F|  |TAMS 0x000000070ae00000, 0x000000070ae00000| Untracked 
|  31|0x000000070b000000, 0x000000070b000000, 0x000000070b200000|  0%| F|  |TAMS 0x000000070b000000, 0x000000070b000000| Untracked 
|  32|0x000000070b200000, 0x000000070b200000, 0x000000070b400000|  0%| F|  |TAMS 0x000000070b200000, 0x000000070b200000| Untracked 
|  33|0x000000070b400000, 0x000000070b400000, 0x000000070b600000|  0%| F|  |TAMS 0x000000070b400000, 0x000000070b400000| Untracked 
|  34|0x000000070b600000, 0x000000070b600000, 0x000000070b800000|  0%| F|  |TAMS 0x000000070b600000, 0x000000070b600000| Untracked 
|  35|0x000000070b800000, 0x000000070b800000, 0x000000070ba00000|  0%| F|  |TAMS 0x000000070b800000, 0x000000070b800000| Untracked 
|  36|0x000000070ba00000, 0x000000070ba00000, 0x000000070bc00000|  0%| F|  |TAMS 0x000000070ba00000, 0x000000070ba00000| Untracked 
|  37|0x000000070bc00000, 0x000000070bc00000, 0x000000070be00000|  0%| F|  |TAMS 0x000000070bc00000, 0x000000070bc00000| Untracked 
|  38|0x000000070be00000, 0x000000070be00000, 0x000000070c000000|  0%| F|  |TAMS 0x000000070be00000, 0x000000070be00000| Untracked 
|  39|0x000000070c000000, 0x000000070c000000, 0x000000070c200000|  0%| F|  |TAMS 0x000000070c000000, 0x000000070c000000| Untracked 
|  40|0x000000070c200000, 0x000000070c200000, 0x000000070c400000|  0%| F|  |TAMS 0x000000070c200000, 0x000000070c200000| Untracked 
|  41|0x000000070c400000, 0x000000070c400000, 0x000000070c600000|  0%| F|  |TAMS 0x000000070c400000, 0x000000070c400000| Untracked 
|  42|0x000000070c600000, 0x000000070c600000, 0x000000070c800000|  0%| F|  |TAMS 0x000000070c600000, 0x000000070c600000| Untracked 
|  43|0x000000070c800000, 0x000000070c800000, 0x000000070ca00000|  0%| F|  |TAMS 0x000000070c800000, 0x000000070c800000| Untracked 
|  44|0x000000070ca00000, 0x000000070ca00000, 0x000000070cc00000|  0%| F|  |TAMS 0x000000070ca00000, 0x000000070ca00000| Untracked 
|  45|0x000000070cc00000, 0x000000070cc00000, 0x000000070ce00000|  0%| F|  |TAMS 0x000000070cc00000, 0x000000070cc00000| Untracked 
|  46|0x000000070ce00000, 0x000000070ce00000, 0x000000070d000000|  0%| F|  |TAMS 0x000000070ce00000, 0x000000070ce00000| Untracked 
|  47|0x000000070d000000, 0x000000070d000000, 0x000000070d200000|  0%| F|  |TAMS 0x000000070d000000, 0x000000070d000000| Untracked 
|  48|0x000000070d200000, 0x000000070d200000, 0x000000070d400000|  0%| F|  |TAMS 0x000000070d200000, 0x000000070d200000| Untracked 
|  49|0x000000070d400000, 0x000000070d400000, 0x000000070d600000|  0%| F|  |TAMS 0x000000070d400000, 0x000000070d400000| Untracked 
|  50|0x000000070d600000, 0x000000070d600000, 0x000000070d800000|  0%| F|  |TAMS 0x000000070d600000, 0x000000070d600000| Untracked 
|  51|0x000000070d800000, 0x000000070d800000, 0x000000070da00000|  0%| F|  |TAMS 0x000000070d800000, 0x000000070d800000| Untracked 
|  52|0x000000070da00000, 0x000000070da00000, 0x000000070dc00000|  0%| F|  |TAMS 0x000000070da00000, 0x000000070da00000| Untracked 
|  53|0x000000070dc00000, 0x000000070dc00000, 0x000000070de00000|  0%| F|  |TAMS 0x000000070dc00000, 0x000000070dc00000| Untracked 
|  54|0x000000070de00000, 0x000000070de00000, 0x000000070e000000|  0%| F|  |TAMS 0x000000070de00000, 0x000000070de00000| Untracked 
|  55|0x000000070e000000, 0x000000070e000000, 0x000000070e200000|  0%| F|  |TAMS 0x000000070e000000, 0x000000070e000000| Untracked 
|  56|0x000000070e200000, 0x000000070e200000, 0x000000070e400000|  0%| F|  |TAMS 0x000000070e200000, 0x000000070e200000| Untracked 
|  57|0x000000070e400000, 0x000000070e400000, 0x000000070e600000|  0%| F|  |TAMS 0x000000070e400000, 0x000000070e400000| Untracked 
|  58|0x000000070e600000, 0x000000070e600000, 0x000000070e800000|  0%| F|  |TAMS 0x000000070e600000, 0x000000070e600000| Untracked 
|  59|0x000000070e800000, 0x000000070e800000, 0x000000070ea00000|  0%| F|  |TAMS 0x000000070e800000, 0x000000070e800000| Untracked 
|  60|0x000000070ea00000, 0x000000070ea00000, 0x000000070ec00000|  0%| F|  |TAMS 0x000000070ea00000, 0x000000070ea00000| Untracked 
|  61|0x000000070ec00000, 0x000000070ec00000, 0x000000070ee00000|  0%| F|  |TAMS 0x000000070ec00000, 0x000000070ec00000| Untracked 
|  62|0x000000070ee00000, 0x000000070ee00000, 0x000000070f000000|  0%| F|  |TAMS 0x000000070ee00000, 0x000000070ee00000| Untracked 
|  63|0x000000070f000000, 0x000000070f000000, 0x000000070f200000|  0%| F|  |TAMS 0x000000070f000000, 0x000000070f000000| Untracked 
|  64|0x000000070f200000, 0x000000070f200000, 0x000000070f400000|  0%| F|  |TAMS 0x000000070f200000, 0x000000070f200000| Untracked 
|  65|0x000000070f400000, 0x000000070f400000, 0x000000070f600000|  0%| F|  |TAMS 0x000000070f400000, 0x000000070f400000| Untracked 
|  66|0x000000070f600000, 0x000000070f600000, 0x000000070f800000|  0%| F|  |TAMS 0x000000070f600000, 0x000000070f600000| Untracked 
|  67|0x000000070f800000, 0x000000070f800000, 0x000000070fa00000|  0%| F|  |TAMS 0x000000070f800000, 0x000000070f800000| Untracked 
|  68|0x000000070fa00000, 0x000000070fa00000, 0x000000070fc00000|  0%| F|  |TAMS 0x000000070fa00000, 0x000000070fa00000| Untracked 
|  69|0x000000070fc00000, 0x000000070fc00000, 0x000000070fe00000|  0%| F|  |TAMS 0x000000070fc00000, 0x000000070fc00000| Untracked 
|  70|0x000000070fe00000, 0x000000070fe00000, 0x0000000710000000|  0%| F|  |TAMS 0x000000070fe00000, 0x000000070fe00000| Untracked 
|  71|0x0000000710000000, 0x0000000710000000, 0x0000000710200000|  0%| F|  |TAMS 0x0000000710000000, 0x0000000710000000| Untracked 
|  72|0x0000000710200000, 0x0000000710200000, 0x0000000710400000|  0%| F|  |TAMS 0x0000000710200000, 0x0000000710200000| Untracked 
|  73|0x0000000710400000, 0x0000000710400000, 0x0000000710600000|  0%| F|  |TAMS 0x0000000710400000, 0x0000000710400000| Untracked 
|  74|0x0000000710600000, 0x0000000710600000, 0x0000000710800000|  0%| F|  |TAMS 0x0000000710600000, 0x0000000710600000| Untracked 
|  75|0x0000000710800000, 0x0000000710800000, 0x0000000710a00000|  0%| F|  |TAMS 0x0000000710800000, 0x0000000710800000| Untracked 
|  76|0x0000000710a00000, 0x0000000710a00000, 0x0000000710c00000|  0%| F|  |TAMS 0x0000000710a00000, 0x0000000710a00000| Untracked 
|  77|0x0000000710c00000, 0x0000000710c00000, 0x0000000710e00000|  0%| F|  |TAMS 0x0000000710c00000, 0x0000000710c00000| Untracked 
|  78|0x0000000710e00000, 0x0000000710e00000, 0x0000000711000000|  0%| F|  |TAMS 0x0000000710e00000, 0x0000000710e00000| Untracked 
|  79|0x0000000711000000, 0x0000000711000000, 0x0000000711200000|  0%| F|  |TAMS 0x0000000711000000, 0x0000000711000000| Untracked 
|  80|0x0000000711200000, 0x0000000711200000, 0x0000000711400000|  0%| F|  |TAMS 0x0000000711200000, 0x0000000711200000| Untracked 
|  81|0x0000000711400000, 0x0000000711400000, 0x0000000711600000|  0%| F|  |TAMS 0x0000000711400000, 0x0000000711400000| Untracked 
|  82|0x0000000711600000, 0x0000000711600000, 0x0000000711800000|  0%| F|  |TAMS 0x0000000711600000, 0x0000000711600000| Untracked 
|  83|0x0000000711800000, 0x0000000711800000, 0x0000000711a00000|  0%| F|  |TAMS 0x0000000711800000, 0x0000000711800000| Untracked 
|  84|0x0000000711a00000, 0x0000000711a00000, 0x0000000711c00000|  0%| F|  |TAMS 0x0000000711a00000, 0x0000000711a00000| Untracked 
|  85|0x0000000711c00000, 0x0000000711c00000, 0x0000000711e00000|  0%| F|  |TAMS 0x0000000711c00000, 0x0000000711c00000| Untracked 
|  86|0x0000000711e00000, 0x0000000711e00000, 0x0000000712000000|  0%| F|  |TAMS 0x0000000711e00000, 0x0000000711e00000| Untracked 
|  87|0x0000000712000000, 0x0000000712000000, 0x0000000712200000|  0%| F|  |TAMS 0x0000000712000000, 0x0000000712000000| Untracked 
|  88|0x0000000712200000, 0x0000000712200000, 0x0000000712400000|  0%| F|  |TAMS 0x0000000712200000, 0x0000000712200000| Untracked 
|  89|0x0000000712400000, 0x0000000712400000, 0x0000000712600000|  0%| F|  |TAMS 0x0000000712400000, 0x0000000712400000| Untracked 
|  90|0x0000000712600000, 0x0000000712600000, 0x0000000712800000|  0%| F|  |TAMS 0x0000000712600000, 0x0000000712600000| Untracked 
|  91|0x0000000712800000, 0x0000000712800000, 0x0000000712a00000|  0%| F|  |TAMS 0x0000000712800000, 0x0000000712800000| Untracked 
|  92|0x0000000712a00000, 0x0000000712a00000, 0x0000000712c00000|  0%| F|  |TAMS 0x0000000712a00000, 0x0000000712a00000| Untracked 
|  93|0x0000000712c00000, 0x0000000712c00000, 0x0000000712e00000|  0%| F|  |TAMS 0x0000000712c00000, 0x0000000712c00000| Untracked 
|  94|0x0000000712e00000, 0x0000000712e00000, 0x0000000713000000|  0%| F|  |TAMS 0x0000000712e00000, 0x0000000712e00000| Untracked 
|  95|0x0000000713000000, 0x0000000713000000, 0x0000000713200000|  0%| F|  |TAMS 0x0000000713000000, 0x0000000713000000| Untracked 
|  96|0x0000000713200000, 0x0000000713200000, 0x0000000713400000|  0%| F|  |TAMS 0x0000000713200000, 0x0000000713200000| Untracked 
|  97|0x0000000713400000, 0x0000000713400000, 0x0000000713600000|  0%| F|  |TAMS 0x0000000713400000, 0x0000000713400000| Untracked 
|  98|0x0000000713600000, 0x0000000713600000, 0x0000000713800000|  0%| F|  |TAMS 0x0000000713600000, 0x0000000713600000| Untracked 
|  99|0x0000000713800000, 0x0000000713800000, 0x0000000713a00000|  0%| F|  |TAMS 0x0000000713800000, 0x0000000713800000| Untracked 
| 100|0x0000000713a00000, 0x0000000713a00000, 0x0000000713c00000|  0%| F|  |TAMS 0x0000000713a00000, 0x0000000713a00000| Untracked 
| 101|0x0000000713c00000, 0x0000000713c00000, 0x0000000713e00000|  0%| F|  |TAMS 0x0000000713c00000, 0x0000000713c00000| Untracked 
| 102|0x0000000713e00000, 0x0000000713e00000, 0x0000000714000000|  0%| F|  |TAMS 0x0000000713e00000, 0x0000000713e00000| Untracked 
| 103|0x0000000714000000, 0x0000000714000000, 0x0000000714200000|  0%| F|  |TAMS 0x0000000714000000, 0x0000000714000000| Untracked 
| 104|0x0000000714200000, 0x0000000714200000, 0x0000000714400000|  0%| F|  |TAMS 0x0000000714200000, 0x0000000714200000| Untracked 
| 105|0x0000000714400000, 0x0000000714400000, 0x0000000714600000|  0%| F|  |TAMS 0x0000000714400000, 0x0000000714400000| Untracked 
| 106|0x0000000714600000, 0x0000000714600000, 0x0000000714800000|  0%| F|  |TAMS 0x0000000714600000, 0x0000000714600000| Untracked 
| 107|0x0000000714800000, 0x0000000714800000, 0x0000000714a00000|  0%| F|  |TAMS 0x0000000714800000, 0x0000000714800000| Untracked 
| 108|0x0000000714a00000, 0x0000000714a00000, 0x0000000714c00000|  0%| F|  |TAMS 0x0000000714a00000, 0x0000000714a00000| Untracked 
| 109|0x0000000714c00000, 0x0000000714c00000, 0x0000000714e00000|  0%| F|  |TAMS 0x0000000714c00000, 0x0000000714c00000| Untracked 
| 110|0x0000000714e00000, 0x0000000714e00000, 0x0000000715000000|  0%| F|  |TAMS 0x0000000714e00000, 0x0000000714e00000| Untracked 
| 111|0x0000000715000000, 0x0000000715000000, 0x0000000715200000|  0%| F|  |TAMS 0x0000000715000000, 0x0000000715000000| Untracked 
| 112|0x0000000715200000, 0x0000000715200000, 0x0000000715400000|  0%| F|  |TAMS 0x0000000715200000, 0x0000000715200000| Untracked 
| 113|0x0000000715400000, 0x0000000715400000, 0x0000000715600000|  0%| F|  |TAMS 0x0000000715400000, 0x0000000715400000| Untracked 
| 114|0x0000000715600000, 0x0000000715600000, 0x0000000715800000|  0%| F|  |TAMS 0x0000000715600000, 0x0000000715600000| Untracked 
| 115|0x0000000715800000, 0x0000000715800000, 0x0000000715a00000|  0%| F|  |TAMS 0x0000000715800000, 0x0000000715800000| Untracked 
| 116|0x0000000715a00000, 0x0000000715a00000, 0x0000000715c00000|  0%| F|  |TAMS 0x0000000715a00000, 0x0000000715a00000| Untracked 
| 117|0x0000000715c00000, 0x0000000715c00000, 0x0000000715e00000|  0%| F|  |TAMS 0x0000000715c00000, 0x0000000715c00000| Untracked 
| 118|0x0000000715e00000, 0x0000000715e00000, 0x0000000716000000|  0%| F|  |TAMS 0x0000000715e00000, 0x0000000715e00000| Untracked 
| 119|0x0000000716000000, 0x0000000716000000, 0x0000000716200000|  0%| F|  |TAMS 0x0000000716000000, 0x0000000716000000| Untracked 
| 120|0x0000000716200000, 0x0000000716200000, 0x0000000716400000|  0%| F|  |TAMS 0x0000000716200000, 0x0000000716200000| Untracked 
| 121|0x0000000716400000, 0x0000000716400000, 0x0000000716600000|  0%| F|  |TAMS 0x0000000716400000, 0x0000000716400000| Untracked 
| 122|0x0000000716600000, 0x0000000716600000, 0x0000000716800000|  0%| F|  |TAMS 0x0000000716600000, 0x0000000716600000| Untracked 
| 123|0x0000000716800000, 0x0000000716800000, 0x0000000716a00000|  0%| F|  |TAMS 0x0000000716800000, 0x0000000716800000| Untracked 
| 124|0x0000000716a00000, 0x0000000716bc2d88, 0x0000000716c00000| 88%| E|  |TAMS 0x0000000716a00000, 0x0000000716a00000| Complete 
|1989|0x00000007ffc00000, 0x00000007ffd52000, 0x00000007ffe00000| 66%|OA|  |TAMS 0x00000007ffc00000, 0x00000007ffc00000| Untracked 
|1990|0x00000007ffe00000, 0x00000007ffe7c000, 0x0000000800000000| 24%|CA|  |TAMS 0x00000007ffe00000, 0x00000007ffe00000| Untracked 

Card table byte_map: [0x00007fef90de2000,0x00007fef915a9000] _byte_map_base: 0x00007fef8d5a9000

Marking Bits (Prev, Next): (CMBitMap*) 0x00007fef8c079e00, (CMBitMap*) 0x00007fef8c079e40
 Prev Bits: [0x00007fef704f7000, 0x00007fef7432f000)
 Next Bits: [0x00007fef6c6bf000, 0x00007fef704f7000)

Polling page: 0x00007fef94984000

Metaspace:

Usage:
  Non-class:      4.12 MB capacity,   558.69 KB ( 13%) used,     3.57 MB ( 87%) free+waste,     2.81 KB ( <1%) overhead. 
      Class:    407.00 KB capacity,    51.59 KB ( 13%) used,   354.09 KB ( 87%) free+waste,     1.31 KB ( <1%) overhead. 
       Both:      4.51 MB capacity,   610.28 KB ( 13%) used,     3.91 MB ( 87%) free+waste,     4.12 KB ( <1%) overhead. 

Virtual space:
  Non-class space:        8.00 MB reserved,       4.25 MB ( 53%) committed 
      Class space:        1.00 GB reserved,     512.00 KB ( <1%) committed 
             Both:        1.01 GB reserved,       4.75 MB ( <1%) committed 

Chunk freelists:
   Non-Class:  41.00 KB
       Class:  1.00 KB
        Both:  42.00 KB

MaxMetaspaceSize: 17179869184.00 GB
CompressedClassSpaceSize: 1.00 GB

CodeHeap 'non-profiled nmethods': size=120028Kb used=63Kb max_used=63Kb free=119964Kb
 bounds [0x00007fef7bdf8000, 0x00007fef7c068000, 0x00007fef8332f000]
CodeHeap 'profiled nmethods': size=120028Kb used=251Kb max_used=251Kb free=119776Kb
 bounds [0x00007fef748c1000, 0x00007fef74b31000, 0x00007fef7bdf8000]
CodeHeap 'non-nmethods': size=5704Kb used=1102Kb max_used=1115Kb free=4601Kb
 bounds [0x00007fef7432f000, 0x00007fef7459f000, 0x00007fef748c1000]
 total_blobs=537 nmethods=193 adapters=258
 compilation: enabled
              stopped_count=0, restarted_count=0
 full_count=0

Compilation events (20 events):
Event: 0.066 Thread 0x00007fef8c1cfac0  181       3       java.util.ImmutableCollections$ListN::size (6 bytes)
Event: 0.066 Thread 0x00007fef8c1cfac0 nmethod 181 0x00007fef748fa410 code [0x00007fef748fa5a0, 0x00007fef748fa6b0]
Event: 0.066 Thread 0x00007fef8c1cfac0  182       3       java.lang.invoke.LambdaForm$Name::<init> (44 bytes)
Event: 0.066 Thread 0x00007fef8c1cfac0 nmethod 182 0x00007fef748fa790 code [0x00007fef748fa9a0, 0x00007fef748faf60]
Event: 0.066 Thread 0x00007fef8c1cfac0  185       3       java.lang.invoke.LambdaForm$Name::lastUseIndex (36 bytes)
Event: 0.066 Thread 0x00007fef8c1cfac0 nmethod 185 0x00007fef748fb290 code [0x00007fef748fb440, 0x00007fef748fb6d0]
Event: 0.066 Thread 0x00007fef8c1cfac0  186       3       jdk.internal.org.objectweb.asm.MethodWriter::visitVarInsn (302 bytes)
Event: 0.067 Thread 0x00007fef8c1cfac0 nmethod 186 0x00007fef748fb810 code [0x00007fef748fba60, 0x00007fef748fc3e0]
Event: 0.067 Thread 0x00007fef8c1cfac0  180   !   3       java.lang.invoke.MemberName::getFieldType (177 bytes)
Event: 0.067 Thread 0x00007fef8c1cfac0 nmethod 180 0x00007fef748fc690 code [0x00007fef748fc9a0, 0x00007fef748fdf30]
Event: 0.067 Thread 0x00007fef8c1cfac0  183       3       java.lang.ref.Reference::<init> (25 bytes)
Event: 0.067 Thread 0x00007fef8c1cfac0 nmethod 183 0x00007fef748fe610 code [0x00007fef748fe7c0, 0x00007fef748fea30]
Event: 0.067 Thread 0x00007fef8c1cfac0  187       1       java.lang.invoke.LambdaForm$NamedFunction::intrinsicName (5 bytes)
Event: 0.067 Thread 0x00007fef8c1cfac0 nmethod 187 0x00007fef7be07610 code [0x00007fef7be077a0, 0x00007fef7be07850]
Event: 0.068 Thread 0x00007fef8c1cfac0  190       3       java.util.Arrays::copyOf (19 bytes)
Event: 0.068 Thread 0x00007fef8c1cfac0 nmethod 190 0x00007fef748feb10 code [0x00007fef748fecc0, 0x00007fef748fefa0]
Event: 0.068 Thread 0x00007fef8c1cfac0  191       3       java.lang.String::<init> (15 bytes)
Event: 0.068 Thread 0x00007fef8c1cfac0 nmethod 191 0x00007fef748ff110 code [0x00007fef748ff2a0, 0x00007fef748ff450]
Event: 0.068 Thread 0x00007fef8c1cfac0  192       3       java.lang.AbstractStringBuilder::newCapacity (59 bytes)
Event: 0.069 Thread 0x00007fef8c1cfac0 nmethod 192 0x00007fef748ff510 code [0x00007fef748ff700, 0x00007fef748ffc50]

GC Heap History (0 events):
No events

Deoptimization events (0 events):
No events

Classes unloaded (0 events):
No events

Classes redefined (0 events):
No events

Internal exceptions (0 events):
No events

Events (20 events):
Event: 0.059 loading class sun/net/www/protocol/jar/URLJarFile done
Event: 0.060 loading class sun/nio/fs/UnixFileKey
Event: 0.060 loading class sun/nio/fs/UnixFileKey done
Event: 0.060 loading class sun/net/www/protocol/jar/URLJarFile$URLJarFileEntry
Event: 0.060 loading class sun/net/www/protocol/jar/URLJarFile$URLJarFileEntry done
Event: 0.060 loading class sun/net/www/protocol/jar/JarURLConnection$JarURLInputStream
Event: 0.060 loading class sun/net/www/protocol/jar/JarURLConnection$JarURLInputStream done
Event: 0.061 loading class java/io/FileOutputStream$1
Event: 0.061 loading class java/io/FileOutputStream$1 done
Event: 0.063 loading class java/lang/invoke/BoundMethodHandle$Species_LLLLLL
Event: 0.063 loading class java/lang/invoke/BoundMethodHandle$Species_LLLLLL done
Event: 0.064 loading class java/lang/invoke/BoundMethodHandle$Species_LLLLLLL
Event: 0.064 loading class java/lang/invoke/BoundMethodHandle$Species_LLLLLLL done
Event: 0.065 loading class java/lang/invoke/BoundMethodHandle$Species_LLLLLLLL
Event: 0.065 loading class java/lang/invoke/BoundMethodHandle$Species_LLLLLLLL done
Event: 0.066 loading class java/lang/invoke/BoundMethodHandle$Species_LLLLLLLLL
Event: 0.066 loading class java/lang/invoke/BoundMethodHandle$Species_LLLLLLLLL done
Event: 0.068 Loaded shared library /tmp/javasharedmem/libsharedmem.so
Event: 0.069 loading class java/lang/NoSuchFieldError
Event: 0.069 loading class java/lang/NoSuchFieldError done


Dynamic libraries:
707200000-716c00000 rw-p 00000000 00:00 0 
716c00000-7ffc00000 ---p 00000000 00:00 0 
7ffc00000-7ffd00000 rw-p 00000000 00:00 0 
7ffd00000-7ffd52000 rw-p 00bdc000 103:06 56624133                        /usr/lib/jvm/java-15-adoptopenjdk/lib/server/classes.jsa
7ffd52000-7ffe00000 rw-p 00000000 00:00 0 
7ffe00000-7ffe7c000 rw-p 00b60000 103:06 56624133                        /usr/lib/jvm/java-15-adoptopenjdk/lib/server/classes.jsa
7ffe7c000-800000000 rw-p 00000000 00:00 0 
800000000-800003000 rwxp 00001000 103:06 56624133                        /usr/lib/jvm/java-15-adoptopenjdk/lib/server/classes.jsa
800003000-8003e3000 rw-p 00004000 103:06 56624133                        /usr/lib/jvm/java-15-adoptopenjdk/lib/server/classes.jsa
8003e3000-800b2b000 r--p 003e4000 103:06 56624133                        /usr/lib/jvm/java-15-adoptopenjdk/lib/server/classes.jsa
800b2b000-800b2c000 ---p 00000000 00:00 0 
800b2c000-800bac000 rw-p 00000000 00:00 0 
800bac000-840b2c000 ---p 00000000 00:00 0 
563c4e200000-563c4e201000 r-xp 00000000 103:06 56623968                  /usr/lib/jvm/java-15-adoptopenjdk/bin/java
563c4e401000-563c4e402000 r--p 00001000 103:06 56623968                  /usr/lib/jvm/java-15-adoptopenjdk/bin/java
563c4e402000-563c4e403000 rw-p 00002000 103:06 56623968                  /usr/lib/jvm/java-15-adoptopenjdk/bin/java
563c4f6de000-563c4f6ff000 rw-p 00000000 00:00 0                          [heap]
7fef27be1000-7fef27c7a000 r--p 00000000 103:06 37753003                  /usr/lib/libstdc++.so.6.0.29
7fef27c7a000-7fef27d7a000 r-xp 00099000 103:06 37753003                  /usr/lib/libstdc++.so.6.0.29
7fef27d7a000-7fef27de6000 r--p 00199000 103:06 37753003                  /usr/lib/libstdc++.so.6.0.29
7fef27de6000-7fef27df3000 r--p 00204000 103:06 37753003                  /usr/lib/libstdc++.so.6.0.29
7fef27df3000-7fef27df4000 rw-p 00211000 103:06 37753003                  /usr/lib/libstdc++.so.6.0.29
7fef27df4000-7fef27df7000 rw-p 00000000 00:00 0 
7fef27df7000-7fef27dfe000 r-xp 00000000 103:06 56624123                  /usr/lib/jvm/java-15-adoptopenjdk/lib/libzip.so
7fef27dfe000-7fef27ffe000 ---p 00007000 103:06 56624123                  /usr/lib/jvm/java-15-adoptopenjdk/lib/libzip.so
7fef27ffe000-7fef27fff000 r--p 00007000 103:06 56624123                  /usr/lib/jvm/java-15-adoptopenjdk/lib/libzip.so
7fef27fff000-7fef28000000 rw-p 00008000 103:06 56624123                  /usr/lib/jvm/java-15-adoptopenjdk/lib/libzip.so
7fef28000000-7fef28021000 rw-p 00000000 00:00 0 
7fef28021000-7fef2c000000 ---p 00000000 00:00 0 
7fef2c000000-7fef2c021000 rw-p 00000000 00:00 0 
7fef2c021000-7fef30000000 ---p 00000000 00:00 0 
7fef30000000-7fef30021000 rw-p 00000000 00:00 0 
7fef30021000-7fef34000000 ---p 00000000 00:00 0 
7fef34000000-7fef34021000 rw-p 00000000 00:00 0 
7fef34021000-7fef38000000 ---p 00000000 00:00 0 
7fef38000000-7fef380f7000 rw-p 00000000 00:00 0 
7fef380f7000-7fef3c000000 ---p 00000000 00:00 0 
7fef3c000000-7fef3c151000 rw-p 00000000 00:00 0 
7fef3c151000-7fef40000000 ---p 00000000 00:00 0 
7fef40000000-7fef40021000 rw-p 00000000 00:00 0 
7fef40021000-7fef44000000 ---p 00000000 00:00 0 
7fef44000000-7fef44021000 rw-p 00000000 00:00 0 
7fef44021000-7fef48000000 ---p 00000000 00:00 0 
7fef48000000-7fef48021000 rw-p 00000000 00:00 0 
7fef48021000-7fef4c000000 ---p 00000000 00:00 0 
7fef4c000000-7fef4c021000 rw-p 00000000 00:00 0 
7fef4c021000-7fef50000000 ---p 00000000 00:00 0 
7fef50000000-7fef50021000 rw-p 00000000 00:00 0 
7fef50021000-7fef54000000 ---p 00000000 00:00 0 
7fef54000000-7fef54021000 rw-p 00000000 00:00 0 
7fef54021000-7fef58000000 ---p 00000000 00:00 0 
7fef58000000-7fef58021000 rw-p 00000000 00:00 0 
7fef58021000-7fef5c000000 ---p 00000000 00:00 0 
7fef5c15b000-7fef5c16f000 r-xp 00000000 103:06 56624114                  /usr/lib/jvm/java-15-adoptopenjdk/lib/libnet.so
7fef5c16f000-7fef5c36f000 ---p 00014000 103:06 56624114                  /usr/lib/jvm/java-15-adoptopenjdk/lib/libnet.so
7fef5c36f000-7fef5c370000 r--p 00014000 103:06 56624114                  /usr/lib/jvm/java-15-adoptopenjdk/lib/libnet.so
7fef5c370000-7fef5c371000 rw-p 00015000 103:06 56624114                  /usr/lib/jvm/java-15-adoptopenjdk/lib/libnet.so
7fef5c371000-7fef5c382000 r-xp 00000000 103:06 56624115                  /usr/lib/jvm/java-15-adoptopenjdk/lib/libnio.so
7fef5c382000-7fef5c581000 ---p 00011000 103:06 56624115                  /usr/lib/jvm/java-15-adoptopenjdk/lib/libnio.so
7fef5c581000-7fef5c582000 r--p 00010000 103:06 56624115                  /usr/lib/jvm/java-15-adoptopenjdk/lib/libnio.so
7fef5c582000-7fef5c583000 rw-p 00011000 103:06 56624115                  /usr/lib/jvm/java-15-adoptopenjdk/lib/libnio.so
7fef5c583000-7fef5c587000 ---p 00000000 00:00 0 
7fef5c587000-7fef5c684000 rw-p 00000000 00:00 0 
7fef5c684000-7fef5c685000 ---p 00000000 00:00 0 
7fef5c685000-7fef5c786000 rw-p 00000000 00:00 0 
7fef5c786000-7fef5c78a000 ---p 00000000 00:00 0 
7fef5c78a000-7fef5c887000 rw-p 00000000 00:00 0 
7fef5c887000-7fef5c88b000 ---p 00000000 00:00 0 
7fef5c88b000-7fef5c988000 rw-p 00000000 00:00 0 
7fef5c988000-7fef5c98c000 ---p 00000000 00:00 0 
7fef5c98c000-7fef5ca89000 rw-p 00000000 00:00 0 
7fef5ca89000-7fef5ca8d000 ---p 00000000 00:00 0 
7fef5ca8d000-7fef5cb8a000 rw-p 00000000 00:00 0 
7fef5cb8a000-7fef5cb8e000 ---p 00000000 00:00 0 
7fef5cb8e000-7fef5cc8b000 rw-p 00000000 00:00 0 
7fef5cc8b000-7fef5cc8f000 ---p 00000000 00:00 0 
7fef5cc8f000-7fef5cd8c000 rw-p 00000000 00:00 0 
7fef5cd8c000-7fef5d073000 r--p 00000000 103:06 37804465                  /usr/lib/locale/locale-archive
7fef5d073000-7fef5d077000 ---p 00000000 00:00 0 
7fef5d077000-7fef5d174000 rw-p 00000000 00:00 0 
7fef5d174000-7fef5d178000 ---p 00000000 00:00 0 
7fef5d178000-7fef5d275000 rw-p 00000000 00:00 0 
7fef5d275000-7fef5d276000 ---p 00000000 00:00 0 
7fef5d276000-7fef5d838000 rw-p 00000000 00:00 0 
7fef5d838000-7fef5dbf8000 ---p 00000000 00:00 0 
7fef5dbfa000-7fef5dbfb000 ---p 00000000 00:00 0 
7fef5dbfb000-7fef5dcfc000 rw-p 00000000 00:00 0 
7fef5dcfc000-7fef5dcfd000 ---p 00000000 00:00 0 
7fef5dcfd000-7fef60000000 rw-p 00000000 00:00 0 
7fef60000000-7fef60021000 rw-p 00000000 00:00 0 
7fef60021000-7fef64000000 ---p 00000000 00:00 0 
7fef64000000-7fef64021000 rw-p 00000000 00:00 0 
7fef64021000-7fef68000000 ---p 00000000 00:00 0 
7fef68000000-7fef68021000 rw-p 00000000 00:00 0 
7fef68021000-7fef6c000000 ---p 00000000 00:00 0 
7fef6c043000-7fef6c046000 r--p 00000000 103:06 37752971                  /usr/lib/libgcc_s.so.1
7fef6c046000-7fef6c058000 r-xp 00003000 103:06 37752971                  /usr/lib/libgcc_s.so.1
7fef6c058000-7fef6c05b000 r--p 00015000 103:06 37752971                  /usr/lib/libgcc_s.so.1
7fef6c05b000-7fef6c05c000 ---p 00018000 103:06 37752971                  /usr/lib/libgcc_s.so.1
7fef6c05c000-7fef6c05d000 r--p 00018000 103:06 37752971                  /usr/lib/libgcc_s.so.1
7fef6c05d000-7fef6c05e000 rw-p 00019000 103:06 37752971                  /usr/lib/libgcc_s.so.1
7fef6c05e000-7fef6caa7000 rw-p 00000000 00:00 0 
7fef6caa7000-7fef704e7000 ---p 00000000 00:00 0 
7fef704e7000-7fef708df000 rw-p 00000000 00:00 0 
7fef708df000-7fef7431f000 ---p 00000000 00:00 0 
7fef7431f000-7fef7432f000 rw-p 00000000 00:00 0 
7fef7432f000-7fef7459f000 rwxp 00000000 00:00 0 
7fef7459f000-7fef748c1000 ---p 00000000 00:00 0 
7fef748c1000-7fef74b31000 rwxp 00000000 00:00 0 
7fef74b31000-7fef7bdf8000 ---p 00000000 00:00 0 
7fef7bdf8000-7fef7c068000 rwxp 00000000 00:00 0 
7fef7c068000-7fef8332f000 ---p 00000000 00:00 0 
7fef8332f000-7fef8c000000 r--s 00000000 103:06 56624124                  /usr/lib/jvm/java-15-adoptopenjdk/lib/modules
7fef8c000000-7fef8c2c2000 rw-p 00000000 00:00 0 
7fef8c2c2000-7fef90000000 ---p 00000000 00:00 0 
7fef90044000-7fef90049000 r--p 00000000 00:23 8035                       /tmp/javasharedmem/libsharedmem.so
7fef90049000-7fef9004d000 r-xp 00005000 00:23 8035                       /tmp/javasharedmem/libsharedmem.so
7fef9004d000-7fef9004f000 r--p 00009000 00:23 8035                       /tmp/javasharedmem/libsharedmem.so
7fef9004f000-7fef90050000 r--p 0000a000 00:23 8035                       /tmp/javasharedmem/libsharedmem.so
7fef90050000-7fef90051000 rw-p 0000b000 00:23 8035                       /tmp/javasharedmem/libsharedmem.so
7fef90051000-7fef90294000 rw-p 00000000 00:00 0 
7fef90294000-7fef90295000 ---p 00000000 00:00 0 
7fef90295000-7fef90396000 rw-p 00000000 00:00 0 
7fef90396000-7fef90397000 ---p 00000000 00:00 0 
7fef90397000-7fef90498000 rw-p 00000000 00:00 0 
7fef90498000-7fef90499000 ---p 00000000 00:00 0 
7fef90499000-7fef90698000 rw-p 00000000 00:00 0 
7fef90698000-7fef90de0000 ---p 00000000 00:00 0 
7fef90de0000-7fef90e5f000 rw-p 00000000 00:00 0 
7fef90e5f000-7fef915a7000 ---p 00000000 00:00 0 
7fef915a7000-7fef91626000 rw-p 00000000 00:00 0 
7fef91626000-7fef91d6e000 ---p 00000000 00:00 0 
7fef91d6e000-7fef9277f000 rw-p 00000000 00:00 0 
7fef9277f000-7fef92865000 ---p 00000000 00:00 0 
7fef92865000-7fef9286a000 rw-p 00000000 00:00 0 
7fef9286a000-7fef92950000 ---p 00000000 00:00 0 
7fef92950000-7fef92955000 rw-p 00000000 00:00 0 
7fef92955000-7fef9295c000 ---p 00000000 00:00 0 
7fef9295c000-7fef92980000 r-xp 00000000 103:06 56624101                  /usr/lib/jvm/java-15-adoptopenjdk/lib/libjava.so
7fef92980000-7fef92b7f000 ---p 00024000 103:06 56624101                  /usr/lib/jvm/java-15-adoptopenjdk/lib/libjava.so
7fef92b7f000-7fef92b80000 r--p 00023000 103:06 56624101                  /usr/lib/jvm/java-15-adoptopenjdk/lib/libjava.so
7fef92b80000-7fef92b81000 rw-p 00024000 103:06 56624101                  /usr/lib/jvm/java-15-adoptopenjdk/lib/libjava.so
7fef92b81000-7fef92b82000 rw-p 00000000 00:00 0 
7fef92b82000-7fef92b9d000 r-xp 00000000 103:06 56624105                  /usr/lib/jvm/java-15-adoptopenjdk/lib/libjimage.so
7fef92b9d000-7fef92d9c000 ---p 0001b000 103:06 56624105                  /usr/lib/jvm/java-15-adoptopenjdk/lib/libjimage.so
7fef92d9c000-7fef92d9e000 r--p 0001a000 103:06 56624105                  /usr/lib/jvm/java-15-adoptopenjdk/lib/libjimage.so
7fef92d9e000-7fef92d9f000 rw-p 0001c000 103:06 56624105                  /usr/lib/jvm/java-15-adoptopenjdk/lib/libjimage.so
7fef92d9f000-7fef92da2000 r--p 00000000 103:06 37752233                  /usr/lib/librt-2.33.so
7fef92da2000-7fef92da6000 r-xp 00003000 103:06 37752233                  /usr/lib/librt-2.33.so
7fef92da6000-7fef92da8000 r--p 00007000 103:06 37752233                  /usr/lib/librt-2.33.so
7fef92da8000-7fef92da9000 r--p 00008000 103:06 37752233                  /usr/lib/librt-2.33.so
7fef92da9000-7fef92daa000 rw-p 00009000 103:06 37752233                  /usr/lib/librt-2.33.so
7fef92daa000-7fef92dae000 ---p 00000000 00:00 0 
7fef92dae000-7fef92eab000 rw-p 00000000 00:00 0 
7fef92eab000-7fef92eba000 r--p 00000000 103:06 37752191                  /usr/lib/libm-2.33.so
7fef92eba000-7fef92f54000 r-xp 0000f000 103:06 37752191                  /usr/lib/libm-2.33.so
7fef92f54000-7fef92fec000 r--p 000a9000 103:06 37752191                  /usr/lib/libm-2.33.so
7fef92fec000-7fef92fed000 ---p 00141000 103:06 37752191                  /usr/lib/libm-2.33.so
7fef92fed000-7fef92fee000 r--p 00141000 103:06 37752191                  /usr/lib/libm-2.33.so
7fef92fee000-7fef92fef000 rw-p 00142000 103:06 37752191                  /usr/lib/libm-2.33.so
7fef92fef000-7fef941db000 r-xp 00000000 103:06 56624136                  /usr/lib/jvm/java-15-adoptopenjdk/lib/server/libjvm.so
7fef941db000-7fef943db000 ---p 011ec000 103:06 56624136                  /usr/lib/jvm/java-15-adoptopenjdk/lib/server/libjvm.so
7fef943db000-7fef94478000 r--p 011ec000 103:06 56624136                  /usr/lib/jvm/java-15-adoptopenjdk/lib/server/libjvm.so
7fef94478000-7fef944b1000 rw-p 01289000 103:06 56624136                  /usr/lib/jvm/java-15-adoptopenjdk/lib/server/libjvm.so
7fef944b1000-7fef9453c000 rw-p 00000000 00:00 0 
7fef9453c000-7fef94562000 r--p 00000000 103:06 37752176                  /usr/lib/libc-2.33.so
7fef94562000-7fef946ad000 r-xp 00026000 103:06 37752176                  /usr/lib/libc-2.33.so
7fef946ad000-7fef946f9000 r--p 00171000 103:06 37752176                  /usr/lib/libc-2.33.so
7fef946f9000-7fef946fc000 r--p 001bc000 103:06 37752176                  /usr/lib/libc-2.33.so
7fef946fc000-7fef946ff000 rw-p 001bf000 103:06 37752176                  /usr/lib/libc-2.33.so
7fef946ff000-7fef94708000 rw-p 00000000 00:00 0 
7fef94708000-7fef9470a000 r--p 00000000 103:06 37752184                  /usr/lib/libdl-2.33.so
7fef9470a000-7fef9470c000 r-xp 00002000 103:06 37752184                  /usr/lib/libdl-2.33.so
7fef9470c000-7fef9470d000 r--p 00004000 103:06 37752184                  /usr/lib/libdl-2.33.so
7fef9470d000-7fef9470e000 r--p 00004000 103:06 37752184                  /usr/lib/libdl-2.33.so
7fef9470e000-7fef9470f000 rw-p 00005000 103:06 37752184                  /usr/lib/libdl-2.33.so
7fef9470f000-7fef94716000 r--p 00000000 103:06 37752224                  /usr/lib/libpthread-2.33.so
7fef94716000-7fef94725000 r-xp 00007000 103:06 37752224                  /usr/lib/libpthread-2.33.so
7fef94725000-7fef94729000 r--p 00016000 103:06 37752224                  /usr/lib/libpthread-2.33.so
7fef94729000-7fef9472a000 ---p 0001a000 103:06 37752224                  /usr/lib/libpthread-2.33.so
7fef9472a000-7fef9472b000 r--p 0001a000 103:06 37752224                  /usr/lib/libpthread-2.33.so
7fef9472b000-7fef9472c000 rw-p 0001b000 103:06 37752224                  /usr/lib/libpthread-2.33.so
7fef9472c000-7fef94730000 rw-p 00000000 00:00 0 
7fef94730000-7fef9473f000 r-xp 00000000 103:06 56624106                  /usr/lib/jvm/java-15-adoptopenjdk/lib/libjli.so
7fef9473f000-7fef9493f000 ---p 0000f000 103:06 56624106                  /usr/lib/jvm/java-15-adoptopenjdk/lib/libjli.so
7fef9493f000-7fef94940000 r--p 0000f000 103:06 56624106                  /usr/lib/jvm/java-15-adoptopenjdk/lib/libjli.so
7fef94940000-7fef94941000 rw-p 00010000 103:06 56624106                  /usr/lib/jvm/java-15-adoptopenjdk/lib/libjli.so
7fef94941000-7fef94944000 r--p 00000000 103:06 37757757                  /usr/lib/libz.so.1.2.11
7fef94944000-7fef94952000 r-xp 00003000 103:06 37757757                  /usr/lib/libz.so.1.2.11
7fef94952000-7fef94958000 r--p 00011000 103:06 37757757                  /usr/lib/libz.so.1.2.11
7fef94958000-7fef94959000 ---p 00017000 103:06 37757757                  /usr/lib/libz.so.1.2.11
7fef94959000-7fef9495a000 r--p 00017000 103:06 37757757                  /usr/lib/libz.so.1.2.11
7fef9495a000-7fef9495b000 rw-p 00018000 103:06 37757757                  /usr/lib/libz.so.1.2.11
7fef9495b000-7fef9495d000 rw-p 00000000 00:00 0 
7fef94963000-7fef94964000 r--p 00000000 103:06 37783717                  /usr/lib/libboost_system.so.1.76.0
7fef94964000-7fef94965000 r-xp 00001000 103:06 37783717                  /usr/lib/libboost_system.so.1.76.0
7fef94965000-7fef94966000 r--p 00002000 103:06 37783717                  /usr/lib/libboost_system.so.1.76.0
7fef94966000-7fef94967000 r--p 00002000 103:06 37783717                  /usr/lib/libboost_system.so.1.76.0
7fef94967000-7fef94968000 rw-p 00003000 103:06 37783717                  /usr/lib/libboost_system.so.1.76.0
7fef94968000-7fef94970000 rw-s 00000000 00:23 8033                       /tmp/hsperfdata_max/27573
7fef94970000-7fef94973000 r--p 00000000 103:06 37752214                  /usr/lib/libnss_files-2.33.so
7fef94973000-7fef9497a000 r-xp 00003000 103:06 37752214                  /usr/lib/libnss_files-2.33.so
7fef9497a000-7fef9497c000 r--p 0000a000 103:06 37752214                  /usr/lib/libnss_files-2.33.so
7fef9497c000-7fef9497d000 r--p 0000b000 103:06 37752214                  /usr/lib/libnss_files-2.33.so
7fef9497d000-7fef9497e000 rw-p 0000c000 103:06 37752214                  /usr/lib/libnss_files-2.33.so
7fef9497e000-7fef94984000 rw-p 00000000 00:00 0 
7fef94984000-7fef94985000 ---p 00000000 00:00 0 
7fef94985000-7fef94986000 r--p 00000000 00:00 0 
7fef94986000-7fef94987000 ---p 00000000 00:00 0 
7fef94987000-7fef94988000 r--p 00000000 103:06 37752164                  /usr/lib/ld-2.33.so
7fef94988000-7fef949ac000 r-xp 00001000 103:06 37752164                  /usr/lib/ld-2.33.so
7fef949ac000-7fef949b5000 r--p 00025000 103:06 37752164                  /usr/lib/ld-2.33.so
7fef949b5000-7fef949b7000 r--p 0002d000 103:06 37752164                  /usr/lib/ld-2.33.so
7fef949b7000-7fef949b9000 rw-p 0002f000 103:06 37752164                  /usr/lib/ld-2.33.so
7fff04475000-7fff04496000 rw-p 00000000 00:00 0                          [stack]
7fff045a4000-7fff045a8000 r--p 00000000 00:00 0                          [vvar]
7fff045a8000-7fff045aa000 r-xp 00000000 00:00 0                          [vdso]
ffffffffff600000-ffffffffff601000 --xp 00000000 00:00 0                  [vsyscall]


VM Arguments:
java_command: target/sharedmem-1.0.0.jar
java_class_path (initial): target/sharedmem-1.0.0.jar
Launcher Type: SUN_STANDARD

[Global flags]
     intx CICompilerCount                          = 4                                         {product} {ergonomic}
     uint ConcGCThreads                            = 3                                         {product} {ergonomic}
     uint G1ConcRefinementThreads                  = 10                                        {product} {ergonomic}
   size_t G1HeapRegionSize                         = 2097152                                   {product} {ergonomic}
    uintx GCDrainStackTargetSize                   = 64                                        {product} {ergonomic}
   size_t InitialHeapSize                          = 262144000                                 {product} {ergonomic}
   size_t MarkStackSize                            = 4194304                                   {product} {ergonomic}
   size_t MaxHeapSize                              = 4175429632                                {product} {ergonomic}
   size_t MaxNewSize                               = 2503999488                                {product} {ergonomic}
   size_t MinHeapDeltaBytes                        = 2097152                                   {product} {ergonomic}
   size_t MinHeapSize                              = 8388608                                   {product} {ergonomic}
    uintx NonNMethodCodeHeapSize                   = 5839372                                {pd product} {ergonomic}
    uintx NonProfiledCodeHeapSize                  = 122909434                              {pd product} {ergonomic}
    uintx ProfiledCodeHeapSize                     = 122909434                              {pd product} {ergonomic}
    uintx ReservedCodeCacheSize                    = 251658240                              {pd product} {ergonomic}
     bool SegmentedCodeCache                       = true                                      {product} {ergonomic}
   size_t SoftMaxHeapSize                          = 4175429632                             {manageable} {ergonomic}
     bool UseCompressedClassPointers               = true                                 {lp64_product} {ergonomic}
     bool UseCompressedOops                        = true                                 {lp64_product} {ergonomic}
     bool UseG1GC                                  = true                                      {product} {ergonomic}

Logging:
Log output configuration:
 #0: stdout all=warning uptime,level,tags
 #1: stderr all=off uptime,level,tags

Environment Variables:
PATH=/usr/local/sbin:/usr/local/bin:/usr/bin:/opt/cuda/bin:/opt/cuda/nsight_compute:/opt/cuda/nsight_systems/bin:/home/max/.dotnet/tools:/usr/lib/jvm/default/bin:/usr/bin/site_perl:/usr/bin/vendor_perl:/usr/bin/core_perl:/var/lib/snapd/snap/bin:/home/max/.local/bin:/home/max/.local/bin
SHELL=/usr/bin/zsh
DISPLAY=:0
LANG=en_US.UTF-8

Signal Handlers:
SIGSEGV: [libjvm.so+0xec40d0], sa_mask[0]=11111111011111111101111111111110, sa_flags=SA_RESTART|SA_SIGINFO
SIGBUS: [libjvm.so+0xec40d0], sa_mask[0]=11111111011111111101111111111110, sa_flags=SA_RESTART|SA_SIGINFO
SIGFPE: [libjvm.so+0xec40d0], sa_mask[0]=11111111011111111101111111111110, sa_flags=SA_RESTART|SA_SIGINFO
SIGPIPE: [libjvm.so+0xbbcca0], sa_mask[0]=11111111011111111101111111111110, sa_flags=SA_RESTART|SA_SIGINFO
SIGXFSZ: [libjvm.so+0xbbcca0], sa_mask[0]=11111111011111111101111111111110, sa_flags=SA_RESTART|SA_SIGINFO
SIGILL: [libjvm.so+0xec40d0], sa_mask[0]=11111111011111111101111111111110, sa_flags=SA_RESTART|SA_SIGINFO
SIGUSR2: [libjvm.so+0xbbcb40], sa_mask[0]=00000000000000000000000000000000, sa_flags=SA_RESTART|SA_SIGINFO
SIGHUP: [libjvm.so+0xbbd260], sa_mask[0]=11111111011111111101111111111110, sa_flags=SA_RESTART|SA_SIGINFO
SIGINT: [libjvm.so+0xbbd260], sa_mask[0]=11111111011111111101111111111110, sa_flags=SA_RESTART|SA_SIGINFO
SIGTERM: [libjvm.so+0xbbd260], sa_mask[0]=11111111011111111101111111111110, sa_flags=SA_RESTART|SA_SIGINFO
SIGQUIT: [libjvm.so+0xbbd260], sa_mask[0]=11111111011111111101111111111110, sa_flags=SA_RESTART|SA_SIGINFO


---------------  S Y S T E M  ---------------

OS:
LSB_VERSION=1.4
DISTRIB_ID=Arch
DISTRIB_RELEASE=rolling
DISTRIB_DESCRIPTION="Arch Linux"
uname: Linux 5.13.8-arch1-1 #1 SMP PREEMPT Wed, 04 Aug 2021 16:57:44 +0000 x86_64
OS uptime: 0 days 4:24 hours
libc: glibc 2.33 NPTL 2.33 
rlimit (soft/hard): STACK 8192k/infinity , CORE infinity/infinity , NPROC 63600/63600 , NOFILE 524288/524288 , AS infinity/infinity , CPU infinity/infinity , DATA infinity/infinity , FSIZE infinity/infinity , MEMLOCK 64k/64k
load average: 1.77 1.59 1.49

/proc/meminfo:
MemTotal:       16306308 kB
MemFree:         1934448 kB
MemAvailable:    7218884 kB
Buffers:          850580 kB
Cached:          4952220 kB
SwapCached:         9608 kB
Active:          3245100 kB
Inactive:        9982348 kB
Active(anon):     390916 kB
Inactive(anon):  7467876 kB
Active(file):    2854184 kB
Inactive(file):  2514472 kB
Unevictable:         112 kB
Mlocked:             112 kB
SwapTotal:        524284 kB
SwapFree:          32804 kB
Dirty:             30376 kB
Writeback:             0 kB
AnonPages:       7415352 kB
Mapped:          2014004 kB
Shmem:            436276 kB
KReclaimable:     252200 kB
Slab:             473652 kB
SReclaimable:     252200 kB
SUnreclaim:       221452 kB
KernelStack:       23212 kB
PageTables:        78140 kB
NFS_Unstable:          0 kB
Bounce:                0 kB
WritebackTmp:          0 kB
CommitLimit:     8677436 kB
Committed_AS:   19860932 kB
VmallocTotal:   34359738367 kB
VmallocUsed:      104036 kB
VmallocChunk:          0 kB
Percpu:            18432 kB
HardwareCorrupted:     0 kB
AnonHugePages:         0 kB
ShmemHugePages:        0 kB
ShmemPmdMapped:        0 kB
FileHugePages:         0 kB
FilePmdMapped:         0 kB
CmaTotal:              0 kB
CmaFree:               0 kB
HugePages_Total:       0
HugePages_Free:        0
HugePages_Rsvd:        0
HugePages_Surp:        0
Hugepagesize:       2048 kB
Hugetlb:               0 kB
DirectMap4k:     1494416 kB
DirectMap2M:    15206400 kB
DirectMap1G:           0 kB

/sys/kernel/mm/transparent_hugepage/enabled: always [madvise] never
/sys/kernel/mm/transparent_hugepage/defrag (defrag/compaction efforts parameter): always defer defer+madvise [madvise] never

/proc/sys/kernel/threads-max (system-wide limit on the number of threads): 127201
/proc/sys/vm/max_map_count (maximum number of memory map areas a process may have): 65530
/proc/sys/kernel/pid_max (system-wide limit on number of process identifiers): 4194304

container (cgroup) information:
container_type: cgroupv2
cpu_cpuset_cpus: not supported
cpu_memory_nodes: not supported
active_processor_count: 12
cpu_quota: not supported
cpu_period: not supported
cpu_shares: not supported
memory_limit_in_bytes: unlimited
memory_and_swap_limit_in_bytes: unlimited
memory_soft_limit_in_bytes: unlimited
memory_usage_in_bytes: 10697015296
memory_max_usage_in_bytes: not supported

Steal ticks since vm start: 0
Steal ticks percentage since vm start:  0.000

CPU: total 12 (initial active 12) (12 cores per cpu, 2 threads per core) family 23 model 113 stepping 0 microcode 0x8701021, cmov, cx8, fxsr, mmx, sse, sse2, sse3, ssse3, sse4.1, sse4.2, popcnt, vzeroupper, avx, avx2, aes, clmul, 3dnowpref, lzcnt, sse4a, ht, tsc, tscinvbit, tscinv, bmi1, bmi2, adx, sha, fma, clflush, clflushopt
CPU Model and flags from /proc/cpuinfo:
model name	: AMD Ryzen 5 3600X 6-Core Processor
flags		: fpu vme de pse tsc msr pae mce cx8 apic sep mtrr pge mca cmov pat pse36 clflush mmx fxsr sse sse2 ht syscall nx mmxext fxsr_opt pdpe1gb rdtscp lm constant_tsc rep_good nopl nonstop_tsc cpuid extd_apicid aperfmperf pni pclmulqdq monitor ssse3 fma cx16 sse4_1 sse4_2 movbe popcnt aes xsave avx f16c rdrand lahf_lm cmp_legacy svm extapic cr8_legacy abm sse4a misalignsse 3dnowprefetch osvw ibs skinit wdt tce topoext perfctr_core perfctr_nb bpext perfctr_llc mwaitx cpb cat_l3 cdp_l3 hw_pstate ssbd mba ibpb stibp vmmcall fsgsbase bmi1 avx2 smep bmi2 cqm rdt_a rdseed adx smap clflushopt clwb sha_ni xsaveopt xsavec xgetbv1 xsaves cqm_llc cqm_occup_llc cqm_mbm_total cqm_mbm_local clzero irperf xsaveerptr rdpru wbnoinvd arat npt lbrv svm_lock nrip_save tsc_scale vmcb_clean flushbyasid decodeassists pausefilter pfthreshold avic v_vmsave_vmload vgif v_spec_ctrl umip rdpid overflow_recov succor smca sme sev sev_es

Online cpus: 0-11
Offline cpus: 12-31
BIOS frequency limitation: 3800000
Frequency switch latency (ns): 0
Available cpu frequencies: 3800000 2800000 2200000 
Current governor: schedutil
Core performance/turbo boost: 1

Memory: 4k page, physical 16306308k(1934448k free), swap 524284k(32804k free)

vm_info: OpenJDK 64-Bit Server VM (15.0.2+7) for linux-amd64 JRE (15.0.2+7), built on Jan 21 2021 11:55:36 by "" with gcc 7.5.0

END.
