#
# A fatal error has been detected by the Java Runtime Environment:
#
#  SIGSEGV (0xb) at pc=0x00007f02200dde6d, pid=28952, tid=28953
#
# JRE version: OpenJDK Runtime Environment AdoptOpenJDK (15.0.2+7) (build 15.0.2+7)
# Java VM: OpenJDK 64-Bit Server VM AdoptOpenJDK (15.0.2+7, mixed mode, sharing, tiered, compressed oops, g1 gc, linux-amd64)
# Problematic frame:
# C  [libsharedmem.so+0x5e6d]  Java_dev_cerus_sharedmem_NativeMemoryMappedFile_readNative+0x11b
#
# Core dump will be written. Default location: Core dumps may be processed with "/usr/lib/systemd/systemd-coredump %P %u %g %s %t %c %h" (or dumping to /mnt/nvme/Development/IntelliJ/Workspace/sharedmem/core.28952)
#
# If you would like to submit a bug report, please visit:
#   https://github.com/AdoptOpenJDK/openjdk-support/issues
# The crash happened outside the Java Virtual Machine in native code.
# See problematic frame for where to report the bug.
#

---------------  S U M M A R Y ------------

Command Line: target/sharedmem-1.0.0.jar

Host: AMD Ryzen 5 3600X 6-Core Processor, 12 cores, 15G, Arch Linux
Time: Thu Aug 12 15:18:40 2021 CEST elapsed time: 0.088349 seconds (0d 0h 0m 0s)

---------------  T H R E A D  ---------------

Current thread (0x00007f021c028120):  JavaThread "main" [_thread_in_native, id=28953, stack(0x00007f0223a28000,0x00007f0223b29000)]

Stack: [0x00007f0223a28000,0x00007f0223b29000],  sp=0x00007f0223b27550,  free space=1021k
Native frames: (J=compiled Java code, A=aot compiled Java code, j=interpreted, Vv=VM code, C=native code)
C  [libsharedmem.so+0x5e6d]  Java_dev_cerus_sharedmem_NativeMemoryMappedFile_readNative+0x11b
j  dev.cerus.sharedmem.NativeMemoryMappedFile.readNative(II)[B+0
j  dev.cerus.sharedmem.NativeMemoryMappedFile.read(II)[B+3
j  dev.cerus.sharedmem.Test.main([Ljava/lang/String;)V+35
v  ~StubRoutines::call_stub
V  [libjvm.so+0x7e2425]
V  [libjvm.so+0x86e42a]
V  [libjvm.so+0x870a8e]
C  [libjli.so+0x575d]
C  [libjli.so+0x8769]

Java frames: (J=compiled Java code, j=interpreted, Vv=VM code)
j  dev.cerus.sharedmem.NativeMemoryMappedFile.readNative(II)[B+0
j  dev.cerus.sharedmem.NativeMemoryMappedFile.read(II)[B+3
j  dev.cerus.sharedmem.Test.main([Ljava/lang/String;)V+35
v  ~StubRoutines::call_stub

siginfo: si_signo: 11 (SIGSEGV), si_code: 1 (SEGV_MAPERR), si_addr: 0x0000000000000000

Register to memory mapping:

RAX=0x0 is NULL
RBX=0x00007f0223b27750 is pointing into the stack for thread: 0x00007f021c028120
RCX=0x0000000000000003 is an unknown value
RDX=0x0000000000000001 is an unknown value
RSP=0x00007f0223b27550 is pointing into the stack for thread: 0x00007f021c028120
RBP=0x00007f0223b277d0 is pointing into the stack for thread: 0x00007f021c028120
RSI=0x0000000000000010 is an unknown value
RDI=0x00007f02200e44c0: region+0x0000000000000000 in /tmp/javasharedmem/libsharedmem.so at 0x00007f02200d8000
R8 =0x00007f021c27dd30 points into unknown readable memory: 0x00007f02250e8c00 | 00 8c 0e 25 02 7f 00 00
R9 =0x000055c56fb67f80 points into unknown readable memory: 0x0000000000000002 | 02 00 00 00 00 00 00 00
R10=0x00007f020433e3c1 is at code_begin+897 in an Interpreter codelet
method entry point (kind = native)  [0x00007f020433e040, 0x00007f020433e9a0]  2400 bytes
R11=0x0000000000000102 is an unknown value
R12=0x0000000000000200 is an unknown value
R13=0x0 is NULL
R14=0x0000000000000200 is an unknown value
R15=0x0 is NULL


Registers:
RAX=0x0000000000000000, RBX=0x00007f0223b27750, RCX=0x0000000000000003, RDX=0x0000000000000001
RSP=0x00007f0223b27550, RBP=0x00007f0223b277d0, RSI=0x0000000000000010, RDI=0x00007f02200e44c0
R8 =0x00007f021c27dd30, R9 =0x000055c56fb67f80, R10=0x00007f020433e3c1, R11=0x0000000000000102
R12=0x0000000000000200, R13=0x0000000000000000, R14=0x0000000000000200, R15=0x0000000000000000
RIP=0x00007f02200dde6d, EFLAGS=0x0000000000010287, CSGSFS=0x002b000000000033, ERR=0x0000000000000004
  TRAPNO=0x000000000000000e

Top of Stack: (sp=0x00007f0223b27550)
0x00007f0223b27550:   0000000000000000 0000000000000000
0x00007f0223b27560:   0000000000000000 0000000000000000
0x00007f0223b27570:   0000000000000000 0000000000000002
0x00007f0223b27580:   0000000000000000 0000000000000000 

Instructions: (pc=0x00007f02200dde6d)
0x00007f02200ddd6d:   8c 89 4d 88 64 48 8b 04 25 28 00 00 00 48 89 45
0x00007f02200ddd7d:   c8 31 c0 48 89 e0 48 89 c3 48 8b 05 63 62 00 00
0x00007f02200ddd8d:   0f b6 00 83 f0 01 84 c0 74 0a b8 00 00 00 00 e9
0x00007f02200ddd9d:   0c 01 00 00 83 7d 88 ff 75 14 48 8b 05 d2 61 00
0x00007f02200dddad:   00 48 89 c7 e8 0a f8 ff ff 89 45 a4 eb 06 8b 45
0x00007f02200dddbd:   88 89 45 a4 8b 55 a4 48 8b 45 98 89 d6 48 89 c7
0x00007f02200dddcd:   e8 8e f5 ff ff 48 89 45 b0 48 83 7d b0 00 75 0a
0x00007f02200ddddd:   b8 00 00 00 00 e9 c6 00 00 00 8b 45 a4 48 63 d0
0x00007f02200ddded:   48 83 ea 01 48 89 55 b8 48 63 d0 49 89 d6 41 bf
0x00007f02200dddfd:   00 00 00 00 48 63 d0 49 89 d4 41 bd 00 00 00 00
0x00007f02200dde0d:   48 98 ba 10 00 00 00 48 83 ea 01 48 01 d0 be 10
0x00007f02200dde1d:   00 00 00 ba 00 00 00 00 48 f7 f6 48 6b c0 10 48
0x00007f02200dde2d:   29 c4 48 89 e0 48 83 c0 00 48 89 45 c0 48 8b 05
0x00007f02200dde3d:   3f 61 00 00 48 89 c7 e8 d7 f9 ff ff 48 89 c2 8b
0x00007f02200dde4d:   45 8c 48 98 48 01 d0 48 89 45 a8 c7 45 a0 00 00
0x00007f02200dde5d:   00 00 eb 1f 48 8b 45 a8 48 8d 50 01 48 89 55 a8
0x00007f02200dde6d:   0f b6 08 48 8b 55 c0 8b 45 a0 48 98 88 0c 02 83
0x00007f02200dde7d:   45 a0 01 8b 45 a0 3b 45 a4 7c d9 48 8b 4d c0 8b
0x00007f02200dde8d:   55 a4 48 8b 75 b0 48 8b 45 98 49 89 c8 89 d1 ba
0x00007f02200dde9d:   00 00 00 00 48 89 c7 e8 f7 f7 ff ff 48 8b 45 b0
0x00007f02200ddead:   48 89 dc 48 8b 55 c8 64 48 2b 14 25 28 00 00 00
0x00007f02200ddebd:   74 05 e8 dc f6 ff ff 48 8d 65 d8 5b 41 5c 41 5d
0x00007f02200ddecd:   41 5e 41 5f 5d c3 55 48 89 e5 48 83 ec 30 48 89
0x00007f02200ddedd:   7d e8 48 89 75 e0 89 55 dc 48 89 4d d0 48 8b 05
0x00007f02200ddeed:   ff 60 00 00 0f b6 00 83 f0 01 84 c0 74 07 b8 01
0x00007f02200ddefd:   00 00 00 eb 78 48 8b 55 d0 48 8b 45 e8 48 89 d6
0x00007f02200ddf0d:   48 89 c7 e8 9b f4 ff ff 48 98 48 89 45 f0 48 8b
0x00007f02200ddf1d:   4d d0 48 8b 45 e8 ba 00 00 00 00 48 89 ce 48 89
0x00007f02200ddf2d:   c7 e8 8d f5 ff ff 48 89 45 f8 48 8b 05 42 60 00
0x00007f02200ddf3d:   00 48 89 c7 e8 da f8 ff ff 48 89 c1 48 8b 55 f0
0x00007f02200ddf4d:   48 8b 45 f8 48 89 c6 48 89 cf e8 64 f4 ff ff 48
0x00007f02200ddf5d:   8b 55 f8 48 8b 75 d0 48 8b 45 e8 b9 02 00 00 00 


Stack slot to memory mapping:
stack at sp + 0 slots: 0x0 is NULL
stack at sp + 1 slots: 0x0 is NULL
stack at sp + 2 slots: 0x0 is NULL
stack at sp + 3 slots: 0x0 is NULL
stack at sp + 4 slots: 0x0 is NULL
stack at sp + 5 slots: 0x0000000000000002 is an unknown value
stack at sp + 6 slots: 0x0 is NULL
stack at sp + 7 slots: 0x0 is NULL


---------------  P R O C E S S  ---------------

Threads class SMR info:
_java_thread_list=0x00007f021c212830, length=10, elements={
0x00007f021c028120, 0x00007f021c1c2a00, 0x00007f021c1c4140, 0x00007f021c1caf60,
0x00007f021c1cc670, 0x00007f021c1ce290, 0x00007f021c1cfac0, 0x00007f021c1d11c0,
0x00007f021c20e270, 0x00007f021c211570
}

Java Threads: ( => current thread )
=>0x00007f021c028120 JavaThread "main" [_thread_in_native, id=28953, stack(0x00007f0223a28000,0x00007f0223b29000)]
  0x00007f021c1c2a00 JavaThread "Reference Handler" daemon [_thread_blocked, id=28960, stack(0x00007f01fc5be000,0x00007f01fc6bf000)]
  0x00007f021c1c4140 JavaThread "Finalizer" daemon [_thread_blocked, id=28961, stack(0x00007f01fc4bd000,0x00007f01fc5be000)]
  0x00007f021c1caf60 JavaThread "Signal Dispatcher" daemon [_thread_blocked, id=28962, stack(0x00007f01fc0d5000,0x00007f01fc1d6000)]
  0x00007f021c1cc670 JavaThread "Service Thread" daemon [_thread_blocked, id=28963, stack(0x00007f01ed6ff000,0x00007f01ed800000)]
  0x00007f021c1ce290 JavaThread "C2 CompilerThread0" daemon [_thread_blocked, id=28964, stack(0x00007f01ed5fe000,0x00007f01ed6ff000)]
  0x00007f021c1cfac0 JavaThread "C1 CompilerThread0" daemon [_thread_blocked, id=28965, stack(0x00007f01ed4fd000,0x00007f01ed5fe000)]
  0x00007f021c1d11c0 JavaThread "Sweeper thread" daemon [_thread_blocked, id=28966, stack(0x00007f01ed3fc000,0x00007f01ed4fd000)]
  0x00007f021c20e270 JavaThread "Notification Thread" daemon [_thread_blocked, id=28967, stack(0x00007f01ed2fb000,0x00007f01ed3fc000)]
  0x00007f021c211570 JavaThread "Common-Cleaner" daemon [_thread_blocked, id=28969, stack(0x00007f01ed0f8000,0x00007f01ed1f9000)]

Other Threads:
  0x00007f021c1bfcb0 VMThread "VM Thread" [stack: 0x00007f02200e7000,0x00007f02201e7000] [id=28959]
  0x00007f021c20fe30 WatcherThread [stack: 0x00007f01ed1fb000,0x00007f01ed2fb000] [id=28968]
  0x00007f021c079060 GCTaskThread "GC Thread#0" [stack: 0x00007f0221118000,0x00007f0221218000] [id=28954]
  0x00007f021c08a2c0 ConcurrentGCThread "G1 Main Marker" [stack: 0x00007f0221016000,0x00007f0221116000] [id=28955]
  0x00007f021c08b550 ConcurrentGCThread "G1 Conc#0" [stack: 0x00007f0220f14000,0x00007f0221014000] [id=28956]
  0x00007f021c149d90 ConcurrentGCThread "G1 Refine#0" [stack: 0x00007f0220408000,0x00007f0220508000] [id=28957]
  0x00007f021c14afa0 ConcurrentGCThread "G1 Young RemSet Sampling" [stack: 0x00007f0220306000,0x00007f0220406000] [id=28958]

Threads with active compile tasks:

VM state: not at safepoint (normal execution)

VM Mutex/Monitor currently owned by a thread: None

Heap address: 0x0000000707200000, size: 3982 MB, Compressed Oops mode: Zero based, Oop shift amount: 3
CDS archive(s) mapped at: [0x0000000800000000-0x0000000800b2b000-0x0000000800b2b000), size 11710464, SharedBaseAddress: 0x0000000800000000, ArchiveRelocationMode: 0.
Compressed class space mapped at: 0x0000000800b2c000-0x0000000840b2c000, size: 1073741824
Narrow klass base: 0x0000000800000000, Narrow klass shift: 3, Narrow klass range: 0x100000000

GC Precious Log:
 CPUs: 12 total, 12 available
 Memory: 15924M
 Large Page Support: Disabled
 NUMA Support: Disabled
 Compressed Oops: Enabled (Zero based)
 Heap Region Size: 2M
 Heap Min Capacity: 8M
 Heap Initial Capacity: 250M
 Heap Max Capacity: 3982M
 Pre-touch: Disabled
 Parallel Workers: 10
 Concurrent Workers: 3
 Concurrent Refinement Workers: 10
 Periodic GC: Disabled

Heap:
 garbage-first heap   total 260096K, used 1848K [0x0000000707200000, 0x0000000800000000)
  region size 2048K, 1 young (2048K), 0 survivors (0K)
 Metaspace       used 611K, capacity 4622K, committed 4864K, reserved 1056768K
  class space    used 51K, capacity 407K, committed 512K, reserved 1048576K

Heap Regions: E=young(eden), S=young(survivor), O=old, HS=humongous(starts), HC=humongous(continues), CS=collection set, F=free, OA=open archive, CA=closed archive, TAMS=top-at-mark-start (previous, next)
|   0|0x0000000707200000, 0x0000000707200000, 0x0000000707400000|  0%| F|  |TAMS 0x0000000707200000, 0x0000000707200000| Untracked 
|   1|0x0000000707400000, 0x0000000707400000, 0x0000000707600000|  0%| F|  |TAMS 0x0000000707400000, 0x0000000707400000| Untracked 
|   2|0x0000000707600000, 0x0000000707600000, 0x0000000707800000|  0%| F|  |TAMS 0x0000000707600000, 0x0000000707600000| Untracked 
|   3|0x0000000707800000, 0x0000000707800000, 0x0000000707a00000|  0%| F|  |TAMS 0x0000000707800000, 0x0000000707800000| Untracked 
|   4|0x0000000707a00000, 0x0000000707a00000, 0x0000000707c00000|  0%| F|  |TAMS 0x0000000707a00000, 0x0000000707a00000| Untracked 
|   5|0x0000000707c00000, 0x0000000707c00000, 0x0000000707e00000|  0%| F|  |TAMS 0x0000000707c00000, 0x0000000707c00000| Untracked 
|   6|0x0000000707e00000, 0x0000000707e00000, 0x0000000708000000|  0%| F|  |TAMS 0x0000000707e00000, 0x0000000707e00000| Untracked 
|   7|0x0000000708000000, 0x0000000708000000, 0x0000000708200000|  0%| F|  |TAMS 0x0000000708000000, 0x0000000708000000| Untracked 
|   8|0x0000000708200000, 0x0000000708200000, 0x0000000708400000|  0%| F|  |TAMS 0x0000000708200000, 0x0000000708200000| Untracked 
|   9|0x0000000708400000, 0x0000000708400000, 0x0000000708600000|  0%| F|  |TAMS 0x0000000708400000, 0x0000000708400000| Untracked 
|  10|0x0000000708600000, 0x0000000708600000, 0x0000000708800000|  0%| F|  |TAMS 0x0000000708600000, 0x0000000708600000| Untracked 
|  11|0x0000000708800000, 0x0000000708800000, 0x0000000708a00000|  0%| F|  |TAMS 0x0000000708800000, 0x0000000708800000| Untracked 
|  12|0x0000000708a00000, 0x0000000708a00000, 0x0000000708c00000|  0%| F|  |TAMS 0x0000000708a00000, 0x0000000708a00000| Untracked 
|  13|0x0000000708c00000, 0x0000000708c00000, 0x0000000708e00000|  0%| F|  |TAMS 0x0000000708c00000, 0x0000000708c00000| Untracked 
|  14|0x0000000708e00000, 0x0000000708e00000, 0x0000000709000000|  0%| F|  |TAMS 0x0000000708e00000, 0x0000000708e00000| Untracked 
|  15|0x0000000709000000, 0x0000000709000000, 0x0000000709200000|  0%| F|  |TAMS 0x0000000709000000, 0x0000000709000000| Untracked 
|  16|0x0000000709200000, 0x0000000709200000, 0x0000000709400000|  0%| F|  |TAMS 0x0000000709200000, 0x0000000709200000| Untracked 
|  17|0x0000000709400000, 0x0000000709400000, 0x0000000709600000|  0%| F|  |TAMS 0x0000000709400000, 0x0000000709400000| Untracked 
|  18|0x0000000709600000, 0x0000000709600000, 0x0000000709800000|  0%| F|  |TAMS 0x0000000709600000, 0x0000000709600000| Untracked 
|  19|0x0000000709800000, 0x0000000709800000, 0x0000000709a00000|  0%| F|  |TAMS 0x0000000709800000, 0x0000000709800000| Untracked 
|  20|0x0000000709a00000, 0x0000000709a00000, 0x0000000709c00000|  0%| F|  |TAMS 0x0000000709a00000, 0x0000000709a00000| Untracked 
|  21|0x0000000709c00000, 0x0000000709c00000, 0x0000000709e00000|  0%| F|  |TAMS 0x0000000709c00000, 0x0000000709c00000| Untracked 
|  22|0x0000000709e00000, 0x0000000709e00000, 0x000000070a000000|  0%| F|  |TAMS 0x0000000709e00000, 0x0000000709e00000| Untracked 
|  23|0x000000070a000000, 0x000000070a000000, 0x000000070a200000|  0%| F|  |TAMS 0x000000070a000000, 0x000000070a000000| Untracked 
|  24|0x000000070a200000, 0x000000070a200000, 0x000000070a400000|  0%| F|  |TAMS 0x000000070a200000, 0x000000070a200000| Untracked 
|  25|0x000000070a400000, 0x000000070a400000, 0x000000070a600000|  0%| F|  |TAMS 0x000000070a400000, 0x000000070a400000| Untracked 
|  26|0x000000070a600000, 0x000000070a600000, 0x000000070a800000|  0%| F|  |TAMS 0x000000070a600000, 0x000000070a600000| Untracked 
|  27|0x000000070a800000, 0x000000070a800000, 0x000000070aa00000|  0%| F|  |TAMS 0x000000070a800000, 0x000000070a800000| Untracked 
|  28|0x000000070aa00000, 0x000000070aa00000, 0x000000070ac00000|  0%| F|  |TAMS 0x000000070aa00000, 0x000000070aa00000| Untracked 
|  29|0x000000070ac00000, 0x000000070ac00000, 0x000000070ae00000|  0%| F|  |TAMS 0x000000070ac00000, 0x000000070ac00000| Untracked 
|  30|0x000000070ae00000, 0x000000070ae00000, 0x000000070b000000|  0%| F|  |TAMS 0x000000070ae00000, 0x000000070ae00000| Untracked 
|  31|0x000000070b000000, 0x000000070b000000, 0x000000070b200000|  0%| F|  |TAMS 0x000000070b000000, 0x000000070b000000| Untracked 
|  32|0x000000070b200000, 0x000000070b200000, 0x000000070b400000|  0%| F|  |TAMS 0x000000070b200000, 0x000000070b200000| Untracked 
|  33|0x000000070b400000, 0x000000070b400000, 0x000000070b600000|  0%| F|  |TAMS 0x000000070b400000, 0x000000070b400000| Untracked 
|  34|0x000000070b600000, 0x000000070b600000, 0x000000070b800000|  0%| F|  |TAMS 0x000000070b600000, 0x000000070b600000| Untracked 
|  35|0x000000070b800000, 0x000000070b800000, 0x000000070ba00000|  0%| F|  |TAMS 0x000000070b800000, 0x000000070b800000| Untracked 
|  36|0x000000070ba00000, 0x000000070ba00000, 0x000000070bc00000|  0%| F|  |TAMS 0x000000070ba00000, 0x000000070ba00000| Untracked 
|  37|0x000000070bc00000, 0x000000070bc00000, 0x000000070be00000|  0%| F|  |TAMS 0x000000070bc00000, 0x000000070bc00000| Untracked 
|  38|0x000000070be00000, 0x000000070be00000, 0x000000070c000000|  0%| F|  |TAMS 0x000000070be00000, 0x000000070be00000| Untracked 
|  39|0x000000070c000000, 0x000000070c000000, 0x000000070c200000|  0%| F|  |TAMS 0x000000070c000000, 0x000000070c000000| Untracked 
|  40|0x000000070c200000, 0x000000070c200000, 0x000000070c400000|  0%| F|  |TAMS 0x000000070c200000, 0x000000070c200000| Untracked 
|  41|0x000000070c400000, 0x000000070c400000, 0x000000070c600000|  0%| F|  |TAMS 0x000000070c400000, 0x000000070c400000| Untracked 
|  42|0x000000070c600000, 0x000000070c600000, 0x000000070c800000|  0%| F|  |TAMS 0x000000070c600000, 0x000000070c600000| Untracked 
|  43|0x000000070c800000, 0x000000070c800000, 0x000000070ca00000|  0%| F|  |TAMS 0x000000070c800000, 0x000000070c800000| Untracked 
|  44|0x000000070ca00000, 0x000000070ca00000, 0x000000070cc00000|  0%| F|  |TAMS 0x000000070ca00000, 0x000000070ca00000| Untracked 
|  45|0x000000070cc00000, 0x000000070cc00000, 0x000000070ce00000|  0%| F|  |TAMS 0x000000070cc00000, 0x000000070cc00000| Untracked 
|  46|0x000000070ce00000, 0x000000070ce00000, 0x000000070d000000|  0%| F|  |TAMS 0x000000070ce00000, 0x000000070ce00000| Untracked 
|  47|0x000000070d000000, 0x000000070d000000, 0x000000070d200000|  0%| F|  |TAMS 0x000000070d000000, 0x000000070d000000| Untracked 
|  48|0x000000070d200000, 0x000000070d200000, 0x000000070d400000|  0%| F|  |TAMS 0x000000070d200000, 0x000000070d200000| Untracked 
|  49|0x000000070d400000, 0x000000070d400000, 0x000000070d600000|  0%| F|  |TAMS 0x000000070d400000, 0x000000070d400000| Untracked 
|  50|0x000000070d600000, 0x000000070d600000, 0x000000070d800000|  0%| F|  |TAMS 0x000000070d600000, 0x000000070d600000| Untracked 
|  51|0x000000070d800000, 0x000000070d800000, 0x000000070da00000|  0%| F|  |TAMS 0x000000070d800000, 0x000000070d800000| Untracked 
|  52|0x000000070da00000, 0x000000070da00000, 0x000000070dc00000|  0%| F|  |TAMS 0x000000070da00000, 0x000000070da00000| Untracked 
|  53|0x000000070dc00000, 0x000000070dc00000, 0x000000070de00000|  0%| F|  |TAMS 0x000000070dc00000, 0x000000070dc00000| Untracked 
|  54|0x000000070de00000, 0x000000070de00000, 0x000000070e000000|  0%| F|  |TAMS 0x000000070de00000, 0x000000070de00000| Untracked 
|  55|0x000000070e000000, 0x000000070e000000, 0x000000070e200000|  0%| F|  |TAMS 0x000000070e000000, 0x000000070e000000| Untracked 
|  56|0x000000070e200000, 0x000000070e200000, 0x000000070e400000|  0%| F|  |TAMS 0x000000070e200000, 0x000000070e200000| Untracked 
|  57|0x000000070e400000, 0x000000070e400000, 0x000000070e600000|  0%| F|  |TAMS 0x000000070e400000, 0x000000070e400000| Untracked 
|  58|0x000000070e600000, 0x000000070e600000, 0x000000070e800000|  0%| F|  |TAMS 0x000000070e600000, 0x000000070e600000| Untracked 
|  59|0x000000070e800000, 0x000000070e800000, 0x000000070ea00000|  0%| F|  |TAMS 0x000000070e800000, 0x000000070e800000| Untracked 
|  60|0x000000070ea00000, 0x000000070ea00000, 0x000000070ec00000|  0%| F|  |TAMS 0x000000070ea00000, 0x000000070ea00000| Untracked 
|  61|0x000000070ec00000, 0x000000070ec00000, 0x000000070ee00000|  0%| F|  |TAMS 0x000000070ec00000, 0x000000070ec00000| Untracked 
|  62|0x000000070ee00000, 0x000000070ee00000, 0x000000070f000000|  0%| F|  |TAMS 0x000000070ee00000, 0x000000070ee00000| Untracked 
|  63|0x000000070f000000, 0x000000070f000000, 0x000000070f200000|  0%| F|  |TAMS 0x000000070f000000, 0x000000070f000000| Untracked 
|  64|0x000000070f200000, 0x000000070f200000, 0x000000070f400000|  0%| F|  |TAMS 0x000000070f200000, 0x000000070f200000| Untracked 
|  65|0x000000070f400000, 0x000000070f400000, 0x000000070f600000|  0%| F|  |TAMS 0x000000070f400000, 0x000000070f400000| Untracked 
|  66|0x000000070f600000, 0x000000070f600000, 0x000000070f800000|  0%| F|  |TAMS 0x000000070f600000, 0x000000070f600000| Untracked 
|  67|0x000000070f800000, 0x000000070f800000, 0x000000070fa00000|  0%| F|  |TAMS 0x000000070f800000, 0x000000070f800000| Untracked 
|  68|0x000000070fa00000, 0x000000070fa00000, 0x000000070fc00000|  0%| F|  |TAMS 0x000000070fa00000, 0x000000070fa00000| Untracked 
|  69|0x000000070fc00000, 0x000000070fc00000, 0x000000070fe00000|  0%| F|  |TAMS 0x000000070fc00000, 0x000000070fc00000| Untracked 
|  70|0x000000070fe00000, 0x000000070fe00000, 0x0000000710000000|  0%| F|  |TAMS 0x000000070fe00000, 0x000000070fe00000| Untracked 
|  71|0x0000000710000000, 0x0000000710000000, 0x0000000710200000|  0%| F|  |TAMS 0x0000000710000000, 0x0000000710000000| Untracked 
|  72|0x0000000710200000, 0x0000000710200000, 0x0000000710400000|  0%| F|  |TAMS 0x0000000710200000, 0x0000000710200000| Untracked 
|  73|0x0000000710400000, 0x0000000710400000, 0x0000000710600000|  0%| F|  |TAMS 0x0000000710400000, 0x0000000710400000| Untracked 
|  74|0x0000000710600000, 0x0000000710600000, 0x0000000710800000|  0%| F|  |TAMS 0x0000000710600000, 0x0000000710600000| Untracked 
|  75|0x0000000710800000, 0x0000000710800000, 0x0000000710a00000|  0%| F|  |TAMS 0x0000000710800000, 0x0000000710800000| Untracked 
|  76|0x0000000710a00000, 0x0000000710a00000, 0x0000000710c00000|  0%| F|  |TAMS 0x0000000710a00000, 0x0000000710a00000| Untracked 
|  77|0x0000000710c00000, 0x0000000710c00000, 0x0000000710e00000|  0%| F|  |TAMS 0x0000000710c00000, 0x0000000710c00000| Untracked 
|  78|0x0000000710e00000, 0x0000000710e00000, 0x0000000711000000|  0%| F|  |TAMS 0x0000000710e00000, 0x0000000710e00000| Untracked 
|  79|0x0000000711000000, 0x0000000711000000, 0x0000000711200000|  0%| F|  |TAMS 0x0000000711000000, 0x0000000711000000| Untracked 
|  80|0x0000000711200000, 0x0000000711200000, 0x0000000711400000|  0%| F|  |TAMS 0x0000000711200000, 0x0000000711200000| Untracked 
|  81|0x0000000711400000, 0x0000000711400000, 0x0000000711600000|  0%| F|  |TAMS 0x0000000711400000, 0x0000000711400000| Untracked 
|  82|0x0000000711600000, 0x0000000711600000, 0x0000000711800000|  0%| F|  |TAMS 0x0000000711600000, 0x0000000711600000| Untracked 
|  83|0x0000000711800000, 0x0000000711800000, 0x0000000711a00000|  0%| F|  |TAMS 0x0000000711800000, 0x0000000711800000| Untracked 
|  84|0x0000000711a00000, 0x0000000711a00000, 0x0000000711c00000|  0%| F|  |TAMS 0x0000000711a00000, 0x0000000711a00000| Untracked 
|  85|0x0000000711c00000, 0x0000000711c00000, 0x0000000711e00000|  0%| F|  |TAMS 0x0000000711c00000, 0x0000000711c00000| Untracked 
|  86|0x0000000711e00000, 0x0000000711e00000, 0x0000000712000000|  0%| F|  |TAMS 0x0000000711e00000, 0x0000000711e00000| Untracked 
|  87|0x0000000712000000, 0x0000000712000000, 0x0000000712200000|  0%| F|  |TAMS 0x0000000712000000, 0x0000000712000000| Untracked 
|  88|0x0000000712200000, 0x0000000712200000, 0x0000000712400000|  0%| F|  |TAMS 0x0000000712200000, 0x0000000712200000| Untracked 
|  89|0x0000000712400000, 0x0000000712400000, 0x0000000712600000|  0%| F|  |TAMS 0x0000000712400000, 0x0000000712400000| Untracked 
|  90|0x0000000712600000, 0x0000000712600000, 0x0000000712800000|  0%| F|  |TAMS 0x0000000712600000, 0x0000000712600000| Untracked 
|  91|0x0000000712800000, 0x0000000712800000, 0x0000000712a00000|  0%| F|  |TAMS 0x0000000712800000, 0x0000000712800000| Untracked 
|  92|0x0000000712a00000, 0x0000000712a00000, 0x0000000712c00000|  0%| F|  |TAMS 0x0000000712a00000, 0x0000000712a00000| Untracked 
|  93|0x0000000712c00000, 0x0000000712c00000, 0x0000000712e00000|  0%| F|  |TAMS 0x0000000712c00000, 0x0000000712c00000| Untracked 
|  94|0x0000000712e00000, 0x0000000712e00000, 0x0000000713000000|  0%| F|  |TAMS 0x0000000712e00000, 0x0000000712e00000| Untracked 
|  95|0x0000000713000000, 0x0000000713000000, 0x0000000713200000|  0%| F|  |TAMS 0x0000000713000000, 0x0000000713000000| Untracked 
|  96|0x0000000713200000, 0x0000000713200000, 0x0000000713400000|  0%| F|  |TAMS 0x0000000713200000, 0x0000000713200000| Untracked 
|  97|0x0000000713400000, 0x0000000713400000, 0x0000000713600000|  0%| F|  |TAMS 0x0000000713400000, 0x0000000713400000| Untracked 
|  98|0x0000000713600000, 0x0000000713600000, 0x0000000713800000|  0%| F|  |TAMS 0x0000000713600000, 0x0000000713600000| Untracked 
|  99|0x0000000713800000, 0x0000000713800000, 0x0000000713a00000|  0%| F|  |TAMS 0x0000000713800000, 0x0000000713800000| Untracked 
| 100|0x0000000713a00000, 0x0000000713a00000, 0x0000000713c00000|  0%| F|  |TAMS 0x0000000713a00000, 0x0000000713a00000| Untracked 
| 101|0x0000000713c00000, 0x0000000713c00000, 0x0000000713e00000|  0%| F|  |TAMS 0x0000000713c00000, 0x0000000713c00000| Untracked 
| 102|0x0000000713e00000, 0x0000000713e00000, 0x0000000714000000|  0%| F|  |TAMS 0x0000000713e00000, 0x0000000713e00000| Untracked 
| 103|0x0000000714000000, 0x0000000714000000, 0x0000000714200000|  0%| F|  |TAMS 0x0000000714000000, 0x0000000714000000| Untracked 
| 104|0x0000000714200000, 0x0000000714200000, 0x0000000714400000|  0%| F|  |TAMS 0x0000000714200000, 0x0000000714200000| Untracked 
| 105|0x0000000714400000, 0x0000000714400000, 0x0000000714600000|  0%| F|  |TAMS 0x0000000714400000, 0x0000000714400000| Untracked 
| 106|0x0000000714600000, 0x0000000714600000, 0x0000000714800000|  0%| F|  |TAMS 0x0000000714600000, 0x0000000714600000| Untracked 
| 107|0x0000000714800000, 0x0000000714800000, 0x0000000714a00000|  0%| F|  |TAMS 0x0000000714800000, 0x0000000714800000| Untracked 
| 108|0x0000000714a00000, 0x0000000714a00000, 0x0000000714c00000|  0%| F|  |TAMS 0x0000000714a00000, 0x0000000714a00000| Untracked 
| 109|0x0000000714c00000, 0x0000000714c00000, 0x0000000714e00000|  0%| F|  |TAMS 0x0000000714c00000, 0x0000000714c00000| Untracked 
| 110|0x0000000714e00000, 0x0000000714e00000, 0x0000000715000000|  0%| F|  |TAMS 0x0000000714e00000, 0x0000000714e00000| Untracked 
| 111|0x0000000715000000, 0x0000000715000000, 0x0000000715200000|  0%| F|  |TAMS 0x0000000715000000, 0x0000000715000000| Untracked 
| 112|0x0000000715200000, 0x0000000715200000, 0x0000000715400000|  0%| F|  |TAMS 0x0000000715200000, 0x0000000715200000| Untracked 
| 113|0x0000000715400000, 0x0000000715400000, 0x0000000715600000|  0%| F|  |TAMS 0x0000000715400000, 0x0000000715400000| Untracked 
| 114|0x0000000715600000, 0x0000000715600000, 0x0000000715800000|  0%| F|  |TAMS 0x0000000715600000, 0x0000000715600000| Untracked 
| 115|0x0000000715800000, 0x0000000715800000, 0x0000000715a00000|  0%| F|  |TAMS 0x0000000715800000, 0x0000000715800000| Untracked 
| 116|0x0000000715a00000, 0x0000000715a00000, 0x0000000715c00000|  0%| F|  |TAMS 0x0000000715a00000, 0x0000000715a00000| Untracked 
| 117|0x0000000715c00000, 0x0000000715c00000, 0x0000000715e00000|  0%| F|  |TAMS 0x0000000715c00000, 0x0000000715c00000| Untracked 
| 118|0x0000000715e00000, 0x0000000715e00000, 0x0000000716000000|  0%| F|  |TAMS 0x0000000715e00000, 0x0000000715e00000| Untracked 
| 119|0x0000000716000000, 0x0000000716000000, 0x0000000716200000|  0%| F|  |TAMS 0x0000000716000000, 0x0000000716000000| Untracked 
| 120|0x0000000716200000, 0x0000000716200000, 0x0000000716400000|  0%| F|  |TAMS 0x0000000716200000, 0x0000000716200000| Untracked 
| 121|0x0000000716400000, 0x0000000716400000, 0x0000000716600000|  0%| F|  |TAMS 0x0000000716400000, 0x0000000716400000| Untracked 
| 122|0x0000000716600000, 0x0000000716600000, 0x0000000716800000|  0%| F|  |TAMS 0x0000000716600000, 0x0000000716600000| Untracked 
| 123|0x0000000716800000, 0x0000000716800000, 0x0000000716a00000|  0%| F|  |TAMS 0x0000000716800000, 0x0000000716800000| Untracked 
| 124|0x0000000716a00000, 0x0000000716bc2d88, 0x0000000716c00000| 88%| E|  |TAMS 0x0000000716a00000, 0x0000000716a00000| Complete 
|1989|0x00000007ffc00000, 0x00000007ffd52000, 0x00000007ffe00000| 66%|OA|  |TAMS 0x00000007ffc00000, 0x00000007ffc00000| Untracked 
|1990|0x00000007ffe00000, 0x00000007ffe7c000, 0x0000000800000000| 24%|CA|  |TAMS 0x00000007ffe00000, 0x00000007ffe00000| Untracked 

Card table byte_map: [0x00007f0221a60000,0x00007f0222227000] _byte_map_base: 0x00007f021e227000

Marking Bits (Prev, Next): (CMBitMap*) 0x00007f021c079e00, (CMBitMap*) 0x00007f021c079e40
 Prev Bits: [0x00007f02004f7000, 0x00007f020432f000)
 Next Bits: [0x00007f01fc6bf000, 0x00007f02004f7000)

Polling page: 0x00007f0225602000

Metaspace:

Usage:
  Non-class:      4.12 MB capacity,   559.45 KB ( 13%) used,     3.57 MB ( 87%) free+waste,     2.81 KB ( <1%) overhead. 
      Class:    407.00 KB capacity,    51.59 KB ( 13%) used,   354.09 KB ( 87%) free+waste,     1.31 KB ( <1%) overhead. 
       Both:      4.51 MB capacity,   611.05 KB ( 13%) used,     3.91 MB ( 87%) free+waste,     4.12 KB ( <1%) overhead. 

Virtual space:
  Non-class space:        8.00 MB reserved,       4.25 MB ( 53%) committed 
      Class space:        1.00 GB reserved,     512.00 KB ( <1%) committed 
             Both:        1.01 GB reserved,       4.75 MB ( <1%) committed 

Chunk freelists:
   Non-Class:  9.00 KB
       Class:  1.00 KB
        Both:  10.00 KB

MaxMetaspaceSize: 17179869184.00 GB
CompressedClassSpaceSize: 1.00 GB

CodeHeap 'non-profiled nmethods': size=120028Kb used=64Kb max_used=64Kb free=119963Kb
 bounds [0x00007f020bdf8000, 0x00007f020c068000, 0x00007f021332f000]
CodeHeap 'profiled nmethods': size=120028Kb used=255Kb max_used=255Kb free=119772Kb
 bounds [0x00007f02048c1000, 0x00007f0204b31000, 0x00007f020bdf8000]
CodeHeap 'non-nmethods': size=5704Kb used=1103Kb max_used=1116Kb free=4600Kb
 bounds [0x00007f020432f000, 0x00007f020459f000, 0x00007f02048c1000]
 total_blobs=540 nmethods=196 adapters=258
 compilation: enabled
              stopped_count=0, restarted_count=0
 full_count=0

Compilation events (20 events):
Event: 0.068 Thread 0x00007f021c1cfac0  183       3       java.lang.invoke.MethodType::equals (56 bytes)
Event: 0.068 Thread 0x00007f021c1cfac0 nmethod 183 0x00007f02048fa790 code [0x00007f02048fa9a0, 0x00007f02048fb510]
Event: 0.068 Thread 0x00007f021c1cfac0  185       3       java.util.ImmutableCollections$ListN::size (6 bytes)
Event: 0.068 Thread 0x00007f021c1cfac0 nmethod 185 0x00007f02048fb710 code [0x00007f02048fb8a0, 0x00007f02048fb9b0]
Event: 0.068 Thread 0x00007f021c1cfac0  184   !   3       java.lang.invoke.MemberName::getFieldType (177 bytes)
Event: 0.069 Thread 0x00007f021c1cfac0 nmethod 184 0x00007f02048fba90 code [0x00007f02048fbda0, 0x00007f02048fd330]
Event: 0.069 Thread 0x00007f021c1cfac0  190       3       java.lang.invoke.LambdaForm$Name::lastUseIndex (36 bytes)
Event: 0.069 Thread 0x00007f021c1cfac0 nmethod 190 0x00007f02048fda10 code [0x00007f02048fdbc0, 0x00007f02048fde50]
Event: 0.069 Thread 0x00007f021c1cfac0  188       3       java.util.Arrays::copyOf (40 bytes)
Event: 0.069 Thread 0x00007f021c1cfac0 nmethod 188 0x00007f02048fdf90 code [0x00007f02048fe180, 0x00007f02048fe840]
Event: 0.069 Thread 0x00007f021c1cfac0  186       3       java.lang.invoke.LambdaForm$Name::<init> (44 bytes)
Event: 0.069 Thread 0x00007f021c1cfac0 nmethod 186 0x00007f02048fea10 code [0x00007f02048fec20, 0x00007f02048ff1e0]
Event: 0.069 Thread 0x00007f021c1cfac0  187       3       java.lang.invoke.LambdaForm$NamedFunction::returnType (11 bytes)
Event: 0.069 Thread 0x00007f021c1cfac0 nmethod 187 0x00007f02048ff510 code [0x00007f02048ff700, 0x00007f02048ffb80]
Event: 0.069 Thread 0x00007f021c1cfac0  191       1       java.lang.invoke.LambdaForm$NamedFunction::intrinsicName (5 bytes)
Event: 0.069 Thread 0x00007f021c1cfac0 nmethod 191 0x00007f020be07910 code [0x00007f020be07aa0, 0x00007f020be07b50]
Event: 0.070 Thread 0x00007f021c1cfac0  194       3       java.util.Arrays::copyOf (19 bytes)
Event: 0.070 Thread 0x00007f021c1cfac0 nmethod 194 0x00007f02048ffd90 code [0x00007f02048fff40, 0x00007f0204900220]
Event: 0.070 Thread 0x00007f021c1cfac0  195       3       java.lang.AbstractStringBuilder::newCapacity (59 bytes)
Event: 0.071 Thread 0x00007f021c1cfac0 nmethod 195 0x00007f0204900390 code [0x00007f0204900580, 0x00007f0204900ad0]

GC Heap History (0 events):
No events

Deoptimization events (0 events):
No events

Classes unloaded (0 events):
No events

Classes redefined (0 events):
No events

Internal exceptions (0 events):
No events

Events (20 events):
Event: 0.061 loading class sun/net/www/protocol/jar/URLJarFile done
Event: 0.061 loading class sun/nio/fs/UnixFileKey
Event: 0.061 loading class sun/nio/fs/UnixFileKey done
Event: 0.061 loading class sun/net/www/protocol/jar/URLJarFile$URLJarFileEntry
Event: 0.061 loading class sun/net/www/protocol/jar/URLJarFile$URLJarFileEntry done
Event: 0.061 loading class sun/net/www/protocol/jar/JarURLConnection$JarURLInputStream
Event: 0.061 loading class sun/net/www/protocol/jar/JarURLConnection$JarURLInputStream done
Event: 0.062 loading class java/io/FileOutputStream$1
Event: 0.062 loading class java/io/FileOutputStream$1 done
Event: 0.064 loading class java/lang/invoke/BoundMethodHandle$Species_LLLLLL
Event: 0.064 loading class java/lang/invoke/BoundMethodHandle$Species_LLLLLL done
Event: 0.066 loading class java/lang/invoke/BoundMethodHandle$Species_LLLLLLL
Event: 0.066 loading class java/lang/invoke/BoundMethodHandle$Species_LLLLLLL done
Event: 0.066 loading class java/lang/invoke/BoundMethodHandle$Species_LLLLLLLL
Event: 0.066 loading class java/lang/invoke/BoundMethodHandle$Species_LLLLLLLL done
Event: 0.067 loading class java/lang/invoke/BoundMethodHandle$Species_LLLLLLLLL
Event: 0.067 loading class java/lang/invoke/BoundMethodHandle$Species_LLLLLLLLL done
Event: 0.070 Loaded shared library /tmp/javasharedmem/libsharedmem.so
Event: 0.070 loading class java/lang/NoSuchFieldError
Event: 0.070 loading class java/lang/NoSuchFieldError done


Dynamic libraries:
707200000-716c00000 rw-p 00000000 00:00 0 
716c00000-7ffc00000 ---p 00000000 00:00 0 
7ffc00000-7ffd00000 rw-p 00000000 00:00 0 
7ffd00000-7ffd52000 rw-p 00bdc000 103:06 56624133                        /usr/lib/jvm/java-15-adoptopenjdk/lib/server/classes.jsa
7ffd52000-7ffe00000 rw-p 00000000 00:00 0 
7ffe00000-7ffe7c000 rw-p 00b60000 103:06 56624133                        /usr/lib/jvm/java-15-adoptopenjdk/lib/server/classes.jsa
7ffe7c000-800000000 rw-p 00000000 00:00 0 
800000000-800003000 rwxp 00001000 103:06 56624133                        /usr/lib/jvm/java-15-adoptopenjdk/lib/server/classes.jsa
800003000-8003e3000 rw-p 00004000 103:06 56624133                        /usr/lib/jvm/java-15-adoptopenjdk/lib/server/classes.jsa
8003e3000-800b2b000 r--p 003e4000 103:06 56624133                        /usr/lib/jvm/java-15-adoptopenjdk/lib/server/classes.jsa
800b2b000-800b2c000 ---p 00000000 00:00 0 
800b2c000-800bac000 rw-p 00000000 00:00 0 
800bac000-840b2c000 ---p 00000000 00:00 0 
55c56ee00000-55c56ee01000 r-xp 00000000 103:06 56623968                  /usr/lib/jvm/java-15-adoptopenjdk/bin/java
55c56f001000-55c56f002000 r--p 00001000 103:06 56623968                  /usr/lib/jvm/java-15-adoptopenjdk/bin/java
55c56f002000-55c56f003000 rw-p 00002000 103:06 56623968                  /usr/lib/jvm/java-15-adoptopenjdk/bin/java
55c56fb52000-55c56fb73000 rw-p 00000000 00:00 0                          [heap]
7f01b8000000-7f01b8021000 rw-p 00000000 00:00 0 
7f01b8021000-7f01bc000000 ---p 00000000 00:00 0 
7f01bc000000-7f01bc021000 rw-p 00000000 00:00 0 
7f01bc021000-7f01c0000000 ---p 00000000 00:00 0 
7f01c0000000-7f01c0021000 rw-p 00000000 00:00 0 
7f01c0021000-7f01c4000000 ---p 00000000 00:00 0 
7f01c4000000-7f01c4021000 rw-p 00000000 00:00 0 
7f01c4021000-7f01c8000000 ---p 00000000 00:00 0 
7f01c8000000-7f01c80df000 rw-p 00000000 00:00 0 
7f01c80df000-7f01cc000000 ---p 00000000 00:00 0 
7f01cc000000-7f01cc192000 rw-p 00000000 00:00 0 
7f01cc192000-7f01d0000000 ---p 00000000 00:00 0 
7f01d0000000-7f01d0021000 rw-p 00000000 00:00 0 
7f01d0021000-7f01d4000000 ---p 00000000 00:00 0 
7f01d4000000-7f01d4021000 rw-p 00000000 00:00 0 
7f01d4021000-7f01d8000000 ---p 00000000 00:00 0 
7f01d8000000-7f01d8021000 rw-p 00000000 00:00 0 
7f01d8021000-7f01dc000000 ---p 00000000 00:00 0 
7f01dc000000-7f01dc021000 rw-p 00000000 00:00 0 
7f01dc021000-7f01e0000000 ---p 00000000 00:00 0 
7f01e0000000-7f01e0021000 rw-p 00000000 00:00 0 
7f01e0021000-7f01e4000000 ---p 00000000 00:00 0 
7f01e4000000-7f01e4021000 rw-p 00000000 00:00 0 
7f01e4021000-7f01e8000000 ---p 00000000 00:00 0 
7f01e8000000-7f01e8021000 rw-p 00000000 00:00 0 
7f01e8021000-7f01ec000000 ---p 00000000 00:00 0 
7f01ec8b1000-7f01ec94a000 r--p 00000000 103:06 37753003                  /usr/lib/libstdc++.so.6.0.29
7f01ec94a000-7f01eca4a000 r-xp 00099000 103:06 37753003                  /usr/lib/libstdc++.so.6.0.29
7f01eca4a000-7f01ecab6000 r--p 00199000 103:06 37753003                  /usr/lib/libstdc++.so.6.0.29
7f01ecab6000-7f01ecac3000 r--p 00204000 103:06 37753003                  /usr/lib/libstdc++.so.6.0.29
7f01ecac3000-7f01ecac4000 rw-p 00211000 103:06 37753003                  /usr/lib/libstdc++.so.6.0.29
7f01ecac4000-7f01ecac7000 rw-p 00000000 00:00 0 
7f01ecac7000-7f01ecace000 r-xp 00000000 103:06 56624123                  /usr/lib/jvm/java-15-adoptopenjdk/lib/libzip.so
7f01ecace000-7f01eccce000 ---p 00007000 103:06 56624123                  /usr/lib/jvm/java-15-adoptopenjdk/lib/libzip.so
7f01eccce000-7f01ecccf000 r--p 00007000 103:06 56624123                  /usr/lib/jvm/java-15-adoptopenjdk/lib/libzip.so
7f01ecccf000-7f01eccd0000 rw-p 00008000 103:06 56624123                  /usr/lib/jvm/java-15-adoptopenjdk/lib/libzip.so
7f01eccd0000-7f01ecce4000 r-xp 00000000 103:06 56624114                  /usr/lib/jvm/java-15-adoptopenjdk/lib/libnet.so
7f01ecce4000-7f01ecee4000 ---p 00014000 103:06 56624114                  /usr/lib/jvm/java-15-adoptopenjdk/lib/libnet.so
7f01ecee4000-7f01ecee5000 r--p 00014000 103:06 56624114                  /usr/lib/jvm/java-15-adoptopenjdk/lib/libnet.so
7f01ecee5000-7f01ecee6000 rw-p 00015000 103:06 56624114                  /usr/lib/jvm/java-15-adoptopenjdk/lib/libnet.so
7f01ecee6000-7f01ecef7000 r-xp 00000000 103:06 56624115                  /usr/lib/jvm/java-15-adoptopenjdk/lib/libnio.so
7f01ecef7000-7f01ed0f6000 ---p 00011000 103:06 56624115                  /usr/lib/jvm/java-15-adoptopenjdk/lib/libnio.so
7f01ed0f6000-7f01ed0f7000 r--p 00010000 103:06 56624115                  /usr/lib/jvm/java-15-adoptopenjdk/lib/libnio.so
7f01ed0f7000-7f01ed0f8000 rw-p 00011000 103:06 56624115                  /usr/lib/jvm/java-15-adoptopenjdk/lib/libnio.so
7f01ed0f8000-7f01ed0fc000 ---p 00000000 00:00 0 
7f01ed0fc000-7f01ed1f9000 rw-p 00000000 00:00 0 
7f01ed1f9000-7f01ed1fa000 ---p 00000000 00:00 0 
7f01ed1fa000-7f01ed2fb000 rw-p 00000000 00:00 0 
7f01ed2fb000-7f01ed2ff000 ---p 00000000 00:00 0 
7f01ed2ff000-7f01ed3fc000 rw-p 00000000 00:00 0 
7f01ed3fc000-7f01ed400000 ---p 00000000 00:00 0 
7f01ed400000-7f01ed4fd000 rw-p 00000000 00:00 0 
7f01ed4fd000-7f01ed501000 ---p 00000000 00:00 0 
7f01ed501000-7f01ed5fe000 rw-p 00000000 00:00 0 
7f01ed5fe000-7f01ed602000 ---p 00000000 00:00 0 
7f01ed602000-7f01ed6ff000 rw-p 00000000 00:00 0 
7f01ed6ff000-7f01ed703000 ---p 00000000 00:00 0 
7f01ed703000-7f01edc40000 rw-p 00000000 00:00 0 
7f01edc40000-7f01ee000000 ---p 00000000 00:00 0 
7f01ee000000-7f01f0000000 rw-p 00000000 00:00 0 
7f01f0000000-7f01f0021000 rw-p 00000000 00:00 0 
7f01f0021000-7f01f4000000 ---p 00000000 00:00 0 
7f01f4000000-7f01f4021000 rw-p 00000000 00:00 0 
7f01f4021000-7f01f8000000 ---p 00000000 00:00 0 
7f01f8000000-7f01f8021000 rw-p 00000000 00:00 0 
7f01f8021000-7f01fc000000 ---p 00000000 00:00 0 
7f01fc0d5000-7f01fc0d9000 ---p 00000000 00:00 0 
7f01fc0d9000-7f01fc1d6000 rw-p 00000000 00:00 0 
7f01fc1d6000-7f01fc4bd000 r--p 00000000 103:06 37804465                  /usr/lib/locale/locale-archive
7f01fc4bd000-7f01fc4c1000 ---p 00000000 00:00 0 
7f01fc4c1000-7f01fc5be000 rw-p 00000000 00:00 0 
7f01fc5be000-7f01fc5c2000 ---p 00000000 00:00 0 
7f01fc5c2000-7f01fcaa7000 rw-p 00000000 00:00 0 
7f01fcaa7000-7f02004e7000 ---p 00000000 00:00 0 
7f02004e7000-7f02008df000 rw-p 00000000 00:00 0 
7f02008df000-7f020431f000 ---p 00000000 00:00 0 
7f020431f000-7f020432f000 rw-p 00000000 00:00 0 
7f020432f000-7f020459f000 rwxp 00000000 00:00 0 
7f020459f000-7f02048c1000 ---p 00000000 00:00 0 
7f02048c1000-7f0204b31000 rwxp 00000000 00:00 0 
7f0204b31000-7f020bdf8000 ---p 00000000 00:00 0 
7f020bdf8000-7f020c068000 rwxp 00000000 00:00 0 
7f020c068000-7f021332f000 ---p 00000000 00:00 0 
7f021332f000-7f021c000000 r--s 00000000 103:06 56624124                  /usr/lib/jvm/java-15-adoptopenjdk/lib/modules
7f021c000000-7f021c29a000 rw-p 00000000 00:00 0 
7f021c29a000-7f0220000000 ---p 00000000 00:00 0 
7f0220093000-7f0220096000 r--p 00000000 103:06 37752971                  /usr/lib/libgcc_s.so.1
7f0220096000-7f02200a8000 r-xp 00003000 103:06 37752971                  /usr/lib/libgcc_s.so.1
7f02200a8000-7f02200ab000 r--p 00015000 103:06 37752971                  /usr/lib/libgcc_s.so.1
7f02200ab000-7f02200ac000 ---p 00018000 103:06 37752971                  /usr/lib/libgcc_s.so.1
7f02200ac000-7f02200ad000 r--p 00018000 103:06 37752971                  /usr/lib/libgcc_s.so.1
7f02200ad000-7f02200ae000 rw-p 00019000 103:06 37752971                  /usr/lib/libgcc_s.so.1
7f02200d8000-7f02200dd000 r--p 00000000 00:23 8108                       /tmp/javasharedmem/libsharedmem.so
7f02200dd000-7f02200e1000 r-xp 00005000 00:23 8108                       /tmp/javasharedmem/libsharedmem.so
7f02200e1000-7f02200e3000 r--p 00009000 00:23 8108                       /tmp/javasharedmem/libsharedmem.so
7f02200e3000-7f02200e4000 r--p 0000a000 00:23 8108                       /tmp/javasharedmem/libsharedmem.so
7f02200e4000-7f02200e5000 rw-p 0000b000 00:23 8108                       /tmp/javasharedmem/libsharedmem.so
7f02200e5000-7f02200e6000 ---p 00000000 00:00 0 
7f02200e6000-7f0220304000 rw-p 00000000 00:00 0 
7f0220304000-7f0220305000 ---p 00000000 00:00 0 
7f0220305000-7f0220406000 rw-p 00000000 00:00 0 
7f0220406000-7f0220407000 ---p 00000000 00:00 0 
7f0220407000-7f0220f12000 rw-p 00000000 00:00 0 
7f0220f12000-7f0220f13000 ---p 00000000 00:00 0 
7f0220f13000-7f0221014000 rw-p 00000000 00:00 0 
7f0221014000-7f0221015000 ---p 00000000 00:00 0 
7f0221015000-7f0221116000 rw-p 00000000 00:00 0 
7f0221116000-7f0221117000 ---p 00000000 00:00 0 
7f0221117000-7f0221316000 rw-p 00000000 00:00 0 
7f0221316000-7f0221a5e000 ---p 00000000 00:00 0 
7f0221a5e000-7f0221add000 rw-p 00000000 00:00 0 
7f0221add000-7f0222225000 ---p 00000000 00:00 0 
7f0222225000-7f02222a4000 rw-p 00000000 00:00 0 
7f02222a4000-7f02229ec000 ---p 00000000 00:00 0 
7f02229ec000-7f02233fd000 rw-p 00000000 00:00 0 
7f02233fd000-7f02234e3000 ---p 00000000 00:00 0 
7f02234e3000-7f02234e8000 rw-p 00000000 00:00 0 
7f02234e8000-7f02235ce000 ---p 00000000 00:00 0 
7f02235ce000-7f02235d3000 rw-p 00000000 00:00 0 
7f02235d3000-7f02235da000 ---p 00000000 00:00 0 
7f02235da000-7f02235fe000 r-xp 00000000 103:06 56624101                  /usr/lib/jvm/java-15-adoptopenjdk/lib/libjava.so
7f02235fe000-7f02237fd000 ---p 00024000 103:06 56624101                  /usr/lib/jvm/java-15-adoptopenjdk/lib/libjava.so
7f02237fd000-7f02237fe000 r--p 00023000 103:06 56624101                  /usr/lib/jvm/java-15-adoptopenjdk/lib/libjava.so
7f02237fe000-7f02237ff000 rw-p 00024000 103:06 56624101                  /usr/lib/jvm/java-15-adoptopenjdk/lib/libjava.so
7f02237ff000-7f0223800000 rw-p 00000000 00:00 0 
7f0223800000-7f022381b000 r-xp 00000000 103:06 56624105                  /usr/lib/jvm/java-15-adoptopenjdk/lib/libjimage.so
7f022381b000-7f0223a1a000 ---p 0001b000 103:06 56624105                  /usr/lib/jvm/java-15-adoptopenjdk/lib/libjimage.so
7f0223a1a000-7f0223a1c000 r--p 0001a000 103:06 56624105                  /usr/lib/jvm/java-15-adoptopenjdk/lib/libjimage.so
7f0223a1c000-7f0223a1d000 rw-p 0001c000 103:06 56624105                  /usr/lib/jvm/java-15-adoptopenjdk/lib/libjimage.so
7f0223a1d000-7f0223a20000 r--p 00000000 103:06 37752233                  /usr/lib/librt-2.33.so
7f0223a20000-7f0223a24000 r-xp 00003000 103:06 37752233                  /usr/lib/librt-2.33.so
7f0223a24000-7f0223a26000 r--p 00007000 103:06 37752233                  /usr/lib/librt-2.33.so
7f0223a26000-7f0223a27000 r--p 00008000 103:06 37752233                  /usr/lib/librt-2.33.so
7f0223a27000-7f0223a28000 rw-p 00009000 103:06 37752233                  /usr/lib/librt-2.33.so
7f0223a28000-7f0223a2c000 ---p 00000000 00:00 0 
7f0223a2c000-7f0223b29000 rw-p 00000000 00:00 0 
7f0223b29000-7f0223b38000 r--p 00000000 103:06 37752191                  /usr/lib/libm-2.33.so
7f0223b38000-7f0223bd2000 r-xp 0000f000 103:06 37752191                  /usr/lib/libm-2.33.so
7f0223bd2000-7f0223c6a000 r--p 000a9000 103:06 37752191                  /usr/lib/libm-2.33.so
7f0223c6a000-7f0223c6b000 ---p 00141000 103:06 37752191                  /usr/lib/libm-2.33.so
7f0223c6b000-7f0223c6c000 r--p 00141000 103:06 37752191                  /usr/lib/libm-2.33.so
7f0223c6c000-7f0223c6d000 rw-p 00142000 103:06 37752191                  /usr/lib/libm-2.33.so
7f0223c6d000-7f0224e59000 r-xp 00000000 103:06 56624136                  /usr/lib/jvm/java-15-adoptopenjdk/lib/server/libjvm.so
7f0224e59000-7f0225059000 ---p 011ec000 103:06 56624136                  /usr/lib/jvm/java-15-adoptopenjdk/lib/server/libjvm.so
7f0225059000-7f02250f6000 r--p 011ec000 103:06 56624136                  /usr/lib/jvm/java-15-adoptopenjdk/lib/server/libjvm.so
7f02250f6000-7f022512f000 rw-p 01289000 103:06 56624136                  /usr/lib/jvm/java-15-adoptopenjdk/lib/server/libjvm.so
7f022512f000-7f02251ba000 rw-p 00000000 00:00 0 
7f02251ba000-7f02251e0000 r--p 00000000 103:06 37752176                  /usr/lib/libc-2.33.so
7f02251e0000-7f022532b000 r-xp 00026000 103:06 37752176                  /usr/lib/libc-2.33.so
7f022532b000-7f0225377000 r--p 00171000 103:06 37752176                  /usr/lib/libc-2.33.so
7f0225377000-7f022537a000 r--p 001bc000 103:06 37752176                  /usr/lib/libc-2.33.so
7f022537a000-7f022537d000 rw-p 001bf000 103:06 37752176                  /usr/lib/libc-2.33.so
7f022537d000-7f0225386000 rw-p 00000000 00:00 0 
7f0225386000-7f0225388000 r--p 00000000 103:06 37752184                  /usr/lib/libdl-2.33.so
7f0225388000-7f022538a000 r-xp 00002000 103:06 37752184                  /usr/lib/libdl-2.33.so
7f022538a000-7f022538b000 r--p 00004000 103:06 37752184                  /usr/lib/libdl-2.33.so
7f022538b000-7f022538c000 r--p 00004000 103:06 37752184                  /usr/lib/libdl-2.33.so
7f022538c000-7f022538d000 rw-p 00005000 103:06 37752184                  /usr/lib/libdl-2.33.so
7f022538d000-7f0225394000 r--p 00000000 103:06 37752224                  /usr/lib/libpthread-2.33.so
7f0225394000-7f02253a3000 r-xp 00007000 103:06 37752224                  /usr/lib/libpthread-2.33.so
7f02253a3000-7f02253a7000 r--p 00016000 103:06 37752224                  /usr/lib/libpthread-2.33.so
7f02253a7000-7f02253a8000 ---p 0001a000 103:06 37752224                  /usr/lib/libpthread-2.33.so
7f02253a8000-7f02253a9000 r--p 0001a000 103:06 37752224                  /usr/lib/libpthread-2.33.so
7f02253a9000-7f02253aa000 rw-p 0001b000 103:06 37752224                  /usr/lib/libpthread-2.33.so
7f02253aa000-7f02253ae000 rw-p 00000000 00:00 0 
7f02253ae000-7f02253bd000 r-xp 00000000 103:06 56624106                  /usr/lib/jvm/java-15-adoptopenjdk/lib/libjli.so
7f02253bd000-7f02255bd000 ---p 0000f000 103:06 56624106                  /usr/lib/jvm/java-15-adoptopenjdk/lib/libjli.so
7f02255bd000-7f02255be000 r--p 0000f000 103:06 56624106                  /usr/lib/jvm/java-15-adoptopenjdk/lib/libjli.so
7f02255be000-7f02255bf000 rw-p 00010000 103:06 56624106                  /usr/lib/jvm/java-15-adoptopenjdk/lib/libjli.so
7f02255bf000-7f02255c2000 r--p 00000000 103:06 37757757                  /usr/lib/libz.so.1.2.11
7f02255c2000-7f02255d0000 r-xp 00003000 103:06 37757757                  /usr/lib/libz.so.1.2.11
7f02255d0000-7f02255d6000 r--p 00011000 103:06 37757757                  /usr/lib/libz.so.1.2.11
7f02255d6000-7f02255d7000 ---p 00017000 103:06 37757757                  /usr/lib/libz.so.1.2.11
7f02255d7000-7f02255d8000 r--p 00017000 103:06 37757757                  /usr/lib/libz.so.1.2.11
7f02255d8000-7f02255d9000 rw-p 00018000 103:06 37757757                  /usr/lib/libz.so.1.2.11
7f02255d9000-7f02255db000 rw-p 00000000 00:00 0 
7f02255e1000-7f02255e2000 r--p 00000000 103:06 37783717                  /usr/lib/libboost_system.so.1.76.0
7f02255e2000-7f02255e3000 r-xp 00001000 103:06 37783717                  /usr/lib/libboost_system.so.1.76.0
7f02255e3000-7f02255e4000 r--p 00002000 103:06 37783717                  /usr/lib/libboost_system.so.1.76.0
7f02255e4000-7f02255e5000 r--p 00002000 103:06 37783717                  /usr/lib/libboost_system.so.1.76.0
7f02255e5000-7f02255e6000 rw-p 00003000 103:06 37783717                  /usr/lib/libboost_system.so.1.76.0
7f02255e6000-7f02255ee000 rw-s 00000000 00:23 8106                       /tmp/hsperfdata_max/28952
7f02255ee000-7f02255f1000 r--p 00000000 103:06 37752214                  /usr/lib/libnss_files-2.33.so
7f02255f1000-7f02255f8000 r-xp 00003000 103:06 37752214                  /usr/lib/libnss_files-2.33.so
7f02255f8000-7f02255fa000 r--p 0000a000 103:06 37752214                  /usr/lib/libnss_files-2.33.so
7f02255fa000-7f02255fb000 r--p 0000b000 103:06 37752214                  /usr/lib/libnss_files-2.33.so
7f02255fb000-7f02255fc000 rw-p 0000c000 103:06 37752214                  /usr/lib/libnss_files-2.33.so
7f02255fc000-7f0225602000 rw-p 00000000 00:00 0 
7f0225602000-7f0225603000 ---p 00000000 00:00 0 
7f0225603000-7f0225604000 r--p 00000000 00:00 0 
7f0225604000-7f0225605000 ---p 00000000 00:00 0 
7f0225605000-7f0225606000 r--p 00000000 103:06 37752164                  /usr/lib/ld-2.33.so
7f0225606000-7f022562a000 r-xp 00001000 103:06 37752164                  /usr/lib/ld-2.33.so
7f022562a000-7f0225633000 r--p 00025000 103:06 37752164                  /usr/lib/ld-2.33.so
7f0225633000-7f0225635000 r--p 0002d000 103:06 37752164                  /usr/lib/ld-2.33.so
7f0225635000-7f0225637000 rw-p 0002f000 103:06 37752164                  /usr/lib/ld-2.33.so
7fff6420a000-7fff6422b000 rw-p 00000000 00:00 0                          [stack]
7fff64389000-7fff6438d000 r--p 00000000 00:00 0                          [vvar]
7fff6438d000-7fff6438f000 r-xp 00000000 00:00 0                          [vdso]
ffffffffff600000-ffffffffff601000 --xp 00000000 00:00 0                  [vsyscall]


VM Arguments:
java_command: target/sharedmem-1.0.0.jar
java_class_path (initial): target/sharedmem-1.0.0.jar
Launcher Type: SUN_STANDARD

[Global flags]
     intx CICompilerCount                          = 4                                         {product} {ergonomic}
     uint ConcGCThreads                            = 3                                         {product} {ergonomic}
     uint G1ConcRefinementThreads                  = 10                                        {product} {ergonomic}
   size_t G1HeapRegionSize                         = 2097152                                   {product} {ergonomic}
    uintx GCDrainStackTargetSize                   = 64                                        {product} {ergonomic}
   size_t InitialHeapSize                          = 262144000                                 {product} {ergonomic}
   size_t MarkStackSize                            = 4194304                                   {product} {ergonomic}
   size_t MaxHeapSize                              = 4175429632                                {product} {ergonomic}
   size_t MaxNewSize                               = 2503999488                                {product} {ergonomic}
   size_t MinHeapDeltaBytes                        = 2097152                                   {product} {ergonomic}
   size_t MinHeapSize                              = 8388608                                   {product} {ergonomic}
    uintx NonNMethodCodeHeapSize                   = 5839372                                {pd product} {ergonomic}
    uintx NonProfiledCodeHeapSize                  = 122909434                              {pd product} {ergonomic}
    uintx ProfiledCodeHeapSize                     = 122909434                              {pd product} {ergonomic}
    uintx ReservedCodeCacheSize                    = 251658240                              {pd product} {ergonomic}
     bool SegmentedCodeCache                       = true                                      {product} {ergonomic}
   size_t SoftMaxHeapSize                          = 4175429632                             {manageable} {ergonomic}
     bool UseCompressedClassPointers               = true                                 {lp64_product} {ergonomic}
     bool UseCompressedOops                        = true                                 {lp64_product} {ergonomic}
     bool UseG1GC                                  = true                                      {product} {ergonomic}

Logging:
Log output configuration:
 #0: stdout all=warning uptime,level,tags
 #1: stderr all=off uptime,level,tags

Environment Variables:
PATH=/usr/local/sbin:/usr/local/bin:/usr/bin:/opt/cuda/bin:/opt/cuda/nsight_compute:/opt/cuda/nsight_systems/bin:/home/max/.dotnet/tools:/usr/lib/jvm/default/bin:/usr/bin/site_perl:/usr/bin/vendor_perl:/usr/bin/core_perl:/var/lib/snapd/snap/bin:/home/max/.local/bin:/home/max/.local/bin
SHELL=/usr/bin/zsh
DISPLAY=:0
LANG=en_US.UTF-8

Signal Handlers:
SIGSEGV: [libjvm.so+0xec40d0], sa_mask[0]=11111111011111111101111111111110, sa_flags=SA_RESTART|SA_SIGINFO
SIGBUS: [libjvm.so+0xec40d0], sa_mask[0]=11111111011111111101111111111110, sa_flags=SA_RESTART|SA_SIGINFO
SIGFPE: [libjvm.so+0xec40d0], sa_mask[0]=11111111011111111101111111111110, sa_flags=SA_RESTART|SA_SIGINFO
SIGPIPE: [libjvm.so+0xbbcca0], sa_mask[0]=11111111011111111101111111111110, sa_flags=SA_RESTART|SA_SIGINFO
SIGXFSZ: [libjvm.so+0xbbcca0], sa_mask[0]=11111111011111111101111111111110, sa_flags=SA_RESTART|SA_SIGINFO
SIGILL: [libjvm.so+0xec40d0], sa_mask[0]=11111111011111111101111111111110, sa_flags=SA_RESTART|SA_SIGINFO
SIGUSR2: [libjvm.so+0xbbcb40], sa_mask[0]=00000000000000000000000000000000, sa_flags=SA_RESTART|SA_SIGINFO
SIGHUP: [libjvm.so+0xbbd260], sa_mask[0]=11111111011111111101111111111110, sa_flags=SA_RESTART|SA_SIGINFO
SIGINT: [libjvm.so+0xbbd260], sa_mask[0]=11111111011111111101111111111110, sa_flags=SA_RESTART|SA_SIGINFO
SIGTERM: [libjvm.so+0xbbd260], sa_mask[0]=11111111011111111101111111111110, sa_flags=SA_RESTART|SA_SIGINFO
SIGQUIT: [libjvm.so+0xbbd260], sa_mask[0]=11111111011111111101111111111110, sa_flags=SA_RESTART|SA_SIGINFO


---------------  S Y S T E M  ---------------

OS:
LSB_VERSION=1.4
DISTRIB_ID=Arch
DISTRIB_RELEASE=rolling
DISTRIB_DESCRIPTION="Arch Linux"
uname: Linux 5.13.8-arch1-1 #1 SMP PREEMPT Wed, 04 Aug 2021 16:57:44 +0000 x86_64
OS uptime: 0 days 4:32 hours
libc: glibc 2.33 NPTL 2.33 
rlimit (soft/hard): STACK 8192k/infinity , CORE infinity/infinity , NPROC 63600/63600 , NOFILE 524288/524288 , AS infinity/infinity , CPU infinity/infinity , DATA infinity/infinity , FSIZE infinity/infinity , MEMLOCK 64k/64k
load average: 2.03 1.70 1.58

/proc/meminfo:
MemTotal:       16306308 kB
MemFree:         1595256 kB
MemAvailable:    7073904 kB
Buffers:          855236 kB
Cached:          5166280 kB
SwapCached:         9604 kB
Active:          3249728 kB
Inactive:       10307536 kB
Active(anon):     391220 kB
Inactive(anon):  7605132 kB
Active(file):    2858508 kB
Inactive(file):  2702404 kB
Unevictable:         112 kB
Mlocked:             112 kB
SwapTotal:        524284 kB
SwapFree:          32836 kB
Dirty:             30348 kB
Writeback:             0 kB
AnonPages:       7526520 kB
Mapped:          2019996 kB
Shmem:            462752 kB
KReclaimable:     254156 kB
Slab:             475852 kB
SReclaimable:     254156 kB
SUnreclaim:       221696 kB
KernelStack:       24008 kB
PageTables:        81912 kB
NFS_Unstable:          0 kB
Bounce:                0 kB
WritebackTmp:          0 kB
CommitLimit:     8677436 kB
Committed_AS:   20699480 kB
VmallocTotal:   34359738367 kB
VmallocUsed:      104756 kB
VmallocChunk:          0 kB
Percpu:            18432 kB
HardwareCorrupted:     0 kB
AnonHugePages:         0 kB
ShmemHugePages:        0 kB
ShmemPmdMapped:        0 kB
FileHugePages:         0 kB
FilePmdMapped:         0 kB
CmaTotal:              0 kB
CmaFree:               0 kB
HugePages_Total:       0
HugePages_Free:        0
HugePages_Rsvd:        0
HugePages_Surp:        0
Hugepagesize:       2048 kB
Hugetlb:               0 kB
DirectMap4k:     1498512 kB
DirectMap2M:    15202304 kB
DirectMap1G:           0 kB

/sys/kernel/mm/transparent_hugepage/enabled: always [madvise] never
/sys/kernel/mm/transparent_hugepage/defrag (defrag/compaction efforts parameter): always defer defer+madvise [madvise] never

/proc/sys/kernel/threads-max (system-wide limit on the number of threads): 127201
/proc/sys/vm/max_map_count (maximum number of memory map areas a process may have): 65530
/proc/sys/kernel/pid_max (system-wide limit on number of process identifiers): 4194304

container (cgroup) information:
container_type: cgroupv2
cpu_cpuset_cpus: not supported
cpu_memory_nodes: not supported
active_processor_count: 12
cpu_quota: not supported
cpu_period: not supported
cpu_shares: not supported
memory_limit_in_bytes: unlimited
memory_and_swap_limit_in_bytes: unlimited
memory_soft_limit_in_bytes: unlimited
memory_usage_in_bytes: 10979893248
memory_max_usage_in_bytes: not supported

Steal ticks since vm start: 0
Steal ticks percentage since vm start:  0.000

CPU: total 12 (initial active 12) (12 cores per cpu, 2 threads per core) family 23 model 113 stepping 0 microcode 0x8701021, cmov, cx8, fxsr, mmx, sse, sse2, sse3, ssse3, sse4.1, sse4.2, popcnt, vzeroupper, avx, avx2, aes, clmul, 3dnowpref, lzcnt, sse4a, ht, tsc, tscinvbit, tscinv, bmi1, bmi2, adx, sha, fma, clflush, clflushopt
CPU Model and flags from /proc/cpuinfo:
model name	: AMD Ryzen 5 3600X 6-Core Processor
flags		: fpu vme de pse tsc msr pae mce cx8 apic sep mtrr pge mca cmov pat pse36 clflush mmx fxsr sse sse2 ht syscall nx mmxext fxsr_opt pdpe1gb rdtscp lm constant_tsc rep_good nopl nonstop_tsc cpuid extd_apicid aperfmperf pni pclmulqdq monitor ssse3 fma cx16 sse4_1 sse4_2 movbe popcnt aes xsave avx f16c rdrand lahf_lm cmp_legacy svm extapic cr8_legacy abm sse4a misalignsse 3dnowprefetch osvw ibs skinit wdt tce topoext perfctr_core perfctr_nb bpext perfctr_llc mwaitx cpb cat_l3 cdp_l3 hw_pstate ssbd mba ibpb stibp vmmcall fsgsbase bmi1 avx2 smep bmi2 cqm rdt_a rdseed adx smap clflushopt clwb sha_ni xsaveopt xsavec xgetbv1 xsaves cqm_llc cqm_occup_llc cqm_mbm_total cqm_mbm_local clzero irperf xsaveerptr rdpru wbnoinvd arat npt lbrv svm_lock nrip_save tsc_scale vmcb_clean flushbyasid decodeassists pausefilter pfthreshold avic v_vmsave_vmload vgif v_spec_ctrl umip rdpid overflow_recov succor smca sme sev sev_es

Online cpus: 0-11
Offline cpus: 12-31
BIOS frequency limitation: 3800000
Frequency switch latency (ns): 0
Available cpu frequencies: 3800000 2800000 2200000 
Current governor: schedutil
Core performance/turbo boost: 1

Memory: 4k page, physical 16306308k(1595248k free), swap 524284k(32836k free)

vm_info: OpenJDK 64-Bit Server VM (15.0.2+7) for linux-amd64 JRE (15.0.2+7), built on Jan 21 2021 11:55:36 by "" with gcc 7.5.0

END.
