#
# A fatal error has been detected by the Java Runtime Environment:
#
#  SIGSEGV (0xb) at pc=0x00007fabf8010e18, pid=27305, tid=27306
#
# JRE version: OpenJDK Runtime Environment AdoptOpenJDK (15.0.2+7) (build 15.0.2+7)
# Java VM: OpenJDK 64-Bit Server VM AdoptOpenJDK (15.0.2+7, mixed mode, sharing, tiered, compressed oops, g1 gc, linux-amd64)
# Problematic frame:
# C  [libsharedmem.so+0x5e18]  Java_dev_cerus_sharedmem_NativeMemoryMappedFile_readNative+0x100
#
# Core dump will be written. Default location: Core dumps may be processed with "/usr/lib/systemd/systemd-coredump %P %u %g %s %t %c %h" (or dumping to /mnt/nvme/Development/IntelliJ/Workspace/sharedmem/core.27305)
#
# If you would like to submit a bug report, please visit:
#   https://github.com/AdoptOpenJDK/openjdk-support/issues
# The crash happened outside the Java Virtual Machine in native code.
# See problematic frame for where to report the bug.
#

---------------  S U M M A R Y ------------

Command Line: target/sharedmem-1.0.0.jar

Host: AMD Ryzen 5 3600X 6-Core Processor, 12 cores, 15G, Arch Linux
Time: Thu Aug 12 15:07:38 2021 CEST elapsed time: 0.075455 seconds (0d 0h 0m 0s)

---------------  T H R E A D  ---------------

Current thread (0x00007fabf4028120):  JavaThread "main" [_thread_in_native, id=27306, stack(0x00007fabf9adf000,0x00007fabf9be0000)]

Stack: [0x00007fabf9adf000,0x00007fabf9be0000],  sp=0x00007fabf9bde550,  free space=1021k
Native frames: (J=compiled Java code, A=aot compiled Java code, j=interpreted, Vv=VM code, C=native code)
C  [libsharedmem.so+0x5e18]  Java_dev_cerus_sharedmem_NativeMemoryMappedFile_readNative+0x100
j  dev.cerus.sharedmem.NativeMemoryMappedFile.readNative(II)[B+0
j  dev.cerus.sharedmem.NativeMemoryMappedFile.read(II)[B+3
j  dev.cerus.sharedmem.Test.main([Ljava/lang/String;)V+35
v  ~StubRoutines::call_stub
V  [libjvm.so+0x7e2425]
V  [libjvm.so+0x86e42a]
V  [libjvm.so+0x870a8e]
C  [libjli.so+0x575d]
C  [libjli.so+0x8769]

Java frames: (J=compiled Java code, j=interpreted, Vv=VM code)
j  dev.cerus.sharedmem.NativeMemoryMappedFile.readNative(II)[B+0
j  dev.cerus.sharedmem.NativeMemoryMappedFile.read(II)[B+3
j  dev.cerus.sharedmem.Test.main([Ljava/lang/String;)V+35
v  ~StubRoutines::call_stub

siginfo: si_signo: 11 (SIGSEGV), si_code: 1 (SEGV_MAPERR), si_addr: 0x0000000000000000

Register to memory mapping:

RAX=0x0 is NULL
RBX=0x00007fabf9bde750 is pointing into the stack for thread: 0x00007fabf4028120
RCX=0x0000000000000003 is an unknown value
RDX=0x0000000000000001 is an unknown value
RSP=0x00007fabf9bde550 is pointing into the stack for thread: 0x00007fabf4028120
RBP=0x00007fabf9bde7d0 is pointing into the stack for thread: 0x00007fabf4028120
RSI=0x0000000000000010 is an unknown value
RDI=0x00007fabf80174a0: region+0x0000000000000000 in /tmp/javasharedmem/libsharedmem.so at 0x00007fabf800b000
R8 =0x00007fabf429e840 points into unknown readable memory: 0x00007fabfb19fc00 | 00 fc 19 fb ab 7f 00 00
R9 =0x0000557adb61ff80 points into unknown readable memory: 0x0000000000000002 | 02 00 00 00 00 00 00 00
R10=0x00007fabdc33e3c1 is at code_begin+897 in an Interpreter codelet
method entry point (kind = native)  [0x00007fabdc33e040, 0x00007fabdc33e9a0]  2400 bytes
R11=0x0000000000000102 is an unknown value
R12=0x0000000000000200 is an unknown value
R13=0x0 is NULL
R14=0x0000000000000200 is an unknown value
R15=0x0 is NULL


Registers:
RAX=0x0000000000000000, RBX=0x00007fabf9bde750, RCX=0x0000000000000003, RDX=0x0000000000000001
RSP=0x00007fabf9bde550, RBP=0x00007fabf9bde7d0, RSI=0x0000000000000010, RDI=0x00007fabf80174a0
R8 =0x00007fabf429e840, R9 =0x0000557adb61ff80, R10=0x00007fabdc33e3c1, R11=0x0000000000000102
R12=0x0000000000000200, R13=0x0000000000000000, R14=0x0000000000000200, R15=0x0000000000000000
RIP=0x00007fabf8010e18, EFLAGS=0x0000000000010287, CSGSFS=0x002b000000000033, ERR=0x0000000000000004
  TRAPNO=0x000000000000000e

Top of Stack: (sp=0x00007fabf9bde550)
0x00007fabf9bde550:   0000000000000000 0000000000000000
0x00007fabf9bde560:   0000000000000000 0000000000000000
0x00007fabf9bde570:   0000000000000000 0000000000000002
0x00007fabf9bde580:   0000000000000000 0000000000000000 

Instructions: (pc=0x00007fabf8010e18)
0x00007fabf8010d18:   55 48 89 e5 41 57 41 56 41 55 41 54 53 48 83 ec
0x00007fabf8010d28:   58 48 89 7d 98 48 89 75 90 89 55 8c 89 4d 88 64
0x00007fabf8010d38:   48 8b 04 25 28 00 00 00 48 89 45 c8 31 c0 48 89
0x00007fabf8010d48:   e0 48 89 c3 83 7d 88 ff 75 14 48 8b 05 2f 62 00
0x00007fabf8010d58:   00 48 89 c7 e8 5f f8 ff ff 89 45 a4 eb 06 8b 45
0x00007fabf8010d68:   88 89 45 a4 8b 55 a4 48 8b 45 98 89 d6 48 89 c7
0x00007fabf8010d78:   e8 e3 f5 ff ff 48 89 45 b0 48 83 7d b0 00 75 0a
0x00007fabf8010d88:   b8 00 00 00 00 e9 c6 00 00 00 8b 45 a4 48 63 d0
0x00007fabf8010d98:   48 83 ea 01 48 89 55 b8 48 63 d0 49 89 d6 41 bf
0x00007fabf8010da8:   00 00 00 00 48 63 d0 49 89 d4 41 bd 00 00 00 00
0x00007fabf8010db8:   48 98 ba 10 00 00 00 48 83 ea 01 48 01 d0 be 10
0x00007fabf8010dc8:   00 00 00 ba 00 00 00 00 48 f7 f6 48 6b c0 10 48
0x00007fabf8010dd8:   29 c4 48 89 e0 48 83 c0 00 48 89 45 c0 48 8b 05
0x00007fabf8010de8:   9c 61 00 00 48 89 c7 e8 2c fa ff ff 48 89 c2 8b
0x00007fabf8010df8:   45 8c 48 98 48 01 d0 48 89 45 a8 c7 45 a0 00 00
0x00007fabf8010e08:   00 00 eb 1f 48 8b 45 a8 48 8d 50 01 48 89 55 a8
0x00007fabf8010e18:   0f b6 08 48 8b 55 c0 8b 45 a0 48 98 88 0c 02 83
0x00007fabf8010e28:   45 a0 01 8b 45 a0 3b 45 a4 7c d9 48 8b 4d c0 8b
0x00007fabf8010e38:   55 a4 48 8b 75 b0 48 8b 45 98 49 89 c8 89 d1 ba
0x00007fabf8010e48:   00 00 00 00 48 89 c7 e8 4c f8 ff ff 48 8b 45 b0
0x00007fabf8010e58:   48 89 dc 48 8b 55 c8 64 48 2b 14 25 28 00 00 00
0x00007fabf8010e68:   74 05 e8 31 f7 ff ff 48 8d 65 d8 5b 41 5c 41 5d
0x00007fabf8010e78:   41 5e 41 5f 5d c3 55 48 89 e5 48 83 ec 30 48 89
0x00007fabf8010e88:   7d e8 48 89 75 e0 89 55 dc 48 89 4d d0 48 8b 55
0x00007fabf8010e98:   d0 48 8b 45 e8 48 89 d6 48 89 c7 e8 08 f5 ff ff
0x00007fabf8010ea8:   48 98 48 89 45 f0 48 8b 4d d0 48 8b 45 e8 ba 00
0x00007fabf8010eb8:   00 00 00 48 89 ce 48 89 c7 e8 fa f5 ff ff 48 89
0x00007fabf8010ec8:   45 f8 48 8b 05 b7 60 00 00 48 89 c7 e8 47 f9 ff
0x00007fabf8010ed8:   ff 48 89 c1 48 8b 55 f0 48 8b 45 f8 48 89 c6 48
0x00007fabf8010ee8:   89 cf e8 d1 f4 ff ff 48 8b 55 f8 48 8b 75 d0 48
0x00007fabf8010ef8:   8b 45 e8 b9 02 00 00 00 48 89 c7 e8 88 f7 ff ff
0x00007fabf8010f08:   b8 00 00 00 00 c9 c3 55 48 89 e5 53 48 81 ec 88 


Stack slot to memory mapping:
stack at sp + 0 slots: 0x0 is NULL
stack at sp + 1 slots: 0x0 is NULL
stack at sp + 2 slots: 0x0 is NULL
stack at sp + 3 slots: 0x0 is NULL
stack at sp + 4 slots: 0x0 is NULL
stack at sp + 5 slots: 0x0000000000000002 is an unknown value
stack at sp + 6 slots: 0x0 is NULL
stack at sp + 7 slots: 0x0 is NULL


---------------  P R O C E S S  ---------------

Threads class SMR info:
_java_thread_list=0x00007fabf421a6d0, length=10, elements={
0x00007fabf4028120, 0x00007fabf41c2a00, 0x00007fabf41c4140, 0x00007fabf41caf60,
0x00007fabf41cc670, 0x00007fabf41ce290, 0x00007fabf41cfac0, 0x00007fabf41d11c0,
0x00007fabf4216110, 0x00007fabf4219410
}

Java Threads: ( => current thread )
=>0x00007fabf4028120 JavaThread "main" [_thread_in_native, id=27306, stack(0x00007fabf9adf000,0x00007fabf9be0000)]
  0x00007fabf41c2a00 JavaThread "Reference Handler" daemon [_thread_blocked, id=27313, stack(0x00007fabbbeff000,0x00007fabbc000000)]
  0x00007fabf41c4140 JavaThread "Finalizer" daemon [_thread_blocked, id=27314, stack(0x00007fabbbdfe000,0x00007fabbbeff000)]
  0x00007fabf41caf60 JavaThread "Signal Dispatcher" daemon [_thread_blocked, id=27315, stack(0x00007fabbba16000,0x00007fabbbb17000)]
  0x00007fabf41cc670 JavaThread "Service Thread" daemon [_thread_blocked, id=27316, stack(0x00007fabbb915000,0x00007fabbba16000)]
  0x00007fabf41ce290 JavaThread "C2 CompilerThread0" daemon [_thread_blocked, id=27317, stack(0x00007fabbb814000,0x00007fabbb915000)]
  0x00007fabf41cfac0 JavaThread "C1 CompilerThread0" daemon [_thread_blocked, id=27318, stack(0x00007fabbb713000,0x00007fabbb814000)]
  0x00007fabf41d11c0 JavaThread "Sweeper thread" daemon [_thread_blocked, id=27319, stack(0x00007fabbb612000,0x00007fabbb713000)]
  0x00007fabf4216110 JavaThread "Notification Thread" daemon [_thread_blocked, id=27320, stack(0x00007fabbb511000,0x00007fabbb612000)]
  0x00007fabf4219410 JavaThread "Common-Cleaner" daemon [_thread_blocked, id=27322, stack(0x00007fabbb30e000,0x00007fabbb40f000)]

Other Threads:
  0x00007fabf41bfcb0 VMThread "VM Thread" [stack: 0x00007fabd0044000,0x00007fabd0144000] [id=27312]
  0x00007fabf4217cd0 WatcherThread [stack: 0x00007fabbb411000,0x00007fabbb511000] [id=27321]
  0x00007fabf4079060 GCTaskThread "GC Thread#0" [stack: 0x00007fabf815d000,0x00007fabf825d000] [id=27307]
  0x00007fabf408a2c0 ConcurrentGCThread "G1 Main Marker" [stack: 0x00007fabf805b000,0x00007fabf815b000] [id=27308]
  0x00007fabf408b550 ConcurrentGCThread "G1 Conc#0" [stack: 0x00007fabd3631000,0x00007fabd3731000] [id=27309]
  0x00007fabf4149d90 ConcurrentGCThread "G1 Refine#0" [stack: 0x00007fabd0b25000,0x00007fabd0c25000] [id=27310]
  0x00007fabf414afa0 ConcurrentGCThread "G1 Young RemSet Sampling" [stack: 0x00007fabd0a23000,0x00007fabd0b23000] [id=27311]

Threads with active compile tasks:

VM state: not at safepoint (normal execution)

VM Mutex/Monitor currently owned by a thread: None

Heap address: 0x0000000707200000, size: 3982 MB, Compressed Oops mode: Zero based, Oop shift amount: 3
CDS archive(s) mapped at: [0x0000000800000000-0x0000000800b2b000-0x0000000800b2b000), size 11710464, SharedBaseAddress: 0x0000000800000000, ArchiveRelocationMode: 0.
Compressed class space mapped at: 0x0000000800b2c000-0x0000000840b2c000, size: 1073741824
Narrow klass base: 0x0000000800000000, Narrow klass shift: 3, Narrow klass range: 0x100000000

GC Precious Log:
 CPUs: 12 total, 12 available
 Memory: 15924M
 Large Page Support: Disabled
 NUMA Support: Disabled
 Compressed Oops: Enabled (Zero based)
 Heap Region Size: 2M
 Heap Min Capacity: 8M
 Heap Initial Capacity: 250M
 Heap Max Capacity: 3982M
 Pre-touch: Disabled
 Parallel Workers: 10
 Concurrent Workers: 3
 Concurrent Refinement Workers: 10
 Periodic GC: Disabled

Heap:
 garbage-first heap   total 260096K, used 1848K [0x0000000707200000, 0x0000000800000000)
  region size 2048K, 1 young (2048K), 0 survivors (0K)
 Metaspace       used 454K, capacity 4606K, committed 4864K, reserved 1056768K
  class space    used 39K, capacity 402K, committed 512K, reserved 1048576K

Heap Regions: E=young(eden), S=young(survivor), O=old, HS=humongous(starts), HC=humongous(continues), CS=collection set, F=free, OA=open archive, CA=closed archive, TAMS=top-at-mark-start (previous, next)
|   0|0x0000000707200000, 0x0000000707200000, 0x0000000707400000|  0%| F|  |TAMS 0x0000000707200000, 0x0000000707200000| Untracked 
|   1|0x0000000707400000, 0x0000000707400000, 0x0000000707600000|  0%| F|  |TAMS 0x0000000707400000, 0x0000000707400000| Untracked 
|   2|0x0000000707600000, 0x0000000707600000, 0x0000000707800000|  0%| F|  |TAMS 0x0000000707600000, 0x0000000707600000| Untracked 
|   3|0x0000000707800000, 0x0000000707800000, 0x0000000707a00000|  0%| F|  |TAMS 0x0000000707800000, 0x0000000707800000| Untracked 
|   4|0x0000000707a00000, 0x0000000707a00000, 0x0000000707c00000|  0%| F|  |TAMS 0x0000000707a00000, 0x0000000707a00000| Untracked 
|   5|0x0000000707c00000, 0x0000000707c00000, 0x0000000707e00000|  0%| F|  |TAMS 0x0000000707c00000, 0x0000000707c00000| Untracked 
|   6|0x0000000707e00000, 0x0000000707e00000, 0x0000000708000000|  0%| F|  |TAMS 0x0000000707e00000, 0x0000000707e00000| Untracked 
|   7|0x0000000708000000, 0x0000000708000000, 0x0000000708200000|  0%| F|  |TAMS 0x0000000708000000, 0x0000000708000000| Untracked 
|   8|0x0000000708200000, 0x0000000708200000, 0x0000000708400000|  0%| F|  |TAMS 0x0000000708200000, 0x0000000708200000| Untracked 
|   9|0x0000000708400000, 0x0000000708400000, 0x0000000708600000|  0%| F|  |TAMS 0x0000000708400000, 0x0000000708400000| Untracked 
|  10|0x0000000708600000, 0x0000000708600000, 0x0000000708800000|  0%| F|  |TAMS 0x0000000708600000, 0x0000000708600000| Untracked 
|  11|0x0000000708800000, 0x0000000708800000, 0x0000000708a00000|  0%| F|  |TAMS 0x0000000708800000, 0x0000000708800000| Untracked 
|  12|0x0000000708a00000, 0x0000000708a00000, 0x0000000708c00000|  0%| F|  |TAMS 0x0000000708a00000, 0x0000000708a00000| Untracked 
|  13|0x0000000708c00000, 0x0000000708c00000, 0x0000000708e00000|  0%| F|  |TAMS 0x0000000708c00000, 0x0000000708c00000| Untracked 
|  14|0x0000000708e00000, 0x0000000708e00000, 0x0000000709000000|  0%| F|  |TAMS 0x0000000708e00000, 0x0000000708e00000| Untracked 
|  15|0x0000000709000000, 0x0000000709000000, 0x0000000709200000|  0%| F|  |TAMS 0x0000000709000000, 0x0000000709000000| Untracked 
|  16|0x0000000709200000, 0x0000000709200000, 0x0000000709400000|  0%| F|  |TAMS 0x0000000709200000, 0x0000000709200000| Untracked 
|  17|0x0000000709400000, 0x0000000709400000, 0x0000000709600000|  0%| F|  |TAMS 0x0000000709400000, 0x0000000709400000| Untracked 
|  18|0x0000000709600000, 0x0000000709600000, 0x0000000709800000|  0%| F|  |TAMS 0x0000000709600000, 0x0000000709600000| Untracked 
|  19|0x0000000709800000, 0x0000000709800000, 0x0000000709a00000|  0%| F|  |TAMS 0x0000000709800000, 0x0000000709800000| Untracked 
|  20|0x0000000709a00000, 0x0000000709a00000, 0x0000000709c00000|  0%| F|  |TAMS 0x0000000709a00000, 0x0000000709a00000| Untracked 
|  21|0x0000000709c00000, 0x0000000709c00000, 0x0000000709e00000|  0%| F|  |TAMS 0x0000000709c00000, 0x0000000709c00000| Untracked 
|  22|0x0000000709e00000, 0x0000000709e00000, 0x000000070a000000|  0%| F|  |TAMS 0x0000000709e00000, 0x0000000709e00000| Untracked 
|  23|0x000000070a000000, 0x000000070a000000, 0x000000070a200000|  0%| F|  |TAMS 0x000000070a000000, 0x000000070a000000| Untracked 
|  24|0x000000070a200000, 0x000000070a200000, 0x000000070a400000|  0%| F|  |TAMS 0x000000070a200000, 0x000000070a200000| Untracked 
|  25|0x000000070a400000, 0x000000070a400000, 0x000000070a600000|  0%| F|  |TAMS 0x000000070a400000, 0x000000070a400000| Untracked 
|  26|0x000000070a600000, 0x000000070a600000, 0x000000070a800000|  0%| F|  |TAMS 0x000000070a600000, 0x000000070a600000| Untracked 
|  27|0x000000070a800000, 0x000000070a800000, 0x000000070aa00000|  0%| F|  |TAMS 0x000000070a800000, 0x000000070a800000| Untracked 
|  28|0x000000070aa00000, 0x000000070aa00000, 0x000000070ac00000|  0%| F|  |TAMS 0x000000070aa00000, 0x000000070aa00000| Untracked 
|  29|0x000000070ac00000, 0x000000070ac00000, 0x000000070ae00000|  0%| F|  |TAMS 0x000000070ac00000, 0x000000070ac00000| Untracked 
|  30|0x000000070ae00000, 0x000000070ae00000, 0x000000070b000000|  0%| F|  |TAMS 0x000000070ae00000, 0x000000070ae00000| Untracked 
|  31|0x000000070b000000, 0x000000070b000000, 0x000000070b200000|  0%| F|  |TAMS 0x000000070b000000, 0x000000070b000000| Untracked 
|  32|0x000000070b200000, 0x000000070b200000, 0x000000070b400000|  0%| F|  |TAMS 0x000000070b200000, 0x000000070b200000| Untracked 
|  33|0x000000070b400000, 0x000000070b400000, 0x000000070b600000|  0%| F|  |TAMS 0x000000070b400000, 0x000000070b400000| Untracked 
|  34|0x000000070b600000, 0x000000070b600000, 0x000000070b800000|  0%| F|  |TAMS 0x000000070b600000, 0x000000070b600000| Untracked 
|  35|0x000000070b800000, 0x000000070b800000, 0x000000070ba00000|  0%| F|  |TAMS 0x000000070b800000, 0x000000070b800000| Untracked 
|  36|0x000000070ba00000, 0x000000070ba00000, 0x000000070bc00000|  0%| F|  |TAMS 0x000000070ba00000, 0x000000070ba00000| Untracked 
|  37|0x000000070bc00000, 0x000000070bc00000, 0x000000070be00000|  0%| F|  |TAMS 0x000000070bc00000, 0x000000070bc00000| Untracked 
|  38|0x000000070be00000, 0x000000070be00000, 0x000000070c000000|  0%| F|  |TAMS 0x000000070be00000, 0x000000070be00000| Untracked 
|  39|0x000000070c000000, 0x000000070c000000, 0x000000070c200000|  0%| F|  |TAMS 0x000000070c000000, 0x000000070c000000| Untracked 
|  40|0x000000070c200000, 0x000000070c200000, 0x000000070c400000|  0%| F|  |TAMS 0x000000070c200000, 0x000000070c200000| Untracked 
|  41|0x000000070c400000, 0x000000070c400000, 0x000000070c600000|  0%| F|  |TAMS 0x000000070c400000, 0x000000070c400000| Untracked 
|  42|0x000000070c600000, 0x000000070c600000, 0x000000070c800000|  0%| F|  |TAMS 0x000000070c600000, 0x000000070c600000| Untracked 
|  43|0x000000070c800000, 0x000000070c800000, 0x000000070ca00000|  0%| F|  |TAMS 0x000000070c800000, 0x000000070c800000| Untracked 
|  44|0x000000070ca00000, 0x000000070ca00000, 0x000000070cc00000|  0%| F|  |TAMS 0x000000070ca00000, 0x000000070ca00000| Untracked 
|  45|0x000000070cc00000, 0x000000070cc00000, 0x000000070ce00000|  0%| F|  |TAMS 0x000000070cc00000, 0x000000070cc00000| Untracked 
|  46|0x000000070ce00000, 0x000000070ce00000, 0x000000070d000000|  0%| F|  |TAMS 0x000000070ce00000, 0x000000070ce00000| Untracked 
|  47|0x000000070d000000, 0x000000070d000000, 0x000000070d200000|  0%| F|  |TAMS 0x000000070d000000, 0x000000070d000000| Untracked 
|  48|0x000000070d200000, 0x000000070d200000, 0x000000070d400000|  0%| F|  |TAMS 0x000000070d200000, 0x000000070d200000| Untracked 
|  49|0x000000070d400000, 0x000000070d400000, 0x000000070d600000|  0%| F|  |TAMS 0x000000070d400000, 0x000000070d400000| Untracked 
|  50|0x000000070d600000, 0x000000070d600000, 0x000000070d800000|  0%| F|  |TAMS 0x000000070d600000, 0x000000070d600000| Untracked 
|  51|0x000000070d800000, 0x000000070d800000, 0x000000070da00000|  0%| F|  |TAMS 0x000000070d800000, 0x000000070d800000| Untracked 
|  52|0x000000070da00000, 0x000000070da00000, 0x000000070dc00000|  0%| F|  |TAMS 0x000000070da00000, 0x000000070da00000| Untracked 
|  53|0x000000070dc00000, 0x000000070dc00000, 0x000000070de00000|  0%| F|  |TAMS 0x000000070dc00000, 0x000000070dc00000| Untracked 
|  54|0x000000070de00000, 0x000000070de00000, 0x000000070e000000|  0%| F|  |TAMS 0x000000070de00000, 0x000000070de00000| Untracked 
|  55|0x000000070e000000, 0x000000070e000000, 0x000000070e200000|  0%| F|  |TAMS 0x000000070e000000, 0x000000070e000000| Untracked 
|  56|0x000000070e200000, 0x000000070e200000, 0x000000070e400000|  0%| F|  |TAMS 0x000000070e200000, 0x000000070e200000| Untracked 
|  57|0x000000070e400000, 0x000000070e400000, 0x000000070e600000|  0%| F|  |TAMS 0x000000070e400000, 0x000000070e400000| Untracked 
|  58|0x000000070e600000, 0x000000070e600000, 0x000000070e800000|  0%| F|  |TAMS 0x000000070e600000, 0x000000070e600000| Untracked 
|  59|0x000000070e800000, 0x000000070e800000, 0x000000070ea00000|  0%| F|  |TAMS 0x000000070e800000, 0x000000070e800000| Untracked 
|  60|0x000000070ea00000, 0x000000070ea00000, 0x000000070ec00000|  0%| F|  |TAMS 0x000000070ea00000, 0x000000070ea00000| Untracked 
|  61|0x000000070ec00000, 0x000000070ec00000, 0x000000070ee00000|  0%| F|  |TAMS 0x000000070ec00000, 0x000000070ec00000| Untracked 
|  62|0x000000070ee00000, 0x000000070ee00000, 0x000000070f000000|  0%| F|  |TAMS 0x000000070ee00000, 0x000000070ee00000| Untracked 
|  63|0x000000070f000000, 0x000000070f000000, 0x000000070f200000|  0%| F|  |TAMS 0x000000070f000000, 0x000000070f000000| Untracked 
|  64|0x000000070f200000, 0x000000070f200000, 0x000000070f400000|  0%| F|  |TAMS 0x000000070f200000, 0x000000070f200000| Untracked 
|  65|0x000000070f400000, 0x000000070f400000, 0x000000070f600000|  0%| F|  |TAMS 0x000000070f400000, 0x000000070f400000| Untracked 
|  66|0x000000070f600000, 0x000000070f600000, 0x000000070f800000|  0%| F|  |TAMS 0x000000070f600000, 0x000000070f600000| Untracked 
|  67|0x000000070f800000, 0x000000070f800000, 0x000000070fa00000|  0%| F|  |TAMS 0x000000070f800000, 0x000000070f800000| Untracked 
|  68|0x000000070fa00000, 0x000000070fa00000, 0x000000070fc00000|  0%| F|  |TAMS 0x000000070fa00000, 0x000000070fa00000| Untracked 
|  69|0x000000070fc00000, 0x000000070fc00000, 0x000000070fe00000|  0%| F|  |TAMS 0x000000070fc00000, 0x000000070fc00000| Untracked 
|  70|0x000000070fe00000, 0x000000070fe00000, 0x0000000710000000|  0%| F|  |TAMS 0x000000070fe00000, 0x000000070fe00000| Untracked 
|  71|0x0000000710000000, 0x0000000710000000, 0x0000000710200000|  0%| F|  |TAMS 0x0000000710000000, 0x0000000710000000| Untracked 
|  72|0x0000000710200000, 0x0000000710200000, 0x0000000710400000|  0%| F|  |TAMS 0x0000000710200000, 0x0000000710200000| Untracked 
|  73|0x0000000710400000, 0x0000000710400000, 0x0000000710600000|  0%| F|  |TAMS 0x0000000710400000, 0x0000000710400000| Untracked 
|  74|0x0000000710600000, 0x0000000710600000, 0x0000000710800000|  0%| F|  |TAMS 0x0000000710600000, 0x0000000710600000| Untracked 
|  75|0x0000000710800000, 0x0000000710800000, 0x0000000710a00000|  0%| F|  |TAMS 0x0000000710800000, 0x0000000710800000| Untracked 
|  76|0x0000000710a00000, 0x0000000710a00000, 0x0000000710c00000|  0%| F|  |TAMS 0x0000000710a00000, 0x0000000710a00000| Untracked 
|  77|0x0000000710c00000, 0x0000000710c00000, 0x0000000710e00000|  0%| F|  |TAMS 0x0000000710c00000, 0x0000000710c00000| Untracked 
|  78|0x0000000710e00000, 0x0000000710e00000, 0x0000000711000000|  0%| F|  |TAMS 0x0000000710e00000, 0x0000000710e00000| Untracked 
|  79|0x0000000711000000, 0x0000000711000000, 0x0000000711200000|  0%| F|  |TAMS 0x0000000711000000, 0x0000000711000000| Untracked 
|  80|0x0000000711200000, 0x0000000711200000, 0x0000000711400000|  0%| F|  |TAMS 0x0000000711200000, 0x0000000711200000| Untracked 
|  81|0x0000000711400000, 0x0000000711400000, 0x0000000711600000|  0%| F|  |TAMS 0x0000000711400000, 0x0000000711400000| Untracked 
|  82|0x0000000711600000, 0x0000000711600000, 0x0000000711800000|  0%| F|  |TAMS 0x0000000711600000, 0x0000000711600000| Untracked 
|  83|0x0000000711800000, 0x0000000711800000, 0x0000000711a00000|  0%| F|  |TAMS 0x0000000711800000, 0x0000000711800000| Untracked 
|  84|0x0000000711a00000, 0x0000000711a00000, 0x0000000711c00000|  0%| F|  |TAMS 0x0000000711a00000, 0x0000000711a00000| Untracked 
|  85|0x0000000711c00000, 0x0000000711c00000, 0x0000000711e00000|  0%| F|  |TAMS 0x0000000711c00000, 0x0000000711c00000| Untracked 
|  86|0x0000000711e00000, 0x0000000711e00000, 0x0000000712000000|  0%| F|  |TAMS 0x0000000711e00000, 0x0000000711e00000| Untracked 
|  87|0x0000000712000000, 0x0000000712000000, 0x0000000712200000|  0%| F|  |TAMS 0x0000000712000000, 0x0000000712000000| Untracked 
|  88|0x0000000712200000, 0x0000000712200000, 0x0000000712400000|  0%| F|  |TAMS 0x0000000712200000, 0x0000000712200000| Untracked 
|  89|0x0000000712400000, 0x0000000712400000, 0x0000000712600000|  0%| F|  |TAMS 0x0000000712400000, 0x0000000712400000| Untracked 
|  90|0x0000000712600000, 0x0000000712600000, 0x0000000712800000|  0%| F|  |TAMS 0x0000000712600000, 0x0000000712600000| Untracked 
|  91|0x0000000712800000, 0x0000000712800000, 0x0000000712a00000|  0%| F|  |TAMS 0x0000000712800000, 0x0000000712800000| Untracked 
|  92|0x0000000712a00000, 0x0000000712a00000, 0x0000000712c00000|  0%| F|  |TAMS 0x0000000712a00000, 0x0000000712a00000| Untracked 
|  93|0x0000000712c00000, 0x0000000712c00000, 0x0000000712e00000|  0%| F|  |TAMS 0x0000000712c00000, 0x0000000712c00000| Untracked 
|  94|0x0000000712e00000, 0x0000000712e00000, 0x0000000713000000|  0%| F|  |TAMS 0x0000000712e00000, 0x0000000712e00000| Untracked 
|  95|0x0000000713000000, 0x0000000713000000, 0x0000000713200000|  0%| F|  |TAMS 0x0000000713000000, 0x0000000713000000| Untracked 
|  96|0x0000000713200000, 0x0000000713200000, 0x0000000713400000|  0%| F|  |TAMS 0x0000000713200000, 0x0000000713200000| Untracked 
|  97|0x0000000713400000, 0x0000000713400000, 0x0000000713600000|  0%| F|  |TAMS 0x0000000713400000, 0x0000000713400000| Untracked 
|  98|0x0000000713600000, 0x0000000713600000, 0x0000000713800000|  0%| F|  |TAMS 0x0000000713600000, 0x0000000713600000| Untracked 
|  99|0x0000000713800000, 0x0000000713800000, 0x0000000713a00000|  0%| F|  |TAMS 0x0000000713800000, 0x0000000713800000| Untracked 
| 100|0x0000000713a00000, 0x0000000713a00000, 0x0000000713c00000|  0%| F|  |TAMS 0x0000000713a00000, 0x0000000713a00000| Untracked 
| 101|0x0000000713c00000, 0x0000000713c00000, 0x0000000713e00000|  0%| F|  |TAMS 0x0000000713c00000, 0x0000000713c00000| Untracked 
| 102|0x0000000713e00000, 0x0000000713e00000, 0x0000000714000000|  0%| F|  |TAMS 0x0000000713e00000, 0x0000000713e00000| Untracked 
| 103|0x0000000714000000, 0x0000000714000000, 0x0000000714200000|  0%| F|  |TAMS 0x0000000714000000, 0x0000000714000000| Untracked 
| 104|0x0000000714200000, 0x0000000714200000, 0x0000000714400000|  0%| F|  |TAMS 0x0000000714200000, 0x0000000714200000| Untracked 
| 105|0x0000000714400000, 0x0000000714400000, 0x0000000714600000|  0%| F|  |TAMS 0x0000000714400000, 0x0000000714400000| Untracked 
| 106|0x0000000714600000, 0x0000000714600000, 0x0000000714800000|  0%| F|  |TAMS 0x0000000714600000, 0x0000000714600000| Untracked 
| 107|0x0000000714800000, 0x0000000714800000, 0x0000000714a00000|  0%| F|  |TAMS 0x0000000714800000, 0x0000000714800000| Untracked 
| 108|0x0000000714a00000, 0x0000000714a00000, 0x0000000714c00000|  0%| F|  |TAMS 0x0000000714a00000, 0x0000000714a00000| Untracked 
| 109|0x0000000714c00000, 0x0000000714c00000, 0x0000000714e00000|  0%| F|  |TAMS 0x0000000714c00000, 0x0000000714c00000| Untracked 
| 110|0x0000000714e00000, 0x0000000714e00000, 0x0000000715000000|  0%| F|  |TAMS 0x0000000714e00000, 0x0000000714e00000| Untracked 
| 111|0x0000000715000000, 0x0000000715000000, 0x0000000715200000|  0%| F|  |TAMS 0x0000000715000000, 0x0000000715000000| Untracked 
| 112|0x0000000715200000, 0x0000000715200000, 0x0000000715400000|  0%| F|  |TAMS 0x0000000715200000, 0x0000000715200000| Untracked 
| 113|0x0000000715400000, 0x0000000715400000, 0x0000000715600000|  0%| F|  |TAMS 0x0000000715400000, 0x0000000715400000| Untracked 
| 114|0x0000000715600000, 0x0000000715600000, 0x0000000715800000|  0%| F|  |TAMS 0x0000000715600000, 0x0000000715600000| Untracked 
| 115|0x0000000715800000, 0x0000000715800000, 0x0000000715a00000|  0%| F|  |TAMS 0x0000000715800000, 0x0000000715800000| Untracked 
| 116|0x0000000715a00000, 0x0000000715a00000, 0x0000000715c00000|  0%| F|  |TAMS 0x0000000715a00000, 0x0000000715a00000| Untracked 
| 117|0x0000000715c00000, 0x0000000715c00000, 0x0000000715e00000|  0%| F|  |TAMS 0x0000000715c00000, 0x0000000715c00000| Untracked 
| 118|0x0000000715e00000, 0x0000000715e00000, 0x0000000716000000|  0%| F|  |TAMS 0x0000000715e00000, 0x0000000715e00000| Untracked 
| 119|0x0000000716000000, 0x0000000716000000, 0x0000000716200000|  0%| F|  |TAMS 0x0000000716000000, 0x0000000716000000| Untracked 
| 120|0x0000000716200000, 0x0000000716200000, 0x0000000716400000|  0%| F|  |TAMS 0x0000000716200000, 0x0000000716200000| Untracked 
| 121|0x0000000716400000, 0x0000000716400000, 0x0000000716600000|  0%| F|  |TAMS 0x0000000716400000, 0x0000000716400000| Untracked 
| 122|0x0000000716600000, 0x0000000716600000, 0x0000000716800000|  0%| F|  |TAMS 0x0000000716600000, 0x0000000716600000| Untracked 
| 123|0x0000000716800000, 0x0000000716800000, 0x0000000716a00000|  0%| F|  |TAMS 0x0000000716800000, 0x0000000716800000| Untracked 
| 124|0x0000000716a00000, 0x0000000716b51f40, 0x0000000716c00000| 66%| E|  |TAMS 0x0000000716a00000, 0x0000000716a00000| Complete 
|1989|0x00000007ffc00000, 0x00000007ffd52000, 0x00000007ffe00000| 66%|OA|  |TAMS 0x00000007ffc00000, 0x00000007ffc00000| Untracked 
|1990|0x00000007ffe00000, 0x00000007ffe7c000, 0x0000000800000000| 24%|CA|  |TAMS 0x00000007ffe00000, 0x00000007ffe00000| Untracked 

Card table byte_map: [0x00007fabdbb68000,0x00007fabdc32f000] _byte_map_base: 0x00007fabd832f000

Marking Bits (Prev, Next): (CMBitMap*) 0x00007fabf4079e00, (CMBitMap*) 0x00007fabf4079e40
 Prev Bits: [0x00007fabd7569000, 0x00007fabdb3a1000)
 Next Bits: [0x00007fabd3731000, 0x00007fabd7569000)

Polling page: 0x00007fabfb6b9000

Metaspace:

Usage:
  Non-class:      4.11 MB capacity,   415.26 KB ( 10%) used,     3.70 MB ( 90%) free+waste,     2.12 KB ( <1%) overhead. 
      Class:    402.00 KB capacity,    39.65 KB ( 10%) used,   361.35 KB ( 90%) free+waste,     1.00 KB ( <1%) overhead. 
       Both:      4.50 MB capacity,   454.91 KB ( 10%) used,     4.05 MB ( 90%) free+waste,     3.12 KB ( <1%) overhead. 

Virtual space:
  Non-class space:        8.00 MB reserved,       4.25 MB ( 53%) committed 
      Class space:        1.00 GB reserved,     512.00 KB ( <1%) committed 
             Both:        1.01 GB reserved,       4.75 MB ( <1%) committed 

Chunk freelists:
   Non-Class:  20.00 KB
       Class:  0 bytes
        Both:  20.00 KB

MaxMetaspaceSize: 17179869184.00 GB
CompressedClassSpaceSize: 1.00 GB

CodeHeap 'non-profiled nmethods': size=120028Kb used=55Kb max_used=55Kb free=119972Kb
 bounds [0x00007fabe3df8000, 0x00007fabe4068000, 0x00007fabeb32f000]
CodeHeap 'profiled nmethods': size=120028Kb used=190Kb max_used=190Kb free=119837Kb
 bounds [0x00007fabdc8c1000, 0x00007fabdcb31000, 0x00007fabe3df8000]
CodeHeap 'non-nmethods': size=5704Kb used=1101Kb max_used=1114Kb free=4602Kb
 bounds [0x00007fabdc32f000, 0x00007fabdc59f000, 0x00007fabdc8c1000]
 total_blobs=499 nmethods=156 adapters=257
 compilation: enabled
              stopped_count=0, restarted_count=0
 full_count=0

Compilation events (20 events):
Event: 0.053 Thread 0x00007fabf41cfac0 nmethod 135 0x00007fabdc8e2a90 code [0x00007fabdc8e2c60, 0x00007fabdc8e31c0]
Event: 0.053 Thread 0x00007fabf41cfac0  136       3       jdk.internal.org.objectweb.asm.Frame::execute (2305 bytes)
Event: 0.054 Thread 0x00007fabf41ce290 nmethod 133 0x00007fabe3e03810 code [0x00007fabe3e039a0, 0x00007fabe3e03a78]
Event: 0.056 Thread 0x00007fabf41cfac0 nmethod 136 0x00007fabdc8e3390 code [0x00007fabdc8e40c0, 0x00007fabdc8ea230]
Event: 0.056 Thread 0x00007fabf41cfac0  137       3       sun.invoke.util.VerifyAccess::isTypeVisible (118 bytes)
Event: 0.057 Thread 0x00007fabf41cfac0 nmethod 137 0x00007fabdc8ebe10 code [0x00007fabdc8ec200, 0x00007fabdc8ee190]
Event: 0.057 Thread 0x00007fabf41cfac0  154       3       jdk.internal.org.objectweb.asm.Frame::push (109 bytes)
Event: 0.057 Thread 0x00007fabf41cfac0 nmethod 154 0x00007fabdc8eeb10 code [0x00007fabdc8eece0, 0x00007fabdc8ef280]
Event: 0.057 Thread 0x00007fabf41cfac0  142       3       jdk.internal.org.objectweb.asm.ByteVector::putShort (52 bytes)
Event: 0.057 Thread 0x00007fabf41cfac0 nmethod 142 0x00007fabdc8ef490 code [0x00007fabdc8ef640, 0x00007fabdc8ef840]
Event: 0.057 Thread 0x00007fabf41cfac0  143       3       java.lang.String::getBytes (44 bytes)
Event: 0.057 Thread 0x00007fabf41cfac0 nmethod 143 0x00007fabdc8ef990 code [0x00007fabdc8efb60, 0x00007fabdc8efe30]
Event: 0.057 Thread 0x00007fabf41cfac0  149       3       java.lang.StringLatin1::newString (24 bytes)
Event: 0.058 Thread 0x00007fabf41cfac0 nmethod 149 0x00007fabdc8eff90 code [0x00007fabdc8f0140, 0x00007fabdc8f0440]
Event: 0.058 Thread 0x00007fabf41cfac0  138       3       java.lang.invoke.MemberName::testAllFlags (7 bytes)
Event: 0.058 Thread 0x00007fabf41cfac0 nmethod 138 0x00007fabdc8f0590 code [0x00007fabdc8f0720, 0x00007fabdc8f08d0]
Event: 0.058 Thread 0x00007fabf41cfac0  148       1       java.lang.invoke.LambdaForm$Name::type (5 bytes)
Event: 0.058 Thread 0x00007fabf41cfac0 nmethod 148 0x00007fabe3e05990 code [0x00007fabe3e05b20, 0x00007fabe3e05bd0]
Event: 0.058 Thread 0x00007fabf41cfac0  140       1       java.lang.invoke.MethodType$ConcurrentWeakInternSet$WeakEntry::hashCode (5 bytes)
Event: 0.058 Thread 0x00007fabf41cfac0 nmethod 140 0x00007fabe3e05c90 code [0x00007fabe3e05e20, 0x00007fabe3e05ed0]

GC Heap History (0 events):
No events

Deoptimization events (0 events):
No events

Classes unloaded (0 events):
No events

Classes redefined (0 events):
No events

Internal exceptions (0 events):
No events

Events (20 events):
Event: 0.047 loading class java/lang/invoke/BoundMethodHandle$Species_LL done
Event: 0.048 loading class java/lang/invoke/BoundMethodHandle$Species_LLL
Event: 0.048 loading class java/lang/invoke/BoundMethodHandle$Species_LLL done
Event: 0.049 loading class java/lang/invoke/BoundMethodHandle$Species_LLLL
Event: 0.049 loading class java/lang/invoke/BoundMethodHandle$Species_LLLL done
Event: 0.050 loading class java/lang/invoke/BoundMethodHandle$Species_LLLLL
Event: 0.050 loading class java/lang/invoke/BoundMethodHandle$Species_LLLLL done
Event: 0.051 loading class java/lang/invoke/BoundMethodHandle$Species_LLLLLL
Event: 0.051 loading class java/lang/invoke/BoundMethodHandle$Species_LLLLLL done
Event: 0.052 loading class java/lang/invoke/BoundMethodHandle$Species_LLLLLLL
Event: 0.052 loading class java/lang/invoke/BoundMethodHandle$Species_LLLLLLL done
Event: 0.053 loading class java/lang/invoke/BoundMethodHandle$Species_LJ
Event: 0.053 loading class java/lang/invoke/BoundMethodHandle$Species_LJ done
Event: 0.054 loading class java/lang/invoke/BoundMethodHandle$Species_LLLLLLLL
Event: 0.054 loading class java/lang/invoke/BoundMethodHandle$Species_LLLLLLLL done
Event: 0.055 loading class java/lang/invoke/BoundMethodHandle$Species_LLLLLLLLL
Event: 0.055 loading class java/lang/invoke/BoundMethodHandle$Species_LLLLLLLLL done
Event: 0.058 Loaded shared library /tmp/javasharedmem/libsharedmem.so
Event: 0.058 loading class java/lang/NoSuchFieldError
Event: 0.058 loading class java/lang/NoSuchFieldError done


Dynamic libraries:
707200000-716c00000 rw-p 00000000 00:00 0 
716c00000-7ffc00000 ---p 00000000 00:00 0 
7ffc00000-7ffd00000 rw-p 00000000 00:00 0 
7ffd00000-7ffd52000 rw-p 00bdc000 103:06 56624133                        /usr/lib/jvm/java-15-adoptopenjdk/lib/server/classes.jsa
7ffd52000-7ffe00000 rw-p 00000000 00:00 0 
7ffe00000-7ffe7c000 rw-p 00b60000 103:06 56624133                        /usr/lib/jvm/java-15-adoptopenjdk/lib/server/classes.jsa
7ffe7c000-800000000 rw-p 00000000 00:00 0 
800000000-800003000 rwxp 00001000 103:06 56624133                        /usr/lib/jvm/java-15-adoptopenjdk/lib/server/classes.jsa
800003000-8003e3000 rw-p 00004000 103:06 56624133                        /usr/lib/jvm/java-15-adoptopenjdk/lib/server/classes.jsa
8003e3000-800b2b000 r--p 003e4000 103:06 56624133                        /usr/lib/jvm/java-15-adoptopenjdk/lib/server/classes.jsa
800b2b000-800b2c000 ---p 00000000 00:00 0 
800b2c000-800bac000 rw-p 00000000 00:00 0 
800bac000-840b2c000 ---p 00000000 00:00 0 
557ada200000-557ada201000 r-xp 00000000 103:06 56623968                  /usr/lib/jvm/java-15-adoptopenjdk/bin/java
557ada401000-557ada402000 r--p 00001000 103:06 56623968                  /usr/lib/jvm/java-15-adoptopenjdk/bin/java
557ada402000-557ada403000 rw-p 00002000 103:06 56623968                  /usr/lib/jvm/java-15-adoptopenjdk/bin/java
557adb60a000-557adb62b000 rw-p 00000000 00:00 0                          [heap]
7fab88000000-7fab88021000 rw-p 00000000 00:00 0 
7fab88021000-7fab8c000000 ---p 00000000 00:00 0 
7fab90000000-7fab90021000 rw-p 00000000 00:00 0 
7fab90021000-7fab94000000 ---p 00000000 00:00 0 
7fab94000000-7fab94021000 rw-p 00000000 00:00 0 
7fab94021000-7fab98000000 ---p 00000000 00:00 0 
7fab98000000-7fab981e8000 rw-p 00000000 00:00 0 
7fab981e8000-7fab9c000000 ---p 00000000 00:00 0 
7fab9c000000-7fab9c021000 rw-p 00000000 00:00 0 
7fab9c021000-7faba0000000 ---p 00000000 00:00 0 
7faba0000000-7faba0021000 rw-p 00000000 00:00 0 
7faba0021000-7faba4000000 ---p 00000000 00:00 0 
7faba4000000-7faba405e000 rw-p 00000000 00:00 0 
7faba405e000-7faba8000000 ---p 00000000 00:00 0 
7faba8000000-7faba8021000 rw-p 00000000 00:00 0 
7faba8021000-7fabac000000 ---p 00000000 00:00 0 
7fabac000000-7fabac021000 rw-p 00000000 00:00 0 
7fabac021000-7fabb0000000 ---p 00000000 00:00 0 
7fabb0000000-7fabb0021000 rw-p 00000000 00:00 0 
7fabb0021000-7fabb4000000 ---p 00000000 00:00 0 
7fabb4000000-7fabb4021000 rw-p 00000000 00:00 0 
7fabb4021000-7fabb8000000 ---p 00000000 00:00 0 
7fabbaaac000-7fabbaaaf000 r--p 00000000 103:06 37752971                  /usr/lib/libgcc_s.so.1
7fabbaaaf000-7fabbaac1000 r-xp 00003000 103:06 37752971                  /usr/lib/libgcc_s.so.1
7fabbaac1000-7fabbaac4000 r--p 00015000 103:06 37752971                  /usr/lib/libgcc_s.so.1
7fabbaac4000-7fabbaac5000 ---p 00018000 103:06 37752971                  /usr/lib/libgcc_s.so.1
7fabbaac5000-7fabbaac6000 r--p 00018000 103:06 37752971                  /usr/lib/libgcc_s.so.1
7fabbaac6000-7fabbaac7000 rw-p 00019000 103:06 37752971                  /usr/lib/libgcc_s.so.1
7fabbaac7000-7fabbab60000 r--p 00000000 103:06 37753003                  /usr/lib/libstdc++.so.6.0.29
7fabbab60000-7fabbac60000 r-xp 00099000 103:06 37753003                  /usr/lib/libstdc++.so.6.0.29
7fabbac60000-7fabbaccc000 r--p 00199000 103:06 37753003                  /usr/lib/libstdc++.so.6.0.29
7fabbaccc000-7fabbacd9000 r--p 00204000 103:06 37753003                  /usr/lib/libstdc++.so.6.0.29
7fabbacd9000-7fabbacda000 rw-p 00211000 103:06 37753003                  /usr/lib/libstdc++.so.6.0.29
7fabbacda000-7fabbacdd000 rw-p 00000000 00:00 0 
7fabbacdd000-7fabbace4000 r-xp 00000000 103:06 56624123                  /usr/lib/jvm/java-15-adoptopenjdk/lib/libzip.so
7fabbace4000-7fabbaee4000 ---p 00007000 103:06 56624123                  /usr/lib/jvm/java-15-adoptopenjdk/lib/libzip.so
7fabbaee4000-7fabbaee5000 r--p 00007000 103:06 56624123                  /usr/lib/jvm/java-15-adoptopenjdk/lib/libzip.so
7fabbaee5000-7fabbaee6000 rw-p 00008000 103:06 56624123                  /usr/lib/jvm/java-15-adoptopenjdk/lib/libzip.so
7fabbaee6000-7fabbaefa000 r-xp 00000000 103:06 56624114                  /usr/lib/jvm/java-15-adoptopenjdk/lib/libnet.so
7fabbaefa000-7fabbb0fa000 ---p 00014000 103:06 56624114                  /usr/lib/jvm/java-15-adoptopenjdk/lib/libnet.so
7fabbb0fa000-7fabbb0fb000 r--p 00014000 103:06 56624114                  /usr/lib/jvm/java-15-adoptopenjdk/lib/libnet.so
7fabbb0fb000-7fabbb0fc000 rw-p 00015000 103:06 56624114                  /usr/lib/jvm/java-15-adoptopenjdk/lib/libnet.so
7fabbb0fc000-7fabbb10d000 r-xp 00000000 103:06 56624115                  /usr/lib/jvm/java-15-adoptopenjdk/lib/libnio.so
7fabbb10d000-7fabbb30c000 ---p 00011000 103:06 56624115                  /usr/lib/jvm/java-15-adoptopenjdk/lib/libnio.so
7fabbb30c000-7fabbb30d000 r--p 00010000 103:06 56624115                  /usr/lib/jvm/java-15-adoptopenjdk/lib/libnio.so
7fabbb30d000-7fabbb30e000 rw-p 00011000 103:06 56624115                  /usr/lib/jvm/java-15-adoptopenjdk/lib/libnio.so
7fabbb30e000-7fabbb312000 ---p 00000000 00:00 0 
7fabbb312000-7fabbb40f000 rw-p 00000000 00:00 0 
7fabbb40f000-7fabbb410000 ---p 00000000 00:00 0 
7fabbb410000-7fabbb511000 rw-p 00000000 00:00 0 
7fabbb511000-7fabbb515000 ---p 00000000 00:00 0 
7fabbb515000-7fabbb612000 rw-p 00000000 00:00 0 
7fabbb612000-7fabbb616000 ---p 00000000 00:00 0 
7fabbb616000-7fabbb713000 rw-p 00000000 00:00 0 
7fabbb713000-7fabbb717000 ---p 00000000 00:00 0 
7fabbb717000-7fabbb814000 rw-p 00000000 00:00 0 
7fabbb814000-7fabbb818000 ---p 00000000 00:00 0 
7fabbb818000-7fabbb915000 rw-p 00000000 00:00 0 
7fabbb915000-7fabbb919000 ---p 00000000 00:00 0 
7fabbb919000-7fabbba16000 rw-p 00000000 00:00 0 
7fabbba16000-7fabbba1a000 ---p 00000000 00:00 0 
7fabbba1a000-7fabbbb17000 rw-p 00000000 00:00 0 
7fabbbb17000-7fabbbdfe000 r--p 00000000 103:06 37804465                  /usr/lib/locale/locale-archive
7fabbbdfe000-7fabbbe02000 ---p 00000000 00:00 0 
7fabbbe02000-7fabbbeff000 rw-p 00000000 00:00 0 
7fabbbeff000-7fabbbf03000 ---p 00000000 00:00 0 
7fabbbf03000-7fabbc000000 rw-p 00000000 00:00 0 
7fabbc000000-7fabbc021000 rw-p 00000000 00:00 0 
7fabbc021000-7fabc0000000 ---p 00000000 00:00 0 
7fabc0000000-7fabc0021000 rw-p 00000000 00:00 0 
7fabc0021000-7fabc4000000 ---p 00000000 00:00 0 
7fabc4000000-7fabc4021000 rw-p 00000000 00:00 0 
7fabc4021000-7fabc8000000 ---p 00000000 00:00 0 
7fabc8000000-7fabc8021000 rw-p 00000000 00:00 0 
7fabc8021000-7fabcc000000 ---p 00000000 00:00 0 
7fabcc000000-7fabcc021000 rw-p 00000000 00:00 0 
7fabcc021000-7fabd0000000 ---p 00000000 00:00 0 
7fabd0042000-7fabd0043000 ---p 00000000 00:00 0 
7fabd0043000-7fabd0660000 rw-p 00000000 00:00 0 
7fabd0660000-7fabd0a20000 ---p 00000000 00:00 0 
7fabd0a21000-7fabd0a22000 ---p 00000000 00:00 0 
7fabd0a22000-7fabd0b23000 rw-p 00000000 00:00 0 
7fabd0b23000-7fabd0b24000 ---p 00000000 00:00 0 
7fabd0b24000-7fabd362f000 rw-p 00000000 00:00 0 
7fabd362f000-7fabd3630000 ---p 00000000 00:00 0 
7fabd3630000-7fabd3b19000 rw-p 00000000 00:00 0 
7fabd3b19000-7fabd7559000 ---p 00000000 00:00 0 
7fabd7559000-7fabd7951000 rw-p 00000000 00:00 0 
7fabd7951000-7fabdb391000 ---p 00000000 00:00 0 
7fabdb391000-7fabdb41e000 rw-p 00000000 00:00 0 
7fabdb41e000-7fabdbb66000 ---p 00000000 00:00 0 
7fabdbb66000-7fabdbbe5000 rw-p 00000000 00:00 0 
7fabdbbe5000-7fabdc32d000 ---p 00000000 00:00 0 
7fabdc32d000-7fabdc32f000 rw-p 00000000 00:00 0 
7fabdc32f000-7fabdc59f000 rwxp 00000000 00:00 0 
7fabdc59f000-7fabdc8c1000 ---p 00000000 00:00 0 
7fabdc8c1000-7fabdcb31000 rwxp 00000000 00:00 0 
7fabdcb31000-7fabe3df8000 ---p 00000000 00:00 0 
7fabe3df8000-7fabe4068000 rwxp 00000000 00:00 0 
7fabe4068000-7fabeb32f000 ---p 00000000 00:00 0 
7fabeb32f000-7fabf4000000 r--s 00000000 103:06 56624124                  /usr/lib/jvm/java-15-adoptopenjdk/lib/modules
7fabf4000000-7fabf42ba000 rw-p 00000000 00:00 0 
7fabf42ba000-7fabf8000000 ---p 00000000 00:00 0 
7fabf800b000-7fabf8010000 r--p 00000000 00:23 7985                       /tmp/javasharedmem/libsharedmem.so
7fabf8010000-7fabf8014000 r-xp 00005000 00:23 7985                       /tmp/javasharedmem/libsharedmem.so
7fabf8014000-7fabf8016000 r--p 00009000 00:23 7985                       /tmp/javasharedmem/libsharedmem.so
7fabf8016000-7fabf8017000 r--p 0000a000 00:23 7985                       /tmp/javasharedmem/libsharedmem.so
7fabf8017000-7fabf8018000 rw-p 0000b000 00:23 7985                       /tmp/javasharedmem/libsharedmem.so
7fabf8018000-7fabf8059000 rw-p 00000000 00:00 0 
7fabf8059000-7fabf805a000 ---p 00000000 00:00 0 
7fabf805a000-7fabf815b000 rw-p 00000000 00:00 0 
7fabf815b000-7fabf815c000 ---p 00000000 00:00 0 
7fabf815c000-7fabf835b000 rw-p 00000000 00:00 0 
7fabf835b000-7fabf8aa3000 ---p 00000000 00:00 0 
7fabf8aa3000-7fabf94b4000 rw-p 00000000 00:00 0 
7fabf94b4000-7fabf959a000 ---p 00000000 00:00 0 
7fabf959a000-7fabf959f000 rw-p 00000000 00:00 0 
7fabf959f000-7fabf9685000 ---p 00000000 00:00 0 
7fabf9685000-7fabf968a000 rw-p 00000000 00:00 0 
7fabf968a000-7fabf9691000 ---p 00000000 00:00 0 
7fabf9691000-7fabf96b5000 r-xp 00000000 103:06 56624101                  /usr/lib/jvm/java-15-adoptopenjdk/lib/libjava.so
7fabf96b5000-7fabf98b4000 ---p 00024000 103:06 56624101                  /usr/lib/jvm/java-15-adoptopenjdk/lib/libjava.so
7fabf98b4000-7fabf98b5000 r--p 00023000 103:06 56624101                  /usr/lib/jvm/java-15-adoptopenjdk/lib/libjava.so
7fabf98b5000-7fabf98b6000 rw-p 00024000 103:06 56624101                  /usr/lib/jvm/java-15-adoptopenjdk/lib/libjava.so
7fabf98b6000-7fabf98b7000 rw-p 00000000 00:00 0 
7fabf98b7000-7fabf98d2000 r-xp 00000000 103:06 56624105                  /usr/lib/jvm/java-15-adoptopenjdk/lib/libjimage.so
7fabf98d2000-7fabf9ad1000 ---p 0001b000 103:06 56624105                  /usr/lib/jvm/java-15-adoptopenjdk/lib/libjimage.so
7fabf9ad1000-7fabf9ad3000 r--p 0001a000 103:06 56624105                  /usr/lib/jvm/java-15-adoptopenjdk/lib/libjimage.so
7fabf9ad3000-7fabf9ad4000 rw-p 0001c000 103:06 56624105                  /usr/lib/jvm/java-15-adoptopenjdk/lib/libjimage.so
7fabf9ad4000-7fabf9ad7000 r--p 00000000 103:06 37752233                  /usr/lib/librt-2.33.so
7fabf9ad7000-7fabf9adb000 r-xp 00003000 103:06 37752233                  /usr/lib/librt-2.33.so
7fabf9adb000-7fabf9add000 r--p 00007000 103:06 37752233                  /usr/lib/librt-2.33.so
7fabf9add000-7fabf9ade000 r--p 00008000 103:06 37752233                  /usr/lib/librt-2.33.so
7fabf9ade000-7fabf9adf000 rw-p 00009000 103:06 37752233                  /usr/lib/librt-2.33.so
7fabf9adf000-7fabf9ae3000 ---p 00000000 00:00 0 
7fabf9ae3000-7fabf9be0000 rw-p 00000000 00:00 0 
7fabf9be0000-7fabf9bef000 r--p 00000000 103:06 37752191                  /usr/lib/libm-2.33.so
7fabf9bef000-7fabf9c89000 r-xp 0000f000 103:06 37752191                  /usr/lib/libm-2.33.so
7fabf9c89000-7fabf9d21000 r--p 000a9000 103:06 37752191                  /usr/lib/libm-2.33.so
7fabf9d21000-7fabf9d22000 ---p 00141000 103:06 37752191                  /usr/lib/libm-2.33.so
7fabf9d22000-7fabf9d23000 r--p 00141000 103:06 37752191                  /usr/lib/libm-2.33.so
7fabf9d23000-7fabf9d24000 rw-p 00142000 103:06 37752191                  /usr/lib/libm-2.33.so
7fabf9d24000-7fabfaf10000 r-xp 00000000 103:06 56624136                  /usr/lib/jvm/java-15-adoptopenjdk/lib/server/libjvm.so
7fabfaf10000-7fabfb110000 ---p 011ec000 103:06 56624136                  /usr/lib/jvm/java-15-adoptopenjdk/lib/server/libjvm.so
7fabfb110000-7fabfb1ad000 r--p 011ec000 103:06 56624136                  /usr/lib/jvm/java-15-adoptopenjdk/lib/server/libjvm.so
7fabfb1ad000-7fabfb1e6000 rw-p 01289000 103:06 56624136                  /usr/lib/jvm/java-15-adoptopenjdk/lib/server/libjvm.so
7fabfb1e6000-7fabfb271000 rw-p 00000000 00:00 0 
7fabfb271000-7fabfb297000 r--p 00000000 103:06 37752176                  /usr/lib/libc-2.33.so
7fabfb297000-7fabfb3e2000 r-xp 00026000 103:06 37752176                  /usr/lib/libc-2.33.so
7fabfb3e2000-7fabfb42e000 r--p 00171000 103:06 37752176                  /usr/lib/libc-2.33.so
7fabfb42e000-7fabfb431000 r--p 001bc000 103:06 37752176                  /usr/lib/libc-2.33.so
7fabfb431000-7fabfb434000 rw-p 001bf000 103:06 37752176                  /usr/lib/libc-2.33.so
7fabfb434000-7fabfb43d000 rw-p 00000000 00:00 0 
7fabfb43d000-7fabfb43f000 r--p 00000000 103:06 37752184                  /usr/lib/libdl-2.33.so
7fabfb43f000-7fabfb441000 r-xp 00002000 103:06 37752184                  /usr/lib/libdl-2.33.so
7fabfb441000-7fabfb442000 r--p 00004000 103:06 37752184                  /usr/lib/libdl-2.33.so
7fabfb442000-7fabfb443000 r--p 00004000 103:06 37752184                  /usr/lib/libdl-2.33.so
7fabfb443000-7fabfb444000 rw-p 00005000 103:06 37752184                  /usr/lib/libdl-2.33.so
7fabfb444000-7fabfb44b000 r--p 00000000 103:06 37752224                  /usr/lib/libpthread-2.33.so
7fabfb44b000-7fabfb45a000 r-xp 00007000 103:06 37752224                  /usr/lib/libpthread-2.33.so
7fabfb45a000-7fabfb45e000 r--p 00016000 103:06 37752224                  /usr/lib/libpthread-2.33.so
7fabfb45e000-7fabfb45f000 ---p 0001a000 103:06 37752224                  /usr/lib/libpthread-2.33.so
7fabfb45f000-7fabfb460000 r--p 0001a000 103:06 37752224                  /usr/lib/libpthread-2.33.so
7fabfb460000-7fabfb461000 rw-p 0001b000 103:06 37752224                  /usr/lib/libpthread-2.33.so
7fabfb461000-7fabfb465000 rw-p 00000000 00:00 0 
7fabfb465000-7fabfb474000 r-xp 00000000 103:06 56624106                  /usr/lib/jvm/java-15-adoptopenjdk/lib/libjli.so
7fabfb474000-7fabfb674000 ---p 0000f000 103:06 56624106                  /usr/lib/jvm/java-15-adoptopenjdk/lib/libjli.so
7fabfb674000-7fabfb675000 r--p 0000f000 103:06 56624106                  /usr/lib/jvm/java-15-adoptopenjdk/lib/libjli.so
7fabfb675000-7fabfb676000 rw-p 00010000 103:06 56624106                  /usr/lib/jvm/java-15-adoptopenjdk/lib/libjli.so
7fabfb676000-7fabfb679000 r--p 00000000 103:06 37757757                  /usr/lib/libz.so.1.2.11
7fabfb679000-7fabfb687000 r-xp 00003000 103:06 37757757                  /usr/lib/libz.so.1.2.11
7fabfb687000-7fabfb68d000 r--p 00011000 103:06 37757757                  /usr/lib/libz.so.1.2.11
7fabfb68d000-7fabfb68e000 ---p 00017000 103:06 37757757                  /usr/lib/libz.so.1.2.11
7fabfb68e000-7fabfb68f000 r--p 00017000 103:06 37757757                  /usr/lib/libz.so.1.2.11
7fabfb68f000-7fabfb690000 rw-p 00018000 103:06 37757757                  /usr/lib/libz.so.1.2.11
7fabfb690000-7fabfb692000 rw-p 00000000 00:00 0 
7fabfb698000-7fabfb699000 r--p 00000000 103:06 37783717                  /usr/lib/libboost_system.so.1.76.0
7fabfb699000-7fabfb69a000 r-xp 00001000 103:06 37783717                  /usr/lib/libboost_system.so.1.76.0
7fabfb69a000-7fabfb69b000 r--p 00002000 103:06 37783717                  /usr/lib/libboost_system.so.1.76.0
7fabfb69b000-7fabfb69c000 r--p 00002000 103:06 37783717                  /usr/lib/libboost_system.so.1.76.0
7fabfb69c000-7fabfb69d000 rw-p 00003000 103:06 37783717                  /usr/lib/libboost_system.so.1.76.0
7fabfb69d000-7fabfb6a5000 rw-s 00000000 00:23 7991                       /tmp/hsperfdata_max/27305
7fabfb6a5000-7fabfb6a8000 r--p 00000000 103:06 37752214                  /usr/lib/libnss_files-2.33.so
7fabfb6a8000-7fabfb6af000 r-xp 00003000 103:06 37752214                  /usr/lib/libnss_files-2.33.so
7fabfb6af000-7fabfb6b1000 r--p 0000a000 103:06 37752214                  /usr/lib/libnss_files-2.33.so
7fabfb6b1000-7fabfb6b2000 r--p 0000b000 103:06 37752214                  /usr/lib/libnss_files-2.33.so
7fabfb6b2000-7fabfb6b3000 rw-p 0000c000 103:06 37752214                  /usr/lib/libnss_files-2.33.so
7fabfb6b3000-7fabfb6b9000 rw-p 00000000 00:00 0 
7fabfb6b9000-7fabfb6ba000 ---p 00000000 00:00 0 
7fabfb6ba000-7fabfb6bb000 r--p 00000000 00:00 0 
7fabfb6bb000-7fabfb6bc000 ---p 00000000 00:00 0 
7fabfb6bc000-7fabfb6bd000 r--p 00000000 103:06 37752164                  /usr/lib/ld-2.33.so
7fabfb6bd000-7fabfb6e1000 r-xp 00001000 103:06 37752164                  /usr/lib/ld-2.33.so
7fabfb6e1000-7fabfb6ea000 r--p 00025000 103:06 37752164                  /usr/lib/ld-2.33.so
7fabfb6ea000-7fabfb6ec000 r--p 0002d000 103:06 37752164                  /usr/lib/ld-2.33.so
7fabfb6ec000-7fabfb6ee000 rw-p 0002f000 103:06 37752164                  /usr/lib/ld-2.33.so
7ffd10a01000-7ffd10a22000 rw-p 00000000 00:00 0                          [stack]
7ffd10abb000-7ffd10abf000 r--p 00000000 00:00 0                          [vvar]
7ffd10abf000-7ffd10ac1000 r-xp 00000000 00:00 0                          [vdso]
ffffffffff600000-ffffffffff601000 --xp 00000000 00:00 0                  [vsyscall]


VM Arguments:
java_command: target/sharedmem-1.0.0.jar
java_class_path (initial): target/sharedmem-1.0.0.jar
Launcher Type: SUN_STANDARD

[Global flags]
     intx CICompilerCount                          = 4                                         {product} {ergonomic}
     uint ConcGCThreads                            = 3                                         {product} {ergonomic}
     uint G1ConcRefinementThreads                  = 10                                        {product} {ergonomic}
   size_t G1HeapRegionSize                         = 2097152                                   {product} {ergonomic}
    uintx GCDrainStackTargetSize                   = 64                                        {product} {ergonomic}
   size_t InitialHeapSize                          = 262144000                                 {product} {ergonomic}
   size_t MarkStackSize                            = 4194304                                   {product} {ergonomic}
   size_t MaxHeapSize                              = 4175429632                                {product} {ergonomic}
   size_t MaxNewSize                               = 2503999488                                {product} {ergonomic}
   size_t MinHeapDeltaBytes                        = 2097152                                   {product} {ergonomic}
   size_t MinHeapSize                              = 8388608                                   {product} {ergonomic}
    uintx NonNMethodCodeHeapSize                   = 5839372                                {pd product} {ergonomic}
    uintx NonProfiledCodeHeapSize                  = 122909434                              {pd product} {ergonomic}
    uintx ProfiledCodeHeapSize                     = 122909434                              {pd product} {ergonomic}
    uintx ReservedCodeCacheSize                    = 251658240                              {pd product} {ergonomic}
     bool SegmentedCodeCache                       = true                                      {product} {ergonomic}
   size_t SoftMaxHeapSize                          = 4175429632                             {manageable} {ergonomic}
     bool UseCompressedClassPointers               = true                                 {lp64_product} {ergonomic}
     bool UseCompressedOops                        = true                                 {lp64_product} {ergonomic}
     bool UseG1GC                                  = true                                      {product} {ergonomic}

Logging:
Log output configuration:
 #0: stdout all=warning uptime,level,tags
 #1: stderr all=off uptime,level,tags

Environment Variables:
PATH=/usr/local/sbin:/usr/local/bin:/usr/bin:/opt/cuda/bin:/opt/cuda/nsight_compute:/opt/cuda/nsight_systems/bin:/home/max/.dotnet/tools:/usr/lib/jvm/default/bin:/usr/bin/site_perl:/usr/bin/vendor_perl:/usr/bin/core_perl:/var/lib/snapd/snap/bin:/home/max/.local/bin:/home/max/.local/bin
SHELL=/usr/bin/zsh
DISPLAY=:0
LANG=en_US.UTF-8

Signal Handlers:
SIGSEGV: [libjvm.so+0xec40d0], sa_mask[0]=11111111011111111101111111111110, sa_flags=SA_RESTART|SA_SIGINFO
SIGBUS: [libjvm.so+0xec40d0], sa_mask[0]=11111111011111111101111111111110, sa_flags=SA_RESTART|SA_SIGINFO
SIGFPE: [libjvm.so+0xec40d0], sa_mask[0]=11111111011111111101111111111110, sa_flags=SA_RESTART|SA_SIGINFO
SIGPIPE: [libjvm.so+0xbbcca0], sa_mask[0]=11111111011111111101111111111110, sa_flags=SA_RESTART|SA_SIGINFO
SIGXFSZ: [libjvm.so+0xbbcca0], sa_mask[0]=11111111011111111101111111111110, sa_flags=SA_RESTART|SA_SIGINFO
SIGILL: [libjvm.so+0xec40d0], sa_mask[0]=11111111011111111101111111111110, sa_flags=SA_RESTART|SA_SIGINFO
SIGUSR2: [libjvm.so+0xbbcb40], sa_mask[0]=00000000000000000000000000000000, sa_flags=SA_RESTART|SA_SIGINFO
SIGHUP: [libjvm.so+0xbbd260], sa_mask[0]=11111111011111111101111111111110, sa_flags=SA_RESTART|SA_SIGINFO
SIGINT: [libjvm.so+0xbbd260], sa_mask[0]=11111111011111111101111111111110, sa_flags=SA_RESTART|SA_SIGINFO
SIGTERM: [libjvm.so+0xbbd260], sa_mask[0]=11111111011111111101111111111110, sa_flags=SA_RESTART|SA_SIGINFO
SIGQUIT: [libjvm.so+0xbbd260], sa_mask[0]=11111111011111111101111111111110, sa_flags=SA_RESTART|SA_SIGINFO


---------------  S Y S T E M  ---------------

OS:
LSB_VERSION=1.4
DISTRIB_ID=Arch
DISTRIB_RELEASE=rolling
DISTRIB_DESCRIPTION="Arch Linux"
uname: Linux 5.13.8-arch1-1 #1 SMP PREEMPT Wed, 04 Aug 2021 16:57:44 +0000 x86_64
OS uptime: 0 days 4:21 hours
libc: glibc 2.33 NPTL 2.33 
rlimit (soft/hard): STACK 8192k/infinity , CORE infinity/infinity , NPROC 63600/63600 , NOFILE 524288/524288 , AS infinity/infinity , CPU infinity/infinity , DATA infinity/infinity , FSIZE infinity/infinity , MEMLOCK 64k/64k
load average: 1.91 1.43 1.42

/proc/meminfo:
MemTotal:       16306308 kB
MemFree:         1973264 kB
MemAvailable:    7223984 kB
Buffers:          849412 kB
Cached:          4920656 kB
SwapCached:         9608 kB
Active:          3238680 kB
Inactive:        9953640 kB
Active(anon):     390912 kB
Inactive(anon):  7465552 kB
Active(file):    2847768 kB
Inactive(file):  2488088 kB
Unevictable:         112 kB
Mlocked:             112 kB
SwapTotal:        524284 kB
SwapFree:          32772 kB
Dirty:             26156 kB
Writeback:             0 kB
AnonPages:       7413200 kB
Mapped:          2013348 kB
Shmem:            436344 kB
KReclaimable:     251284 kB
Slab:             472644 kB
SReclaimable:     251284 kB
SUnreclaim:       221360 kB
KernelStack:       23088 kB
PageTables:        78916 kB
NFS_Unstable:          0 kB
Bounce:                0 kB
WritebackTmp:          0 kB
CommitLimit:     8677436 kB
Committed_AS:   19928040 kB
VmallocTotal:   34359738367 kB
VmallocUsed:      103844 kB
VmallocChunk:          0 kB
Percpu:            18432 kB
HardwareCorrupted:     0 kB
AnonHugePages:         0 kB
ShmemHugePages:        0 kB
ShmemPmdMapped:        0 kB
FileHugePages:         0 kB
FilePmdMapped:         0 kB
CmaTotal:              0 kB
CmaFree:               0 kB
HugePages_Total:       0
HugePages_Free:        0
HugePages_Rsvd:        0
HugePages_Surp:        0
Hugepagesize:       2048 kB
Hugetlb:               0 kB
DirectMap4k:     1494416 kB
DirectMap2M:    15206400 kB
DirectMap1G:           0 kB

/sys/kernel/mm/transparent_hugepage/enabled: always [madvise] never
/sys/kernel/mm/transparent_hugepage/defrag (defrag/compaction efforts parameter): always defer defer+madvise [madvise] never

/proc/sys/kernel/threads-max (system-wide limit on the number of threads): 127201
/proc/sys/vm/max_map_count (maximum number of memory map areas a process may have): 65530
/proc/sys/kernel/pid_max (system-wide limit on number of process identifiers): 4194304

container (cgroup) information:
container_type: cgroupv2
cpu_cpuset_cpus: not supported
cpu_memory_nodes: not supported
active_processor_count: 12
cpu_quota: not supported
cpu_period: not supported
cpu_shares: not supported
memory_limit_in_bytes: unlimited
memory_and_swap_limit_in_bytes: unlimited
memory_soft_limit_in_bytes: unlimited
memory_usage_in_bytes: 10693550080
memory_max_usage_in_bytes: not supported

Steal ticks since vm start: 0
Steal ticks percentage since vm start:  0.000

CPU: total 12 (initial active 12) (12 cores per cpu, 2 threads per core) family 23 model 113 stepping 0 microcode 0x8701021, cmov, cx8, fxsr, mmx, sse, sse2, sse3, ssse3, sse4.1, sse4.2, popcnt, vzeroupper, avx, avx2, aes, clmul, 3dnowpref, lzcnt, sse4a, ht, tsc, tscinvbit, tscinv, bmi1, bmi2, adx, sha, fma, clflush, clflushopt
CPU Model and flags from /proc/cpuinfo:
model name	: AMD Ryzen 5 3600X 6-Core Processor
flags		: fpu vme de pse tsc msr pae mce cx8 apic sep mtrr pge mca cmov pat pse36 clflush mmx fxsr sse sse2 ht syscall nx mmxext fxsr_opt pdpe1gb rdtscp lm constant_tsc rep_good nopl nonstop_tsc cpuid extd_apicid aperfmperf pni pclmulqdq monitor ssse3 fma cx16 sse4_1 sse4_2 movbe popcnt aes xsave avx f16c rdrand lahf_lm cmp_legacy svm extapic cr8_legacy abm sse4a misalignsse 3dnowprefetch osvw ibs skinit wdt tce topoext perfctr_core perfctr_nb bpext perfctr_llc mwaitx cpb cat_l3 cdp_l3 hw_pstate ssbd mba ibpb stibp vmmcall fsgsbase bmi1 avx2 smep bmi2 cqm rdt_a rdseed adx smap clflushopt clwb sha_ni xsaveopt xsavec xgetbv1 xsaves cqm_llc cqm_occup_llc cqm_mbm_total cqm_mbm_local clzero irperf xsaveerptr rdpru wbnoinvd arat npt lbrv svm_lock nrip_save tsc_scale vmcb_clean flushbyasid decodeassists pausefilter pfthreshold avic v_vmsave_vmload vgif v_spec_ctrl umip rdpid overflow_recov succor smca sme sev sev_es

Online cpus: 0-11
Offline cpus: 12-31
BIOS frequency limitation: 3800000
Frequency switch latency (ns): 0
Available cpu frequencies: 3800000 2800000 2200000 
Current governor: schedutil
Core performance/turbo boost: 1

Memory: 4k page, physical 16306308k(1973264k free), swap 524284k(32772k free)

vm_info: OpenJDK 64-Bit Server VM (15.0.2+7) for linux-amd64 JRE (15.0.2+7), built on Jan 21 2021 11:55:36 by "" with gcc 7.5.0

END.
