#
# A fatal error has been detected by the Java Runtime Environment:
#
#  SIGSEGV (0xb) at pc=0x00007f776402de18, pid=27375, tid=27376
#
# JRE version: OpenJDK Runtime Environment AdoptOpenJDK (15.0.2+7) (build 15.0.2+7)
# Java VM: OpenJDK 64-Bit Server VM AdoptOpenJDK (15.0.2+7, mixed mode, sharing, tiered, compressed oops, g1 gc, linux-amd64)
# Problematic frame:
# C  [libsharedmem.so+0x5e18]  Java_dev_cerus_sharedmem_NativeMemoryMappedFile_readNative+0x100
#
# Core dump will be written. Default location: Core dumps may be processed with "/usr/lib/systemd/systemd-coredump %P %u %g %s %t %c %h" (or dumping to /mnt/nvme/Development/IntelliJ/Workspace/sharedmem/core.27375)
#
# If you would like to submit a bug report, please visit:
#   https://github.com/AdoptOpenJDK/openjdk-support/issues
# The crash happened outside the Java Virtual Machine in native code.
# See problematic frame for where to report the bug.
#

---------------  S U M M A R Y ------------

Command Line: target/sharedmem-1.0.0.jar

Host: AMD Ryzen 5 3600X 6-Core Processor, 12 cores, 15G, Arch Linux
Time: Thu Aug 12 15:07:57 2021 CEST elapsed time: 0.055550 seconds (0d 0h 0m 0s)

---------------  T H R E A D  ---------------

Current thread (0x00007f7784028120):  JavaThread "main" [_thread_in_native, id=27376, stack(0x00007f778b3c6000,0x00007f778b4c7000)]

Stack: [0x00007f778b3c6000,0x00007f778b4c7000],  sp=0x00007f778b4c5550,  free space=1021k
Native frames: (J=compiled Java code, A=aot compiled Java code, j=interpreted, Vv=VM code, C=native code)
C  [libsharedmem.so+0x5e18]  Java_dev_cerus_sharedmem_NativeMemoryMappedFile_readNative+0x100
j  dev.cerus.sharedmem.NativeMemoryMappedFile.readNative(II)[B+0
j  dev.cerus.sharedmem.NativeMemoryMappedFile.read(II)[B+3
j  dev.cerus.sharedmem.Test.main([Ljava/lang/String;)V+35
v  ~StubRoutines::call_stub
V  [libjvm.so+0x7e2425]
V  [libjvm.so+0x86e42a]
V  [libjvm.so+0x870a8e]
C  [libjli.so+0x575d]
C  [libjli.so+0x8769]

Java frames: (J=compiled Java code, j=interpreted, Vv=VM code)
j  dev.cerus.sharedmem.NativeMemoryMappedFile.readNative(II)[B+0
j  dev.cerus.sharedmem.NativeMemoryMappedFile.read(II)[B+3
j  dev.cerus.sharedmem.Test.main([Ljava/lang/String;)V+35
v  ~StubRoutines::call_stub

siginfo: si_signo: 11 (SIGSEGV), si_code: 1 (SEGV_MAPERR), si_addr: 0x0000000000000000

Register to memory mapping:

RAX=0x0 is NULL
RBX=0x00007f778b4c5750 is pointing into the stack for thread: 0x00007f7784028120
RCX=0x0000000000000003 is an unknown value
RDX=0x0000000000000001 is an unknown value
RSP=0x00007f778b4c5550 is pointing into the stack for thread: 0x00007f7784028120
RBP=0x00007f778b4c57d0 is pointing into the stack for thread: 0x00007f7784028120
RSI=0x0000000000000010 is an unknown value
RDI=0x00007f77640344a0: region+0x0000000000000000 in /tmp/javasharedmem/libsharedmem.so at 0x00007f7764028000
R8 =0x00007f77842c6730 points into unknown readable memory: 0x00007f778ca86c00 | 00 6c a8 8c 77 7f 00 00
R9 =0x00005578d9e8ef80 points into unknown readable memory: 0x0000000000000002 | 02 00 00 00 00 00 00 00
R10=0x00007f776c33e3c1 is at code_begin+897 in an Interpreter codelet
method entry point (kind = native)  [0x00007f776c33e040, 0x00007f776c33e9a0]  2400 bytes
R11=0x0000000000000102 is an unknown value
R12=0x0000000000000200 is an unknown value
R13=0x0 is NULL
R14=0x0000000000000200 is an unknown value
R15=0x0 is NULL


Registers:
RAX=0x0000000000000000, RBX=0x00007f778b4c5750, RCX=0x0000000000000003, RDX=0x0000000000000001
RSP=0x00007f778b4c5550, RBP=0x00007f778b4c57d0, RSI=0x0000000000000010, RDI=0x00007f77640344a0
R8 =0x00007f77842c6730, R9 =0x00005578d9e8ef80, R10=0x00007f776c33e3c1, R11=0x0000000000000102
R12=0x0000000000000200, R13=0x0000000000000000, R14=0x0000000000000200, R15=0x0000000000000000
RIP=0x00007f776402de18, EFLAGS=0x0000000000010287, CSGSFS=0x002b000000000033, ERR=0x0000000000000004
  TRAPNO=0x000000000000000e

Top of Stack: (sp=0x00007f778b4c5550)
0x00007f778b4c5550:   0000000000000000 0000000000000000
0x00007f778b4c5560:   0000000000000000 0000000000000000
0x00007f778b4c5570:   0000000000000000 0000000000000002
0x00007f778b4c5580:   0000000000000000 0000000000000000 

Instructions: (pc=0x00007f776402de18)
0x00007f776402dd18:   55 48 89 e5 41 57 41 56 41 55 41 54 53 48 83 ec
0x00007f776402dd28:   58 48 89 7d 98 48 89 75 90 89 55 8c 89 4d 88 64
0x00007f776402dd38:   48 8b 04 25 28 00 00 00 48 89 45 c8 31 c0 48 89
0x00007f776402dd48:   e0 48 89 c3 83 7d 88 ff 75 14 48 8b 05 2f 62 00
0x00007f776402dd58:   00 48 89 c7 e8 5f f8 ff ff 89 45 a4 eb 06 8b 45
0x00007f776402dd68:   88 89 45 a4 8b 55 a4 48 8b 45 98 89 d6 48 89 c7
0x00007f776402dd78:   e8 e3 f5 ff ff 48 89 45 b0 48 83 7d b0 00 75 0a
0x00007f776402dd88:   b8 00 00 00 00 e9 c6 00 00 00 8b 45 a4 48 63 d0
0x00007f776402dd98:   48 83 ea 01 48 89 55 b8 48 63 d0 49 89 d6 41 bf
0x00007f776402dda8:   00 00 00 00 48 63 d0 49 89 d4 41 bd 00 00 00 00
0x00007f776402ddb8:   48 98 ba 10 00 00 00 48 83 ea 01 48 01 d0 be 10
0x00007f776402ddc8:   00 00 00 ba 00 00 00 00 48 f7 f6 48 6b c0 10 48
0x00007f776402ddd8:   29 c4 48 89 e0 48 83 c0 00 48 89 45 c0 48 8b 05
0x00007f776402dde8:   9c 61 00 00 48 89 c7 e8 2c fa ff ff 48 89 c2 8b
0x00007f776402ddf8:   45 8c 48 98 48 01 d0 48 89 45 a8 c7 45 a0 00 00
0x00007f776402de08:   00 00 eb 1f 48 8b 45 a8 48 8d 50 01 48 89 55 a8
0x00007f776402de18:   0f b6 08 48 8b 55 c0 8b 45 a0 48 98 88 0c 02 83
0x00007f776402de28:   45 a0 01 8b 45 a0 3b 45 a4 7c d9 48 8b 4d c0 8b
0x00007f776402de38:   55 a4 48 8b 75 b0 48 8b 45 98 49 89 c8 89 d1 ba
0x00007f776402de48:   00 00 00 00 48 89 c7 e8 4c f8 ff ff 48 8b 45 b0
0x00007f776402de58:   48 89 dc 48 8b 55 c8 64 48 2b 14 25 28 00 00 00
0x00007f776402de68:   74 05 e8 31 f7 ff ff 48 8d 65 d8 5b 41 5c 41 5d
0x00007f776402de78:   41 5e 41 5f 5d c3 55 48 89 e5 48 83 ec 30 48 89
0x00007f776402de88:   7d e8 48 89 75 e0 89 55 dc 48 89 4d d0 48 8b 55
0x00007f776402de98:   d0 48 8b 45 e8 48 89 d6 48 89 c7 e8 08 f5 ff ff
0x00007f776402dea8:   48 98 48 89 45 f0 48 8b 4d d0 48 8b 45 e8 ba 00
0x00007f776402deb8:   00 00 00 48 89 ce 48 89 c7 e8 fa f5 ff ff 48 89
0x00007f776402dec8:   45 f8 48 8b 05 b7 60 00 00 48 89 c7 e8 47 f9 ff
0x00007f776402ded8:   ff 48 89 c1 48 8b 55 f0 48 8b 45 f8 48 89 c6 48
0x00007f776402dee8:   89 cf e8 d1 f4 ff ff 48 8b 55 f8 48 8b 75 d0 48
0x00007f776402def8:   8b 45 e8 b9 02 00 00 00 48 89 c7 e8 88 f7 ff ff
0x00007f776402df08:   b8 00 00 00 00 c9 c3 55 48 89 e5 53 48 81 ec 88 


Stack slot to memory mapping:
stack at sp + 0 slots: 0x0 is NULL
stack at sp + 1 slots: 0x0 is NULL
stack at sp + 2 slots: 0x0 is NULL
stack at sp + 3 slots: 0x0 is NULL
stack at sp + 4 slots: 0x0 is NULL
stack at sp + 5 slots: 0x0000000000000002 is an unknown value
stack at sp + 6 slots: 0x0 is NULL
stack at sp + 7 slots: 0x0 is NULL


---------------  P R O C E S S  ---------------

Threads class SMR info:
_java_thread_list=0x00007f77842526f0, length=10, elements={
0x00007f7784028120, 0x00007f77841c2a00, 0x00007f77841c4140, 0x00007f77841caf60,
0x00007f77841cc670, 0x00007f77841ce290, 0x00007f77841cfac0, 0x00007f77841d11c0,
0x00007f778424e130, 0x00007f7784251430
}

Java Threads: ( => current thread )
=>0x00007f7784028120 JavaThread "main" [_thread_in_native, id=27376, stack(0x00007f778b3c6000,0x00007f778b4c7000)]
  0x00007f77841c2a00 JavaThread "Reference Handler" daemon [_thread_blocked, id=27383, stack(0x00007f7764035000,0x00007f7764136000)]
  0x00007f77841c4140 JavaThread "Finalizer" daemon [_thread_blocked, id=27384, stack(0x00007f77556ff000,0x00007f7755800000)]
  0x00007f77841caf60 JavaThread "Signal Dispatcher" daemon [_thread_blocked, id=27385, stack(0x00007f7755317000,0x00007f7755418000)]
  0x00007f77841cc670 JavaThread "Service Thread" daemon [_thread_blocked, id=27386, stack(0x00007f7755216000,0x00007f7755317000)]
  0x00007f77841ce290 JavaThread "C2 CompilerThread0" daemon [_thread_blocked, id=27387, stack(0x00007f7755115000,0x00007f7755216000)]
  0x00007f77841cfac0 JavaThread "C1 CompilerThread0" daemon [_thread_blocked, id=27388, stack(0x00007f7755014000,0x00007f7755115000)]
  0x00007f77841d11c0 JavaThread "Sweeper thread" daemon [_thread_blocked, id=27389, stack(0x00007f7754f13000,0x00007f7755014000)]
  0x00007f778424e130 JavaThread "Notification Thread" daemon [_thread_blocked, id=27390, stack(0x00007f7754e12000,0x00007f7754f13000)]
  0x00007f7784251430 JavaThread "Common-Cleaner" daemon [_thread_blocked, id=27392, stack(0x00007f7754c0f000,0x00007f7754d10000)]

Other Threads:
  0x00007f77841bfcb0 VMThread "VM Thread" [stack: 0x00007f7764138000,0x00007f7764238000] [id=27382]
  0x00007f778424fcf0 WatcherThread [stack: 0x00007f7754d12000,0x00007f7754e12000] [id=27391]
  0x00007f7784079060 GCTaskThread "GC Thread#0" [stack: 0x00007f7788ab6000,0x00007f7788bb6000] [id=27377]
  0x00007f778408a2c0 ConcurrentGCThread "G1 Main Marker" [stack: 0x00007f77889b4000,0x00007f7788ab4000] [id=27378]
  0x00007f778408b550 ConcurrentGCThread "G1 Conc#0" [stack: 0x00007f77888b2000,0x00007f77889b2000] [id=27379]
  0x00007f7784149d90 ConcurrentGCThread "G1 Refine#0" [stack: 0x00007f77643bd000,0x00007f77644bd000] [id=27380]
  0x00007f778414afa0 ConcurrentGCThread "G1 Young RemSet Sampling" [stack: 0x00007f77642bb000,0x00007f77643bb000] [id=27381]

Threads with active compile tasks:

VM state: not at safepoint (normal execution)

VM Mutex/Monitor currently owned by a thread: None

Heap address: 0x0000000707200000, size: 3982 MB, Compressed Oops mode: Zero based, Oop shift amount: 3
CDS archive(s) mapped at: [0x0000000800000000-0x0000000800b2b000-0x0000000800b2b000), size 11710464, SharedBaseAddress: 0x0000000800000000, ArchiveRelocationMode: 0.
Compressed class space mapped at: 0x0000000800b2c000-0x0000000840b2c000, size: 1073741824
Narrow klass base: 0x0000000800000000, Narrow klass shift: 3, Narrow klass range: 0x100000000

GC Precious Log:
 CPUs: 12 total, 12 available
 Memory: 15924M
 Large Page Support: Disabled
 NUMA Support: Disabled
 Compressed Oops: Enabled (Zero based)
 Heap Region Size: 2M
 Heap Min Capacity: 8M
 Heap Initial Capacity: 250M
 Heap Max Capacity: 3982M
 Pre-touch: Disabled
 Parallel Workers: 10
 Concurrent Workers: 3
 Concurrent Refinement Workers: 10
 Periodic GC: Disabled

Heap:
 garbage-first heap   total 260096K, used 1848K [0x0000000707200000, 0x0000000800000000)
  region size 2048K, 1 young (2048K), 0 survivors (0K)
 Metaspace       used 452K, capacity 4606K, committed 4864K, reserved 1056768K
  class space    used 39K, capacity 402K, committed 512K, reserved 1048576K

Heap Regions: E=young(eden), S=young(survivor), O=old, HS=humongous(starts), HC=humongous(continues), CS=collection set, F=free, OA=open archive, CA=closed archive, TAMS=top-at-mark-start (previous, next)
|   0|0x0000000707200000, 0x0000000707200000, 0x0000000707400000|  0%| F|  |TAMS 0x0000000707200000, 0x0000000707200000| Untracked 
|   1|0x0000000707400000, 0x0000000707400000, 0x0000000707600000|  0%| F|  |TAMS 0x0000000707400000, 0x0000000707400000| Untracked 
|   2|0x0000000707600000, 0x0000000707600000, 0x0000000707800000|  0%| F|  |TAMS 0x0000000707600000, 0x0000000707600000| Untracked 
|   3|0x0000000707800000, 0x0000000707800000, 0x0000000707a00000|  0%| F|  |TAMS 0x0000000707800000, 0x0000000707800000| Untracked 
|   4|0x0000000707a00000, 0x0000000707a00000, 0x0000000707c00000|  0%| F|  |TAMS 0x0000000707a00000, 0x0000000707a00000| Untracked 
|   5|0x0000000707c00000, 0x0000000707c00000, 0x0000000707e00000|  0%| F|  |TAMS 0x0000000707c00000, 0x0000000707c00000| Untracked 
|   6|0x0000000707e00000, 0x0000000707e00000, 0x0000000708000000|  0%| F|  |TAMS 0x0000000707e00000, 0x0000000707e00000| Untracked 
|   7|0x0000000708000000, 0x0000000708000000, 0x0000000708200000|  0%| F|  |TAMS 0x0000000708000000, 0x0000000708000000| Untracked 
|   8|0x0000000708200000, 0x0000000708200000, 0x0000000708400000|  0%| F|  |TAMS 0x0000000708200000, 0x0000000708200000| Untracked 
|   9|0x0000000708400000, 0x0000000708400000, 0x0000000708600000|  0%| F|  |TAMS 0x0000000708400000, 0x0000000708400000| Untracked 
|  10|0x0000000708600000, 0x0000000708600000, 0x0000000708800000|  0%| F|  |TAMS 0x0000000708600000, 0x0000000708600000| Untracked 
|  11|0x0000000708800000, 0x0000000708800000, 0x0000000708a00000|  0%| F|  |TAMS 0x0000000708800000, 0x0000000708800000| Untracked 
|  12|0x0000000708a00000, 0x0000000708a00000, 0x0000000708c00000|  0%| F|  |TAMS 0x0000000708a00000, 0x0000000708a00000| Untracked 
|  13|0x0000000708c00000, 0x0000000708c00000, 0x0000000708e00000|  0%| F|  |TAMS 0x0000000708c00000, 0x0000000708c00000| Untracked 
|  14|0x0000000708e00000, 0x0000000708e00000, 0x0000000709000000|  0%| F|  |TAMS 0x0000000708e00000, 0x0000000708e00000| Untracked 
|  15|0x0000000709000000, 0x0000000709000000, 0x0000000709200000|  0%| F|  |TAMS 0x0000000709000000, 0x0000000709000000| Untracked 
|  16|0x0000000709200000, 0x0000000709200000, 0x0000000709400000|  0%| F|  |TAMS 0x0000000709200000, 0x0000000709200000| Untracked 
|  17|0x0000000709400000, 0x0000000709400000, 0x0000000709600000|  0%| F|  |TAMS 0x0000000709400000, 0x0000000709400000| Untracked 
|  18|0x0000000709600000, 0x0000000709600000, 0x0000000709800000|  0%| F|  |TAMS 0x0000000709600000, 0x0000000709600000| Untracked 
|  19|0x0000000709800000, 0x0000000709800000, 0x0000000709a00000|  0%| F|  |TAMS 0x0000000709800000, 0x0000000709800000| Untracked 
|  20|0x0000000709a00000, 0x0000000709a00000, 0x0000000709c00000|  0%| F|  |TAMS 0x0000000709a00000, 0x0000000709a00000| Untracked 
|  21|0x0000000709c00000, 0x0000000709c00000, 0x0000000709e00000|  0%| F|  |TAMS 0x0000000709c00000, 0x0000000709c00000| Untracked 
|  22|0x0000000709e00000, 0x0000000709e00000, 0x000000070a000000|  0%| F|  |TAMS 0x0000000709e00000, 0x0000000709e00000| Untracked 
|  23|0x000000070a000000, 0x000000070a000000, 0x000000070a200000|  0%| F|  |TAMS 0x000000070a000000, 0x000000070a000000| Untracked 
|  24|0x000000070a200000, 0x000000070a200000, 0x000000070a400000|  0%| F|  |TAMS 0x000000070a200000, 0x000000070a200000| Untracked 
|  25|0x000000070a400000, 0x000000070a400000, 0x000000070a600000|  0%| F|  |TAMS 0x000000070a400000, 0x000000070a400000| Untracked 
|  26|0x000000070a600000, 0x000000070a600000, 0x000000070a800000|  0%| F|  |TAMS 0x000000070a600000, 0x000000070a600000| Untracked 
|  27|0x000000070a800000, 0x000000070a800000, 0x000000070aa00000|  0%| F|  |TAMS 0x000000070a800000, 0x000000070a800000| Untracked 
|  28|0x000000070aa00000, 0x000000070aa00000, 0x000000070ac00000|  0%| F|  |TAMS 0x000000070aa00000, 0x000000070aa00000| Untracked 
|  29|0x000000070ac00000, 0x000000070ac00000, 0x000000070ae00000|  0%| F|  |TAMS 0x000000070ac00000, 0x000000070ac00000| Untracked 
|  30|0x000000070ae00000, 0x000000070ae00000, 0x000000070b000000|  0%| F|  |TAMS 0x000000070ae00000, 0x000000070ae00000| Untracked 
|  31|0x000000070b000000, 0x000000070b000000, 0x000000070b200000|  0%| F|  |TAMS 0x000000070b000000, 0x000000070b000000| Untracked 
|  32|0x000000070b200000, 0x000000070b200000, 0x000000070b400000|  0%| F|  |TAMS 0x000000070b200000, 0x000000070b200000| Untracked 
|  33|0x000000070b400000, 0x000000070b400000, 0x000000070b600000|  0%| F|  |TAMS 0x000000070b400000, 0x000000070b400000| Untracked 
|  34|0x000000070b600000, 0x000000070b600000, 0x000000070b800000|  0%| F|  |TAMS 0x000000070b600000, 0x000000070b600000| Untracked 
|  35|0x000000070b800000, 0x000000070b800000, 0x000000070ba00000|  0%| F|  |TAMS 0x000000070b800000, 0x000000070b800000| Untracked 
|  36|0x000000070ba00000, 0x000000070ba00000, 0x000000070bc00000|  0%| F|  |TAMS 0x000000070ba00000, 0x000000070ba00000| Untracked 
|  37|0x000000070bc00000, 0x000000070bc00000, 0x000000070be00000|  0%| F|  |TAMS 0x000000070bc00000, 0x000000070bc00000| Untracked 
|  38|0x000000070be00000, 0x000000070be00000, 0x000000070c000000|  0%| F|  |TAMS 0x000000070be00000, 0x000000070be00000| Untracked 
|  39|0x000000070c000000, 0x000000070c000000, 0x000000070c200000|  0%| F|  |TAMS 0x000000070c000000, 0x000000070c000000| Untracked 
|  40|0x000000070c200000, 0x000000070c200000, 0x000000070c400000|  0%| F|  |TAMS 0x000000070c200000, 0x000000070c200000| Untracked 
|  41|0x000000070c400000, 0x000000070c400000, 0x000000070c600000|  0%| F|  |TAMS 0x000000070c400000, 0x000000070c400000| Untracked 
|  42|0x000000070c600000, 0x000000070c600000, 0x000000070c800000|  0%| F|  |TAMS 0x000000070c600000, 0x000000070c600000| Untracked 
|  43|0x000000070c800000, 0x000000070c800000, 0x000000070ca00000|  0%| F|  |TAMS 0x000000070c800000, 0x000000070c800000| Untracked 
|  44|0x000000070ca00000, 0x000000070ca00000, 0x000000070cc00000|  0%| F|  |TAMS 0x000000070ca00000, 0x000000070ca00000| Untracked 
|  45|0x000000070cc00000, 0x000000070cc00000, 0x000000070ce00000|  0%| F|  |TAMS 0x000000070cc00000, 0x000000070cc00000| Untracked 
|  46|0x000000070ce00000, 0x000000070ce00000, 0x000000070d000000|  0%| F|  |TAMS 0x000000070ce00000, 0x000000070ce00000| Untracked 
|  47|0x000000070d000000, 0x000000070d000000, 0x000000070d200000|  0%| F|  |TAMS 0x000000070d000000, 0x000000070d000000| Untracked 
|  48|0x000000070d200000, 0x000000070d200000, 0x000000070d400000|  0%| F|  |TAMS 0x000000070d200000, 0x000000070d200000| Untracked 
|  49|0x000000070d400000, 0x000000070d400000, 0x000000070d600000|  0%| F|  |TAMS 0x000000070d400000, 0x000000070d400000| Untracked 
|  50|0x000000070d600000, 0x000000070d600000, 0x000000070d800000|  0%| F|  |TAMS 0x000000070d600000, 0x000000070d600000| Untracked 
|  51|0x000000070d800000, 0x000000070d800000, 0x000000070da00000|  0%| F|  |TAMS 0x000000070d800000, 0x000000070d800000| Untracked 
|  52|0x000000070da00000, 0x000000070da00000, 0x000000070dc00000|  0%| F|  |TAMS 0x000000070da00000, 0x000000070da00000| Untracked 
|  53|0x000000070dc00000, 0x000000070dc00000, 0x000000070de00000|  0%| F|  |TAMS 0x000000070dc00000, 0x000000070dc00000| Untracked 
|  54|0x000000070de00000, 0x000000070de00000, 0x000000070e000000|  0%| F|  |TAMS 0x000000070de00000, 0x000000070de00000| Untracked 
|  55|0x000000070e000000, 0x000000070e000000, 0x000000070e200000|  0%| F|  |TAMS 0x000000070e000000, 0x000000070e000000| Untracked 
|  56|0x000000070e200000, 0x000000070e200000, 0x000000070e400000|  0%| F|  |TAMS 0x000000070e200000, 0x000000070e200000| Untracked 
|  57|0x000000070e400000, 0x000000070e400000, 0x000000070e600000|  0%| F|  |TAMS 0x000000070e400000, 0x000000070e400000| Untracked 
|  58|0x000000070e600000, 0x000000070e600000, 0x000000070e800000|  0%| F|  |TAMS 0x000000070e600000, 0x000000070e600000| Untracked 
|  59|0x000000070e800000, 0x000000070e800000, 0x000000070ea00000|  0%| F|  |TAMS 0x000000070e800000, 0x000000070e800000| Untracked 
|  60|0x000000070ea00000, 0x000000070ea00000, 0x000000070ec00000|  0%| F|  |TAMS 0x000000070ea00000, 0x000000070ea00000| Untracked 
|  61|0x000000070ec00000, 0x000000070ec00000, 0x000000070ee00000|  0%| F|  |TAMS 0x000000070ec00000, 0x000000070ec00000| Untracked 
|  62|0x000000070ee00000, 0x000000070ee00000, 0x000000070f000000|  0%| F|  |TAMS 0x000000070ee00000, 0x000000070ee00000| Untracked 
|  63|0x000000070f000000, 0x000000070f000000, 0x000000070f200000|  0%| F|  |TAMS 0x000000070f000000, 0x000000070f000000| Untracked 
|  64|0x000000070f200000, 0x000000070f200000, 0x000000070f400000|  0%| F|  |TAMS 0x000000070f200000, 0x000000070f200000| Untracked 
|  65|0x000000070f400000, 0x000000070f400000, 0x000000070f600000|  0%| F|  |TAMS 0x000000070f400000, 0x000000070f400000| Untracked 
|  66|0x000000070f600000, 0x000000070f600000, 0x000000070f800000|  0%| F|  |TAMS 0x000000070f600000, 0x000000070f600000| Untracked 
|  67|0x000000070f800000, 0x000000070f800000, 0x000000070fa00000|  0%| F|  |TAMS 0x000000070f800000, 0x000000070f800000| Untracked 
|  68|0x000000070fa00000, 0x000000070fa00000, 0x000000070fc00000|  0%| F|  |TAMS 0x000000070fa00000, 0x000000070fa00000| Untracked 
|  69|0x000000070fc00000, 0x000000070fc00000, 0x000000070fe00000|  0%| F|  |TAMS 0x000000070fc00000, 0x000000070fc00000| Untracked 
|  70|0x000000070fe00000, 0x000000070fe00000, 0x0000000710000000|  0%| F|  |TAMS 0x000000070fe00000, 0x000000070fe00000| Untracked 
|  71|0x0000000710000000, 0x0000000710000000, 0x0000000710200000|  0%| F|  |TAMS 0x0000000710000000, 0x0000000710000000| Untracked 
|  72|0x0000000710200000, 0x0000000710200000, 0x0000000710400000|  0%| F|  |TAMS 0x0000000710200000, 0x0000000710200000| Untracked 
|  73|0x0000000710400000, 0x0000000710400000, 0x0000000710600000|  0%| F|  |TAMS 0x0000000710400000, 0x0000000710400000| Untracked 
|  74|0x0000000710600000, 0x0000000710600000, 0x0000000710800000|  0%| F|  |TAMS 0x0000000710600000, 0x0000000710600000| Untracked 
|  75|0x0000000710800000, 0x0000000710800000, 0x0000000710a00000|  0%| F|  |TAMS 0x0000000710800000, 0x0000000710800000| Untracked 
|  76|0x0000000710a00000, 0x0000000710a00000, 0x0000000710c00000|  0%| F|  |TAMS 0x0000000710a00000, 0x0000000710a00000| Untracked 
|  77|0x0000000710c00000, 0x0000000710c00000, 0x0000000710e00000|  0%| F|  |TAMS 0x0000000710c00000, 0x0000000710c00000| Untracked 
|  78|0x0000000710e00000, 0x0000000710e00000, 0x0000000711000000|  0%| F|  |TAMS 0x0000000710e00000, 0x0000000710e00000| Untracked 
|  79|0x0000000711000000, 0x0000000711000000, 0x0000000711200000|  0%| F|  |TAMS 0x0000000711000000, 0x0000000711000000| Untracked 
|  80|0x0000000711200000, 0x0000000711200000, 0x0000000711400000|  0%| F|  |TAMS 0x0000000711200000, 0x0000000711200000| Untracked 
|  81|0x0000000711400000, 0x0000000711400000, 0x0000000711600000|  0%| F|  |TAMS 0x0000000711400000, 0x0000000711400000| Untracked 
|  82|0x0000000711600000, 0x0000000711600000, 0x0000000711800000|  0%| F|  |TAMS 0x0000000711600000, 0x0000000711600000| Untracked 
|  83|0x0000000711800000, 0x0000000711800000, 0x0000000711a00000|  0%| F|  |TAMS 0x0000000711800000, 0x0000000711800000| Untracked 
|  84|0x0000000711a00000, 0x0000000711a00000, 0x0000000711c00000|  0%| F|  |TAMS 0x0000000711a00000, 0x0000000711a00000| Untracked 
|  85|0x0000000711c00000, 0x0000000711c00000, 0x0000000711e00000|  0%| F|  |TAMS 0x0000000711c00000, 0x0000000711c00000| Untracked 
|  86|0x0000000711e00000, 0x0000000711e00000, 0x0000000712000000|  0%| F|  |TAMS 0x0000000711e00000, 0x0000000711e00000| Untracked 
|  87|0x0000000712000000, 0x0000000712000000, 0x0000000712200000|  0%| F|  |TAMS 0x0000000712000000, 0x0000000712000000| Untracked 
|  88|0x0000000712200000, 0x0000000712200000, 0x0000000712400000|  0%| F|  |TAMS 0x0000000712200000, 0x0000000712200000| Untracked 
|  89|0x0000000712400000, 0x0000000712400000, 0x0000000712600000|  0%| F|  |TAMS 0x0000000712400000, 0x0000000712400000| Untracked 
|  90|0x0000000712600000, 0x0000000712600000, 0x0000000712800000|  0%| F|  |TAMS 0x0000000712600000, 0x0000000712600000| Untracked 
|  91|0x0000000712800000, 0x0000000712800000, 0x0000000712a00000|  0%| F|  |TAMS 0x0000000712800000, 0x0000000712800000| Untracked 
|  92|0x0000000712a00000, 0x0000000712a00000, 0x0000000712c00000|  0%| F|  |TAMS 0x0000000712a00000, 0x0000000712a00000| Untracked 
|  93|0x0000000712c00000, 0x0000000712c00000, 0x0000000712e00000|  0%| F|  |TAMS 0x0000000712c00000, 0x0000000712c00000| Untracked 
|  94|0x0000000712e00000, 0x0000000712e00000, 0x0000000713000000|  0%| F|  |TAMS 0x0000000712e00000, 0x0000000712e00000| Untracked 
|  95|0x0000000713000000, 0x0000000713000000, 0x0000000713200000|  0%| F|  |TAMS 0x0000000713000000, 0x0000000713000000| Untracked 
|  96|0x0000000713200000, 0x0000000713200000, 0x0000000713400000|  0%| F|  |TAMS 0x0000000713200000, 0x0000000713200000| Untracked 
|  97|0x0000000713400000, 0x0000000713400000, 0x0000000713600000|  0%| F|  |TAMS 0x0000000713400000, 0x0000000713400000| Untracked 
|  98|0x0000000713600000, 0x0000000713600000, 0x0000000713800000|  0%| F|  |TAMS 0x0000000713600000, 0x0000000713600000| Untracked 
|  99|0x0000000713800000, 0x0000000713800000, 0x0000000713a00000|  0%| F|  |TAMS 0x0000000713800000, 0x0000000713800000| Untracked 
| 100|0x0000000713a00000, 0x0000000713a00000, 0x0000000713c00000|  0%| F|  |TAMS 0x0000000713a00000, 0x0000000713a00000| Untracked 
| 101|0x0000000713c00000, 0x0000000713c00000, 0x0000000713e00000|  0%| F|  |TAMS 0x0000000713c00000, 0x0000000713c00000| Untracked 
| 102|0x0000000713e00000, 0x0000000713e00000, 0x0000000714000000|  0%| F|  |TAMS 0x0000000713e00000, 0x0000000713e00000| Untracked 
| 103|0x0000000714000000, 0x0000000714000000, 0x0000000714200000|  0%| F|  |TAMS 0x0000000714000000, 0x0000000714000000| Untracked 
| 104|0x0000000714200000, 0x0000000714200000, 0x0000000714400000|  0%| F|  |TAMS 0x0000000714200000, 0x0000000714200000| Untracked 
| 105|0x0000000714400000, 0x0000000714400000, 0x0000000714600000|  0%| F|  |TAMS 0x0000000714400000, 0x0000000714400000| Untracked 
| 106|0x0000000714600000, 0x0000000714600000, 0x0000000714800000|  0%| F|  |TAMS 0x0000000714600000, 0x0000000714600000| Untracked 
| 107|0x0000000714800000, 0x0000000714800000, 0x0000000714a00000|  0%| F|  |TAMS 0x0000000714800000, 0x0000000714800000| Untracked 
| 108|0x0000000714a00000, 0x0000000714a00000, 0x0000000714c00000|  0%| F|  |TAMS 0x0000000714a00000, 0x0000000714a00000| Untracked 
| 109|0x0000000714c00000, 0x0000000714c00000, 0x0000000714e00000|  0%| F|  |TAMS 0x0000000714c00000, 0x0000000714c00000| Untracked 
| 110|0x0000000714e00000, 0x0000000714e00000, 0x0000000715000000|  0%| F|  |TAMS 0x0000000714e00000, 0x0000000714e00000| Untracked 
| 111|0x0000000715000000, 0x0000000715000000, 0x0000000715200000|  0%| F|  |TAMS 0x0000000715000000, 0x0000000715000000| Untracked 
| 112|0x0000000715200000, 0x0000000715200000, 0x0000000715400000|  0%| F|  |TAMS 0x0000000715200000, 0x0000000715200000| Untracked 
| 113|0x0000000715400000, 0x0000000715400000, 0x0000000715600000|  0%| F|  |TAMS 0x0000000715400000, 0x0000000715400000| Untracked 
| 114|0x0000000715600000, 0x0000000715600000, 0x0000000715800000|  0%| F|  |TAMS 0x0000000715600000, 0x0000000715600000| Untracked 
| 115|0x0000000715800000, 0x0000000715800000, 0x0000000715a00000|  0%| F|  |TAMS 0x0000000715800000, 0x0000000715800000| Untracked 
| 116|0x0000000715a00000, 0x0000000715a00000, 0x0000000715c00000|  0%| F|  |TAMS 0x0000000715a00000, 0x0000000715a00000| Untracked 
| 117|0x0000000715c00000, 0x0000000715c00000, 0x0000000715e00000|  0%| F|  |TAMS 0x0000000715c00000, 0x0000000715c00000| Untracked 
| 118|0x0000000715e00000, 0x0000000715e00000, 0x0000000716000000|  0%| F|  |TAMS 0x0000000715e00000, 0x0000000715e00000| Untracked 
| 119|0x0000000716000000, 0x0000000716000000, 0x0000000716200000|  0%| F|  |TAMS 0x0000000716000000, 0x0000000716000000| Untracked 
| 120|0x0000000716200000, 0x0000000716200000, 0x0000000716400000|  0%| F|  |TAMS 0x0000000716200000, 0x0000000716200000| Untracked 
| 121|0x0000000716400000, 0x0000000716400000, 0x0000000716600000|  0%| F|  |TAMS 0x0000000716400000, 0x0000000716400000| Untracked 
| 122|0x0000000716600000, 0x0000000716600000, 0x0000000716800000|  0%| F|  |TAMS 0x0000000716600000, 0x0000000716600000| Untracked 
| 123|0x0000000716800000, 0x0000000716800000, 0x0000000716a00000|  0%| F|  |TAMS 0x0000000716800000, 0x0000000716800000| Untracked 
| 124|0x0000000716a00000, 0x0000000716b51f40, 0x0000000716c00000| 66%| E|  |TAMS 0x0000000716a00000, 0x0000000716a00000| Complete 
|1989|0x00000007ffc00000, 0x00000007ffd52000, 0x00000007ffe00000| 66%|OA|  |TAMS 0x00000007ffc00000, 0x00000007ffc00000| Untracked 
|1990|0x00000007ffe00000, 0x00000007ffe7c000, 0x0000000800000000| 24%|CA|  |TAMS 0x00000007ffe00000, 0x00000007ffe00000| Untracked 

Card table byte_map: [0x00007f77893fe000,0x00007f7789bc5000] _byte_map_base: 0x00007f7785bc5000

Marking Bits (Prev, Next): (CMBitMap*) 0x00007f7784079e00, (CMBitMap*) 0x00007f7784079e40
 Prev Bits: [0x00007f77684f7000, 0x00007f776c32f000)
 Next Bits: [0x00007f77646bf000, 0x00007f77684f7000)

Polling page: 0x00007f778cfa0000

Metaspace:

Usage:
  Non-class:      4.11 MB capacity,   412.66 KB ( 10%) used,     3.70 MB ( 90%) free+waste,     2.12 KB ( <1%) overhead. 
      Class:    402.00 KB capacity,    39.65 KB ( 10%) used,   361.35 KB ( 90%) free+waste,     1.00 KB ( <1%) overhead. 
       Both:      4.50 MB capacity,   452.31 KB ( 10%) used,     4.05 MB ( 90%) free+waste,     3.12 KB ( <1%) overhead. 

Virtual space:
  Non-class space:        8.00 MB reserved,       4.25 MB ( 53%) committed 
      Class space:        1.00 GB reserved,     512.00 KB ( <1%) committed 
             Both:        1.01 GB reserved,       4.75 MB ( <1%) committed 

Chunk freelists:
   Non-Class:  20.00 KB
       Class:  0 bytes
        Both:  20.00 KB

MaxMetaspaceSize: 17179869184.00 GB
CompressedClassSpaceSize: 1.00 GB

CodeHeap 'non-profiled nmethods': size=120028Kb used=55Kb max_used=55Kb free=119972Kb
 bounds [0x00007f7773df8000, 0x00007f7774068000, 0x00007f777b32f000]
CodeHeap 'profiled nmethods': size=120028Kb used=184Kb max_used=184Kb free=119843Kb
 bounds [0x00007f776c8c1000, 0x00007f776cb31000, 0x00007f7773df8000]
CodeHeap 'non-nmethods': size=5704Kb used=1101Kb max_used=1115Kb free=4602Kb
 bounds [0x00007f776c32f000, 0x00007f776c59f000, 0x00007f776c8c1000]
 total_blobs=494 nmethods=151 adapters=257
 compilation: enabled
              stopped_count=0, restarted_count=0
 full_count=0

Compilation events (20 events):
Event: 0.049 Thread 0x00007f77841ce290 nmethod 127 0x00007f7773e02e10 code [0x00007f7773e02fa0, 0x00007f7773e03078]
Event: 0.052 Thread 0x00007f77841cfac0 nmethod 130 0x00007f776c8e1d90 code [0x00007f776c8e2ac0, 0x00007f776c8e8c30]
Event: 0.052 Thread 0x00007f77841cfac0  131       3       sun.invoke.util.VerifyAccess::isTypeVisible (118 bytes)
Event: 0.053 Thread 0x00007f77841cfac0 nmethod 131 0x00007f776c8ea810 code [0x00007f776c8eac00, 0x00007f776c8ecb90]
Event: 0.053 Thread 0x00007f77841cfac0  136       3       jdk.internal.org.objectweb.asm.ByteVector::putShort (52 bytes)
Event: 0.053 Thread 0x00007f77841cfac0 nmethod 136 0x00007f776c8ed510 code [0x00007f776c8ed6c0, 0x00007f776c8ed8c0]
Event: 0.053 Thread 0x00007f77841cfac0  148       3       jdk.internal.org.objectweb.asm.Frame::push (109 bytes)
Event: 0.053 Thread 0x00007f77841cfac0 nmethod 148 0x00007f776c8eda10 code [0x00007f776c8edbe0, 0x00007f776c8ee180]
Event: 0.053 Thread 0x00007f77841cfac0  143       3       java.lang.StringLatin1::newString (24 bytes)
Event: 0.053 Thread 0x00007f77841cfac0 nmethod 143 0x00007f776c8ee390 code [0x00007f776c8ee540, 0x00007f776c8ee840]
Event: 0.053 Thread 0x00007f77841cfac0  132       3       java.lang.invoke.MemberName::testAllFlags (7 bytes)
Event: 0.053 Thread 0x00007f77841cfac0 nmethod 132 0x00007f776c8ee990 code [0x00007f776c8eeb20, 0x00007f776c8eecd0]
Event: 0.053 Thread 0x00007f77841cfac0  137       3       java.lang.String::getBytes (44 bytes)
Event: 0.053 Thread 0x00007f77841cfac0 nmethod 137 0x00007f776c8eed90 code [0x00007f776c8eef60, 0x00007f776c8ef230]
Event: 0.053 Thread 0x00007f77841cfac0  142       1       java.lang.invoke.LambdaForm$Name::type (5 bytes)
Event: 0.053 Thread 0x00007f77841cfac0 nmethod 142 0x00007f7773e05590 code [0x00007f7773e05720, 0x00007f7773e057d0]
Event: 0.053 Thread 0x00007f77841cfac0  134       1       java.lang.invoke.MethodType$ConcurrentWeakInternSet$WeakEntry::hashCode (5 bytes)
Event: 0.053 Thread 0x00007f77841cfac0 nmethod 134 0x00007f7773e05890 code [0x00007f7773e05a20, 0x00007f7773e05ad0]
Event: 0.054 Thread 0x00007f77841ce290  151       4       java.lang.String::isLatin1 (19 bytes)
Event: 0.054 Thread 0x00007f77841ce290 nmethod 151 0x00007f7773e05b90 code [0x00007f7773e05d00, 0x00007f7773e05d78]

GC Heap History (0 events):
No events

Deoptimization events (0 events):
No events

Classes unloaded (0 events):
No events

Classes redefined (0 events):
No events

Internal exceptions (0 events):
No events

Events (20 events):
Event: 0.043 loading class java/lang/invoke/BoundMethodHandle$Species_LL done
Event: 0.044 loading class java/lang/invoke/BoundMethodHandle$Species_LLL
Event: 0.044 loading class java/lang/invoke/BoundMethodHandle$Species_LLL done
Event: 0.045 loading class java/lang/invoke/BoundMethodHandle$Species_LLLL
Event: 0.045 loading class java/lang/invoke/BoundMethodHandle$Species_LLLL done
Event: 0.046 loading class java/lang/invoke/BoundMethodHandle$Species_LLLLL
Event: 0.046 loading class java/lang/invoke/BoundMethodHandle$Species_LLLLL done
Event: 0.047 loading class java/lang/invoke/BoundMethodHandle$Species_LLLLLL
Event: 0.047 loading class java/lang/invoke/BoundMethodHandle$Species_LLLLLL done
Event: 0.048 loading class java/lang/invoke/BoundMethodHandle$Species_LLLLLLL
Event: 0.048 loading class java/lang/invoke/BoundMethodHandle$Species_LLLLLLL done
Event: 0.049 loading class java/lang/invoke/BoundMethodHandle$Species_LJ
Event: 0.049 loading class java/lang/invoke/BoundMethodHandle$Species_LJ done
Event: 0.050 loading class java/lang/invoke/BoundMethodHandle$Species_LLLLLLLL
Event: 0.050 loading class java/lang/invoke/BoundMethodHandle$Species_LLLLLLLL done
Event: 0.051 loading class java/lang/invoke/BoundMethodHandle$Species_LLLLLLLLL
Event: 0.051 loading class java/lang/invoke/BoundMethodHandle$Species_LLLLLLLLL done
Event: 0.054 Loaded shared library /tmp/javasharedmem/libsharedmem.so
Event: 0.054 loading class java/lang/NoSuchFieldError
Event: 0.054 loading class java/lang/NoSuchFieldError done


Dynamic libraries:
707200000-716c00000 rw-p 00000000 00:00 0 
716c00000-7ffc00000 ---p 00000000 00:00 0 
7ffc00000-7ffd00000 rw-p 00000000 00:00 0 
7ffd00000-7ffd52000 rw-p 00bdc000 103:06 56624133                        /usr/lib/jvm/java-15-adoptopenjdk/lib/server/classes.jsa
7ffd52000-7ffe00000 rw-p 00000000 00:00 0 
7ffe00000-7ffe7c000 rw-p 00b60000 103:06 56624133                        /usr/lib/jvm/java-15-adoptopenjdk/lib/server/classes.jsa
7ffe7c000-800000000 rw-p 00000000 00:00 0 
800000000-800003000 rwxp 00001000 103:06 56624133                        /usr/lib/jvm/java-15-adoptopenjdk/lib/server/classes.jsa
800003000-8003e3000 rw-p 00004000 103:06 56624133                        /usr/lib/jvm/java-15-adoptopenjdk/lib/server/classes.jsa
8003e3000-800b2b000 r--p 003e4000 103:06 56624133                        /usr/lib/jvm/java-15-adoptopenjdk/lib/server/classes.jsa
800b2b000-800b2c000 ---p 00000000 00:00 0 
800b2c000-800bac000 rw-p 00000000 00:00 0 
800bac000-840b2c000 ---p 00000000 00:00 0 
5578d8200000-5578d8201000 r-xp 00000000 103:06 56623968                  /usr/lib/jvm/java-15-adoptopenjdk/bin/java
5578d8401000-5578d8402000 r--p 00001000 103:06 56623968                  /usr/lib/jvm/java-15-adoptopenjdk/bin/java
5578d8402000-5578d8403000 rw-p 00002000 103:06 56623968                  /usr/lib/jvm/java-15-adoptopenjdk/bin/java
5578d9e79000-5578d9e9a000 rw-p 00000000 00:00 0                          [heap]
7f7720000000-7f7720021000 rw-p 00000000 00:00 0 
7f7720021000-7f7724000000 ---p 00000000 00:00 0 
7f7724000000-7f7724021000 rw-p 00000000 00:00 0 
7f7724021000-7f7728000000 ---p 00000000 00:00 0 
7f7728000000-7f7728021000 rw-p 00000000 00:00 0 
7f7728021000-7f772c000000 ---p 00000000 00:00 0 
7f772c000000-7f772c021000 rw-p 00000000 00:00 0 
7f772c021000-7f7730000000 ---p 00000000 00:00 0 
7f7730000000-7f773008e000 rw-p 00000000 00:00 0 
7f773008e000-7f7734000000 ---p 00000000 00:00 0 
7f7734000000-7f7734190000 rw-p 00000000 00:00 0 
7f7734190000-7f7738000000 ---p 00000000 00:00 0 
7f7738000000-7f7738021000 rw-p 00000000 00:00 0 
7f7738021000-7f773c000000 ---p 00000000 00:00 0 
7f773c000000-7f773c021000 rw-p 00000000 00:00 0 
7f773c021000-7f7740000000 ---p 00000000 00:00 0 
7f7740000000-7f7740021000 rw-p 00000000 00:00 0 
7f7740021000-7f7744000000 ---p 00000000 00:00 0 
7f7744000000-7f7744021000 rw-p 00000000 00:00 0 
7f7744021000-7f7748000000 ---p 00000000 00:00 0 
7f7748000000-7f7748021000 rw-p 00000000 00:00 0 
7f7748021000-7f774c000000 ---p 00000000 00:00 0 
7f774c000000-7f774c021000 rw-p 00000000 00:00 0 
7f774c021000-7f7750000000 ---p 00000000 00:00 0 
7f7750000000-7f7750021000 rw-p 00000000 00:00 0 
7f7750021000-7f7754000000 ---p 00000000 00:00 0 
7f775439e000-7f7754437000 r--p 00000000 103:06 37753003                  /usr/lib/libstdc++.so.6.0.29
7f7754437000-7f7754537000 r-xp 00099000 103:06 37753003                  /usr/lib/libstdc++.so.6.0.29
7f7754537000-7f77545a3000 r--p 00199000 103:06 37753003                  /usr/lib/libstdc++.so.6.0.29
7f77545a3000-7f77545b0000 r--p 00204000 103:06 37753003                  /usr/lib/libstdc++.so.6.0.29
7f77545b0000-7f77545b1000 rw-p 00211000 103:06 37753003                  /usr/lib/libstdc++.so.6.0.29
7f77545b1000-7f77545b4000 rw-p 00000000 00:00 0 
7f77545de000-7f77545e5000 r-xp 00000000 103:06 56624123                  /usr/lib/jvm/java-15-adoptopenjdk/lib/libzip.so
7f77545e5000-7f77547e5000 ---p 00007000 103:06 56624123                  /usr/lib/jvm/java-15-adoptopenjdk/lib/libzip.so
7f77547e5000-7f77547e6000 r--p 00007000 103:06 56624123                  /usr/lib/jvm/java-15-adoptopenjdk/lib/libzip.so
7f77547e6000-7f77547e7000 rw-p 00008000 103:06 56624123                  /usr/lib/jvm/java-15-adoptopenjdk/lib/libzip.so
7f77547e7000-7f77547fb000 r-xp 00000000 103:06 56624114                  /usr/lib/jvm/java-15-adoptopenjdk/lib/libnet.so
7f77547fb000-7f77549fb000 ---p 00014000 103:06 56624114                  /usr/lib/jvm/java-15-adoptopenjdk/lib/libnet.so
7f77549fb000-7f77549fc000 r--p 00014000 103:06 56624114                  /usr/lib/jvm/java-15-adoptopenjdk/lib/libnet.so
7f77549fc000-7f77549fd000 rw-p 00015000 103:06 56624114                  /usr/lib/jvm/java-15-adoptopenjdk/lib/libnet.so
7f77549fd000-7f7754a0e000 r-xp 00000000 103:06 56624115                  /usr/lib/jvm/java-15-adoptopenjdk/lib/libnio.so
7f7754a0e000-7f7754c0d000 ---p 00011000 103:06 56624115                  /usr/lib/jvm/java-15-adoptopenjdk/lib/libnio.so
7f7754c0d000-7f7754c0e000 r--p 00010000 103:06 56624115                  /usr/lib/jvm/java-15-adoptopenjdk/lib/libnio.so
7f7754c0e000-7f7754c0f000 rw-p 00011000 103:06 56624115                  /usr/lib/jvm/java-15-adoptopenjdk/lib/libnio.so
7f7754c0f000-7f7754c13000 ---p 00000000 00:00 0 
7f7754c13000-7f7754d10000 rw-p 00000000 00:00 0 
7f7754d10000-7f7754d11000 ---p 00000000 00:00 0 
7f7754d11000-7f7754e12000 rw-p 00000000 00:00 0 
7f7754e12000-7f7754e16000 ---p 00000000 00:00 0 
7f7754e16000-7f7754f13000 rw-p 00000000 00:00 0 
7f7754f13000-7f7754f17000 ---p 00000000 00:00 0 
7f7754f17000-7f7755014000 rw-p 00000000 00:00 0 
7f7755014000-7f7755018000 ---p 00000000 00:00 0 
7f7755018000-7f7755115000 rw-p 00000000 00:00 0 
7f7755115000-7f7755119000 ---p 00000000 00:00 0 
7f7755119000-7f7755216000 rw-p 00000000 00:00 0 
7f7755216000-7f775521a000 ---p 00000000 00:00 0 
7f775521a000-7f7755317000 rw-p 00000000 00:00 0 
7f7755317000-7f775531b000 ---p 00000000 00:00 0 
7f775531b000-7f7755418000 rw-p 00000000 00:00 0 
7f7755418000-7f77556ff000 r--p 00000000 103:06 37804465                  /usr/lib/locale/locale-archive
7f77556ff000-7f7755703000 ---p 00000000 00:00 0 
7f7755703000-7f7755c40000 rw-p 00000000 00:00 0 
7f7755c40000-7f7756000000 ---p 00000000 00:00 0 
7f7756000000-7f7758000000 rw-p 00000000 00:00 0 
7f7758000000-7f7758021000 rw-p 00000000 00:00 0 
7f7758021000-7f775c000000 ---p 00000000 00:00 0 
7f775c000000-7f775c021000 rw-p 00000000 00:00 0 
7f775c021000-7f7760000000 ---p 00000000 00:00 0 
7f7760000000-7f7760021000 rw-p 00000000 00:00 0 
7f7760021000-7f7764000000 ---p 00000000 00:00 0 
7f776400d000-7f7764010000 r--p 00000000 103:06 37752971                  /usr/lib/libgcc_s.so.1
7f7764010000-7f7764022000 r-xp 00003000 103:06 37752971                  /usr/lib/libgcc_s.so.1
7f7764022000-7f7764025000 r--p 00015000 103:06 37752971                  /usr/lib/libgcc_s.so.1
7f7764025000-7f7764026000 ---p 00018000 103:06 37752971                  /usr/lib/libgcc_s.so.1
7f7764026000-7f7764027000 r--p 00018000 103:06 37752971                  /usr/lib/libgcc_s.so.1
7f7764027000-7f7764028000 rw-p 00019000 103:06 37752971                  /usr/lib/libgcc_s.so.1
7f7764028000-7f776402d000 r--p 00000000 00:23 7998                       /tmp/javasharedmem/libsharedmem.so
7f776402d000-7f7764031000 r-xp 00005000 00:23 7998                       /tmp/javasharedmem/libsharedmem.so
7f7764031000-7f7764033000 r--p 00009000 00:23 7998                       /tmp/javasharedmem/libsharedmem.so
7f7764033000-7f7764034000 r--p 0000a000 00:23 7998                       /tmp/javasharedmem/libsharedmem.so
7f7764034000-7f7764035000 rw-p 0000b000 00:23 7998                       /tmp/javasharedmem/libsharedmem.so
7f7764035000-7f7764039000 ---p 00000000 00:00 0 
7f7764039000-7f7764136000 rw-p 00000000 00:00 0 
7f7764136000-7f7764137000 ---p 00000000 00:00 0 
7f7764137000-7f77642b9000 rw-p 00000000 00:00 0 
7f77642b9000-7f77642ba000 ---p 00000000 00:00 0 
7f77642ba000-7f77643bb000 rw-p 00000000 00:00 0 
7f77643bb000-7f77643bc000 ---p 00000000 00:00 0 
7f77643bc000-7f7764aa7000 rw-p 00000000 00:00 0 
7f7764aa7000-7f77684e7000 ---p 00000000 00:00 0 
7f77684e7000-7f77688df000 rw-p 00000000 00:00 0 
7f77688df000-7f776c31f000 ---p 00000000 00:00 0 
7f776c31f000-7f776c32f000 rw-p 00000000 00:00 0 
7f776c32f000-7f776c59f000 rwxp 00000000 00:00 0 
7f776c59f000-7f776c8c1000 ---p 00000000 00:00 0 
7f776c8c1000-7f776cb31000 rwxp 00000000 00:00 0 
7f776cb31000-7f7773df8000 ---p 00000000 00:00 0 
7f7773df8000-7f7774068000 rwxp 00000000 00:00 0 
7f7774068000-7f777b32f000 ---p 00000000 00:00 0 
7f777b32f000-7f7784000000 r--s 00000000 103:06 56624124                  /usr/lib/jvm/java-15-adoptopenjdk/lib/modules
7f7784000000-7f77842e2000 rw-p 00000000 00:00 0 
7f77842e2000-7f7788000000 ---p 00000000 00:00 0 
7f778800c000-7f77888b0000 rw-p 00000000 00:00 0 
7f77888b0000-7f77888b1000 ---p 00000000 00:00 0 
7f77888b1000-7f77889b2000 rw-p 00000000 00:00 0 
7f77889b2000-7f77889b3000 ---p 00000000 00:00 0 
7f77889b3000-7f7788ab4000 rw-p 00000000 00:00 0 
7f7788ab4000-7f7788ab5000 ---p 00000000 00:00 0 
7f7788ab5000-7f7788cb4000 rw-p 00000000 00:00 0 
7f7788cb4000-7f77893fc000 ---p 00000000 00:00 0 
7f77893fc000-7f778947b000 rw-p 00000000 00:00 0 
7f778947b000-7f7789bc3000 ---p 00000000 00:00 0 
7f7789bc3000-7f7789c42000 rw-p 00000000 00:00 0 
7f7789c42000-7f778a38a000 ---p 00000000 00:00 0 
7f778a38a000-7f778ad9b000 rw-p 00000000 00:00 0 
7f778ad9b000-7f778ae81000 ---p 00000000 00:00 0 
7f778ae81000-7f778ae86000 rw-p 00000000 00:00 0 
7f778ae86000-7f778af6c000 ---p 00000000 00:00 0 
7f778af6c000-7f778af71000 rw-p 00000000 00:00 0 
7f778af71000-7f778af78000 ---p 00000000 00:00 0 
7f778af78000-7f778af9c000 r-xp 00000000 103:06 56624101                  /usr/lib/jvm/java-15-adoptopenjdk/lib/libjava.so
7f778af9c000-7f778b19b000 ---p 00024000 103:06 56624101                  /usr/lib/jvm/java-15-adoptopenjdk/lib/libjava.so
7f778b19b000-7f778b19c000 r--p 00023000 103:06 56624101                  /usr/lib/jvm/java-15-adoptopenjdk/lib/libjava.so
7f778b19c000-7f778b19d000 rw-p 00024000 103:06 56624101                  /usr/lib/jvm/java-15-adoptopenjdk/lib/libjava.so
7f778b19d000-7f778b19e000 rw-p 00000000 00:00 0 
7f778b19e000-7f778b1b9000 r-xp 00000000 103:06 56624105                  /usr/lib/jvm/java-15-adoptopenjdk/lib/libjimage.so
7f778b1b9000-7f778b3b8000 ---p 0001b000 103:06 56624105                  /usr/lib/jvm/java-15-adoptopenjdk/lib/libjimage.so
7f778b3b8000-7f778b3ba000 r--p 0001a000 103:06 56624105                  /usr/lib/jvm/java-15-adoptopenjdk/lib/libjimage.so
7f778b3ba000-7f778b3bb000 rw-p 0001c000 103:06 56624105                  /usr/lib/jvm/java-15-adoptopenjdk/lib/libjimage.so
7f778b3bb000-7f778b3be000 r--p 00000000 103:06 37752233                  /usr/lib/librt-2.33.so
7f778b3be000-7f778b3c2000 r-xp 00003000 103:06 37752233                  /usr/lib/librt-2.33.so
7f778b3c2000-7f778b3c4000 r--p 00007000 103:06 37752233                  /usr/lib/librt-2.33.so
7f778b3c4000-7f778b3c5000 r--p 00008000 103:06 37752233                  /usr/lib/librt-2.33.so
7f778b3c5000-7f778b3c6000 rw-p 00009000 103:06 37752233                  /usr/lib/librt-2.33.so
7f778b3c6000-7f778b3ca000 ---p 00000000 00:00 0 
7f778b3ca000-7f778b4c7000 rw-p 00000000 00:00 0 
7f778b4c7000-7f778b4d6000 r--p 00000000 103:06 37752191                  /usr/lib/libm-2.33.so
7f778b4d6000-7f778b570000 r-xp 0000f000 103:06 37752191                  /usr/lib/libm-2.33.so
7f778b570000-7f778b608000 r--p 000a9000 103:06 37752191                  /usr/lib/libm-2.33.so
7f778b608000-7f778b609000 ---p 00141000 103:06 37752191                  /usr/lib/libm-2.33.so
7f778b609000-7f778b60a000 r--p 00141000 103:06 37752191                  /usr/lib/libm-2.33.so
7f778b60a000-7f778b60b000 rw-p 00142000 103:06 37752191                  /usr/lib/libm-2.33.so
7f778b60b000-7f778c7f7000 r-xp 00000000 103:06 56624136                  /usr/lib/jvm/java-15-adoptopenjdk/lib/server/libjvm.so
7f778c7f7000-7f778c9f7000 ---p 011ec000 103:06 56624136                  /usr/lib/jvm/java-15-adoptopenjdk/lib/server/libjvm.so
7f778c9f7000-7f778ca94000 r--p 011ec000 103:06 56624136                  /usr/lib/jvm/java-15-adoptopenjdk/lib/server/libjvm.so
7f778ca94000-7f778cacd000 rw-p 01289000 103:06 56624136                  /usr/lib/jvm/java-15-adoptopenjdk/lib/server/libjvm.so
7f778cacd000-7f778cb58000 rw-p 00000000 00:00 0 
7f778cb58000-7f778cb7e000 r--p 00000000 103:06 37752176                  /usr/lib/libc-2.33.so
7f778cb7e000-7f778ccc9000 r-xp 00026000 103:06 37752176                  /usr/lib/libc-2.33.so
7f778ccc9000-7f778cd15000 r--p 00171000 103:06 37752176                  /usr/lib/libc-2.33.so
7f778cd15000-7f778cd18000 r--p 001bc000 103:06 37752176                  /usr/lib/libc-2.33.so
7f778cd18000-7f778cd1b000 rw-p 001bf000 103:06 37752176                  /usr/lib/libc-2.33.so
7f778cd1b000-7f778cd24000 rw-p 00000000 00:00 0 
7f778cd24000-7f778cd26000 r--p 00000000 103:06 37752184                  /usr/lib/libdl-2.33.so
7f778cd26000-7f778cd28000 r-xp 00002000 103:06 37752184                  /usr/lib/libdl-2.33.so
7f778cd28000-7f778cd29000 r--p 00004000 103:06 37752184                  /usr/lib/libdl-2.33.so
7f778cd29000-7f778cd2a000 r--p 00004000 103:06 37752184                  /usr/lib/libdl-2.33.so
7f778cd2a000-7f778cd2b000 rw-p 00005000 103:06 37752184                  /usr/lib/libdl-2.33.so
7f778cd2b000-7f778cd32000 r--p 00000000 103:06 37752224                  /usr/lib/libpthread-2.33.so
7f778cd32000-7f778cd41000 r-xp 00007000 103:06 37752224                  /usr/lib/libpthread-2.33.so
7f778cd41000-7f778cd45000 r--p 00016000 103:06 37752224                  /usr/lib/libpthread-2.33.so
7f778cd45000-7f778cd46000 ---p 0001a000 103:06 37752224                  /usr/lib/libpthread-2.33.so
7f778cd46000-7f778cd47000 r--p 0001a000 103:06 37752224                  /usr/lib/libpthread-2.33.so
7f778cd47000-7f778cd48000 rw-p 0001b000 103:06 37752224                  /usr/lib/libpthread-2.33.so
7f778cd48000-7f778cd4c000 rw-p 00000000 00:00 0 
7f778cd4c000-7f778cd5b000 r-xp 00000000 103:06 56624106                  /usr/lib/jvm/java-15-adoptopenjdk/lib/libjli.so
7f778cd5b000-7f778cf5b000 ---p 0000f000 103:06 56624106                  /usr/lib/jvm/java-15-adoptopenjdk/lib/libjli.so
7f778cf5b000-7f778cf5c000 r--p 0000f000 103:06 56624106                  /usr/lib/jvm/java-15-adoptopenjdk/lib/libjli.so
7f778cf5c000-7f778cf5d000 rw-p 00010000 103:06 56624106                  /usr/lib/jvm/java-15-adoptopenjdk/lib/libjli.so
7f778cf5d000-7f778cf60000 r--p 00000000 103:06 37757757                  /usr/lib/libz.so.1.2.11
7f778cf60000-7f778cf6e000 r-xp 00003000 103:06 37757757                  /usr/lib/libz.so.1.2.11
7f778cf6e000-7f778cf74000 r--p 00011000 103:06 37757757                  /usr/lib/libz.so.1.2.11
7f778cf74000-7f778cf75000 ---p 00017000 103:06 37757757                  /usr/lib/libz.so.1.2.11
7f778cf75000-7f778cf76000 r--p 00017000 103:06 37757757                  /usr/lib/libz.so.1.2.11
7f778cf76000-7f778cf77000 rw-p 00018000 103:06 37757757                  /usr/lib/libz.so.1.2.11
7f778cf77000-7f778cf79000 rw-p 00000000 00:00 0 
7f778cf7f000-7f778cf80000 r--p 00000000 103:06 37783717                  /usr/lib/libboost_system.so.1.76.0
7f778cf80000-7f778cf81000 r-xp 00001000 103:06 37783717                  /usr/lib/libboost_system.so.1.76.0
7f778cf81000-7f778cf82000 r--p 00002000 103:06 37783717                  /usr/lib/libboost_system.so.1.76.0
7f778cf82000-7f778cf83000 r--p 00002000 103:06 37783717                  /usr/lib/libboost_system.so.1.76.0
7f778cf83000-7f778cf84000 rw-p 00003000 103:06 37783717                  /usr/lib/libboost_system.so.1.76.0
7f778cf84000-7f778cf8c000 rw-s 00000000 00:23 7999                       /tmp/hsperfdata_max/27375
7f778cf8c000-7f778cf8f000 r--p 00000000 103:06 37752214                  /usr/lib/libnss_files-2.33.so
7f778cf8f000-7f778cf96000 r-xp 00003000 103:06 37752214                  /usr/lib/libnss_files-2.33.so
7f778cf96000-7f778cf98000 r--p 0000a000 103:06 37752214                  /usr/lib/libnss_files-2.33.so
7f778cf98000-7f778cf99000 r--p 0000b000 103:06 37752214                  /usr/lib/libnss_files-2.33.so
7f778cf99000-7f778cf9a000 rw-p 0000c000 103:06 37752214                  /usr/lib/libnss_files-2.33.so
7f778cf9a000-7f778cfa0000 rw-p 00000000 00:00 0 
7f778cfa0000-7f778cfa1000 ---p 00000000 00:00 0 
7f778cfa1000-7f778cfa2000 r--p 00000000 00:00 0 
7f778cfa2000-7f778cfa3000 ---p 00000000 00:00 0 
7f778cfa3000-7f778cfa4000 r--p 00000000 103:06 37752164                  /usr/lib/ld-2.33.so
7f778cfa4000-7f778cfc8000 r-xp 00001000 103:06 37752164                  /usr/lib/ld-2.33.so
7f778cfc8000-7f778cfd1000 r--p 00025000 103:06 37752164                  /usr/lib/ld-2.33.so
7f778cfd1000-7f778cfd3000 r--p 0002d000 103:06 37752164                  /usr/lib/ld-2.33.so
7f778cfd3000-7f778cfd5000 rw-p 0002f000 103:06 37752164                  /usr/lib/ld-2.33.so
7ffd11b50000-7ffd11b71000 rw-p 00000000 00:00 0                          [stack]
7ffd11bc6000-7ffd11bca000 r--p 00000000 00:00 0                          [vvar]
7ffd11bca000-7ffd11bcc000 r-xp 00000000 00:00 0                          [vdso]
ffffffffff600000-ffffffffff601000 --xp 00000000 00:00 0                  [vsyscall]


VM Arguments:
java_command: target/sharedmem-1.0.0.jar
java_class_path (initial): target/sharedmem-1.0.0.jar
Launcher Type: SUN_STANDARD

[Global flags]
     intx CICompilerCount                          = 4                                         {product} {ergonomic}
     uint ConcGCThreads                            = 3                                         {product} {ergonomic}
     uint G1ConcRefinementThreads                  = 10                                        {product} {ergonomic}
   size_t G1HeapRegionSize                         = 2097152                                   {product} {ergonomic}
    uintx GCDrainStackTargetSize                   = 64                                        {product} {ergonomic}
   size_t InitialHeapSize                          = 262144000                                 {product} {ergonomic}
   size_t MarkStackSize                            = 4194304                                   {product} {ergonomic}
   size_t MaxHeapSize                              = 4175429632                                {product} {ergonomic}
   size_t MaxNewSize                               = 2503999488                                {product} {ergonomic}
   size_t MinHeapDeltaBytes                        = 2097152                                   {product} {ergonomic}
   size_t MinHeapSize                              = 8388608                                   {product} {ergonomic}
    uintx NonNMethodCodeHeapSize                   = 5839372                                {pd product} {ergonomic}
    uintx NonProfiledCodeHeapSize                  = 122909434                              {pd product} {ergonomic}
    uintx ProfiledCodeHeapSize                     = 122909434                              {pd product} {ergonomic}
    uintx ReservedCodeCacheSize                    = 251658240                              {pd product} {ergonomic}
     bool SegmentedCodeCache                       = true                                      {product} {ergonomic}
   size_t SoftMaxHeapSize                          = 4175429632                             {manageable} {ergonomic}
     bool UseCompressedClassPointers               = true                                 {lp64_product} {ergonomic}
     bool UseCompressedOops                        = true                                 {lp64_product} {ergonomic}
     bool UseG1GC                                  = true                                      {product} {ergonomic}

Logging:
Log output configuration:
 #0: stdout all=warning uptime,level,tags
 #1: stderr all=off uptime,level,tags

Environment Variables:
PATH=/usr/local/sbin:/usr/local/bin:/usr/bin:/opt/cuda/bin:/opt/cuda/nsight_compute:/opt/cuda/nsight_systems/bin:/home/max/.dotnet/tools:/usr/lib/jvm/default/bin:/usr/bin/site_perl:/usr/bin/vendor_perl:/usr/bin/core_perl:/var/lib/snapd/snap/bin:/home/max/.local/bin:/home/max/.local/bin
SHELL=/usr/bin/zsh
DISPLAY=:0
LANG=en_US.UTF-8

Signal Handlers:
SIGSEGV: [libjvm.so+0xec40d0], sa_mask[0]=11111111011111111101111111111110, sa_flags=SA_RESTART|SA_SIGINFO
SIGBUS: [libjvm.so+0xec40d0], sa_mask[0]=11111111011111111101111111111110, sa_flags=SA_RESTART|SA_SIGINFO
SIGFPE: [libjvm.so+0xec40d0], sa_mask[0]=11111111011111111101111111111110, sa_flags=SA_RESTART|SA_SIGINFO
SIGPIPE: [libjvm.so+0xbbcca0], sa_mask[0]=11111111011111111101111111111110, sa_flags=SA_RESTART|SA_SIGINFO
SIGXFSZ: [libjvm.so+0xbbcca0], sa_mask[0]=11111111011111111101111111111110, sa_flags=SA_RESTART|SA_SIGINFO
SIGILL: [libjvm.so+0xec40d0], sa_mask[0]=11111111011111111101111111111110, sa_flags=SA_RESTART|SA_SIGINFO
SIGUSR2: [libjvm.so+0xbbcb40], sa_mask[0]=00000000000000000000000000000000, sa_flags=SA_RESTART|SA_SIGINFO
SIGHUP: [libjvm.so+0xbbd260], sa_mask[0]=11111111011111111101111111111110, sa_flags=SA_RESTART|SA_SIGINFO
SIGINT: [libjvm.so+0xbbd260], sa_mask[0]=11111111011111111101111111111110, sa_flags=SA_RESTART|SA_SIGINFO
SIGTERM: [libjvm.so+0xbbd260], sa_mask[0]=11111111011111111101111111111110, sa_flags=SA_RESTART|SA_SIGINFO
SIGQUIT: [libjvm.so+0xbbd260], sa_mask[0]=11111111011111111101111111111110, sa_flags=SA_RESTART|SA_SIGINFO


---------------  S Y S T E M  ---------------

OS:
LSB_VERSION=1.4
DISTRIB_ID=Arch
DISTRIB_RELEASE=rolling
DISTRIB_DESCRIPTION="Arch Linux"
uname: Linux 5.13.8-arch1-1 #1 SMP PREEMPT Wed, 04 Aug 2021 16:57:44 +0000 x86_64
OS uptime: 0 days 4:21 hours
libc: glibc 2.33 NPTL 2.33 
rlimit (soft/hard): STACK 8192k/infinity , CORE infinity/infinity , NPROC 63600/63600 , NOFILE 524288/524288 , AS infinity/infinity , CPU infinity/infinity , DATA infinity/infinity , FSIZE infinity/infinity , MEMLOCK 64k/64k
load average: 2.78 1.69 1.51

/proc/meminfo:
MemTotal:       16306308 kB
MemFree:         1959440 kB
MemAvailable:    7228456 kB
Buffers:          849608 kB
Cached:          4938256 kB
SwapCached:         9612 kB
Active:          3239976 kB
Inactive:        9964752 kB
Active(anon):     390908 kB
Inactive(anon):  7460164 kB
Active(file):    2849068 kB
Inactive(file):  2504588 kB
Unevictable:         112 kB
Mlocked:             112 kB
SwapTotal:        524284 kB
SwapFree:          32784 kB
Dirty:             11632 kB
Writeback:             0 kB
AnonPages:       7407824 kB
Mapped:          2013656 kB
Shmem:            436324 kB
KReclaimable:     251780 kB
Slab:             473236 kB
SReclaimable:     251780 kB
SUnreclaim:       221456 kB
KernelStack:       23116 kB
PageTables:        78664 kB
NFS_Unstable:          0 kB
Bounce:                0 kB
WritebackTmp:          0 kB
CommitLimit:     8677436 kB
Committed_AS:   19893592 kB
VmallocTotal:   34359738367 kB
VmallocUsed:      103940 kB
VmallocChunk:          0 kB
Percpu:            18432 kB
HardwareCorrupted:     0 kB
AnonHugePages:         0 kB
ShmemHugePages:        0 kB
ShmemPmdMapped:        0 kB
FileHugePages:         0 kB
FilePmdMapped:         0 kB
CmaTotal:              0 kB
CmaFree:               0 kB
HugePages_Total:       0
HugePages_Free:        0
HugePages_Rsvd:        0
HugePages_Surp:        0
Hugepagesize:       2048 kB
Hugetlb:               0 kB
DirectMap4k:     1494416 kB
DirectMap2M:    15206400 kB
DirectMap1G:           0 kB

/sys/kernel/mm/transparent_hugepage/enabled: always [madvise] never
/sys/kernel/mm/transparent_hugepage/defrag (defrag/compaction efforts parameter): always defer defer+madvise [madvise] never

/proc/sys/kernel/threads-max (system-wide limit on the number of threads): 127201
/proc/sys/vm/max_map_count (maximum number of memory map areas a process may have): 65530
/proc/sys/kernel/pid_max (system-wide limit on number of process identifiers): 4194304

container (cgroup) information:
container_type: cgroupv2
cpu_cpuset_cpus: not supported
cpu_memory_nodes: not supported
active_processor_count: 12
cpu_quota: not supported
cpu_period: not supported
cpu_shares: not supported
memory_limit_in_bytes: unlimited
memory_and_swap_limit_in_bytes: unlimited
memory_soft_limit_in_bytes: unlimited
memory_usage_in_bytes: 10691461120
memory_max_usage_in_bytes: not supported

Steal ticks since vm start: 0
Steal ticks percentage since vm start:  0.000

CPU: total 12 (initial active 12) (12 cores per cpu, 2 threads per core) family 23 model 113 stepping 0 microcode 0x8701021, cmov, cx8, fxsr, mmx, sse, sse2, sse3, ssse3, sse4.1, sse4.2, popcnt, vzeroupper, avx, avx2, aes, clmul, 3dnowpref, lzcnt, sse4a, ht, tsc, tscinvbit, tscinv, bmi1, bmi2, adx, sha, fma, clflush, clflushopt
CPU Model and flags from /proc/cpuinfo:
model name	: AMD Ryzen 5 3600X 6-Core Processor
flags		: fpu vme de pse tsc msr pae mce cx8 apic sep mtrr pge mca cmov pat pse36 clflush mmx fxsr sse sse2 ht syscall nx mmxext fxsr_opt pdpe1gb rdtscp lm constant_tsc rep_good nopl nonstop_tsc cpuid extd_apicid aperfmperf pni pclmulqdq monitor ssse3 fma cx16 sse4_1 sse4_2 movbe popcnt aes xsave avx f16c rdrand lahf_lm cmp_legacy svm extapic cr8_legacy abm sse4a misalignsse 3dnowprefetch osvw ibs skinit wdt tce topoext perfctr_core perfctr_nb bpext perfctr_llc mwaitx cpb cat_l3 cdp_l3 hw_pstate ssbd mba ibpb stibp vmmcall fsgsbase bmi1 avx2 smep bmi2 cqm rdt_a rdseed adx smap clflushopt clwb sha_ni xsaveopt xsavec xgetbv1 xsaves cqm_llc cqm_occup_llc cqm_mbm_total cqm_mbm_local clzero irperf xsaveerptr rdpru wbnoinvd arat npt lbrv svm_lock nrip_save tsc_scale vmcb_clean flushbyasid decodeassists pausefilter pfthreshold avic v_vmsave_vmload vgif v_spec_ctrl umip rdpid overflow_recov succor smca sme sev sev_es

Online cpus: 0-11
Offline cpus: 12-31
BIOS frequency limitation: 3800000
Frequency switch latency (ns): 0
Available cpu frequencies: 3800000 2800000 2200000 
Current governor: schedutil
Core performance/turbo boost: 1

Memory: 4k page, physical 16306308k(1959440k free), swap 524284k(32784k free)

vm_info: OpenJDK 64-Bit Server VM (15.0.2+7) for linux-amd64 JRE (15.0.2+7), built on Jan 21 2021 11:55:36 by "" with gcc 7.5.0

END.
